21-10-20 11:02:32 | {'alpha': 0.9, 'batchsize': 64, 'checkpoint': '', 'contrast_th': 0.8, 'dataset': 'CIFAR10', 'device': 1, 'ema_m': 0.999, 'eval_ema': True, 'exp_dir': 'CoMatch', 'lam_c': 1, 'lam_u': 1.0, 'low_dim': 64, 'lr': 0.03, 'momentum': 0.9, 'mu': 7, 'n_classes': 10, 'n_epoches': 512, 'n_imgs_per_epoch': 65536, 'n_labeled': 40, 'queue_batch': 5, 'root': '/home/yanghaozhe/.cache/lumo', 'seed': 10, 'temperature': 0.2, 'thr': 0.95, 'weight_decay': 0.0005, 'wresnet_k': 2, 'wresnet_n': 28}
21-10-20 11:02:32 | ***** Running training *****
21-10-20 11:02:32 |   Task = CIFAR10@40
21-10-20 11:02:36 | Total params: 1.49M
21-10-20 11:02:36 | -----------start training--------------
21-10-20 11:03:07 | Pm: 0.0027 | Ax: 0.7029 | um: 0.0017 | Au: 0.1988 | Aum: 0.4738
21-10-20 11:03:36 | Pm: 0.0058 | Ax: 0.8489 | um: 0.0186 | Au: 0.2150 | Aum: 0.4550
21-10-20 11:04:05 | Pm: 0.0082 | Ax: 0.8993 | um: 0.0323 | Au: 0.2206 | Aum: 0.4360
21-10-20 11:04:35 | Pm: 0.0096 | Ax: 0.9244 | um: 0.0400 | Au: 0.2264 | Aum: 0.4285
21-10-20 11:05:04 | Pm: 0.0105 | Ax: 0.9396 | um: 0.0438 | Au: 0.2307 | Aum: 0.4377
21-10-20 11:05:34 | Pm: 0.0110 | Ax: 0.9496 | um: 0.0464 | Au: 0.2336 | Aum: 0.4390
21-10-20 11:06:03 | Pm: 0.0112 | Ax: 0.9568 | um: 0.0476 | Au: 0.2361 | Aum: 0.4397
21-10-20 11:06:33 | Pm: 0.0116 | Ax: 0.9618 | um: 0.0495 | Au: 0.2394 | Aum: 0.4452
21-10-20 11:07:02 | Pm: 0.0117 | Ax: 0.9660 | um: 0.0505 | Au: 0.2417 | Aum: 0.4489
21-10-20 11:07:32 | Pm: 0.0119 | Ax: 0.9694 | um: 0.0518 | Au: 0.2444 | Aum: 0.4525
21-10-20 11:08:01 | Pm: 0.0120 | Ax: 0.9721 | um: 0.0531 | Au: 0.2463 | Aum: 0.4575
21-10-20 11:08:31 | Pm: 0.0121 | Ax: 0.9745 | um: 0.0543 | Au: 0.2489 | Aum: 0.4641
21-10-20 11:09:00 | Pm: 0.0121 | Ax: 0.9764 | um: 0.0546 | Au: 0.2518 | Aum: 0.4744
21-10-20 11:09:30 | Pm: 0.0122 | Ax: 0.9781 | um: 0.0559 | Au: 0.2547 | Aum: 0.4836
21-10-20 11:09:59 | Pm: 0.0123 | Ax: 0.9796 | um: 0.0577 | Au: 0.2575 | Aum: 0.4912
21-10-20 11:10:29 | Pm: 0.0124 | Ax: 0.9809 | um: 0.0600 | Au: 0.2608 | Aum: 0.4997
21-10-20 11:10:31 | A1: 1926.0000 | A5: 6598.0000 | Ae1: 2242.0000 | Ae5: 6739.0000
21-10-20 11:10:31 | Epoch 0. Acc: 12.2675. Ema-Acc: 14.2803. best_acc: 12.2675 in epoch0
21-10-20 11:11:01 | Pm: 0.0144 | Ax: 1.00000000 | um: 0.0985 | Au: 0.3116 | Aum: 0.6124
21-10-20 11:11:31 | Pm: 0.0148 | Ax: 1.0000000000 | um: 0.1027 | Au: 0.3158 | Aum: 0.6179
21-10-20 11:12:00 | Pm: 0.0149 | Ax: 1.0000000000 | um: 0.1047 | Au: 0.3203 | Aum: 0.6278
21-10-20 11:12:30 | Pm: 0.0149 | Ax: 1.0000000000 | um: 0.1064 | Au: 0.3224 | Aum: 0.6321
21-10-20 11:12:59 | Pm: 0.0151 | Ax: 1.0000000000 | um: 0.1089 | Au: 0.3251 | Aum: 0.6330
21-10-20 11:13:29 | Pm: 0.0152 | Ax: 0.9999593099 | um: 0.1123 | Au: 0.3271 | Aum: 0.6321
21-10-20 11:13:58 | Pm: 0.0154 | Ax: 0.9999651228 | um: 0.1157 | Au: 0.3305 | Aum: 0.6329
21-10-20 11:14:28 | Pm: 0.0155 | Ax: 0.9999694824 | um: 0.1186 | Au: 0.3331 | Aum: 0.6316
21-10-20 11:14:57 | Pm: 0.0155 | Ax: 0.9999728733 | um: 0.1210 | Au: 0.3357 | Aum: 0.6323
21-10-20 11:15:27 | Pm: 0.0157 | Ax: 0.9999755859 | um: 0.1243 | Au: 0.3384 | Aum: 0.6332
21-10-20 11:15:56 | Pm: 0.0157 | Ax: 0.999645 | um: 0.1257 | Au: 0.3402 | Aum: 0.6348
21-10-20 11:16:25 | Pm: 0.0157 | Ax: 0.9996744792 | um: 0.1278 | Au: 0.3422 | Aum: 0.6360
21-10-20 11:16:55 | Pm: 0.0159 | Ax: 0.9996995192 | um: 0.1310 | Au: 0.3444 | Aum: 0.6363
21-10-20 11:17:24 | Pm: 0.0160 | Ax: 0.9997209821 | um: 0.1339 | Au: 0.3470 | Aum: 0.6381
21-10-20 11:17:54 | Pm: 0.0161 | Ax: 0.9997395833 | um: 0.1365 | Au: 0.3491 | Aum: 0.6396
21-10-20 11:18:24 | Pm: 0.0164 | Ax: 0.9997558594 | um: 0.1400 | Au: 0.3517 | Aum: 0.6414
21-10-20 11:18:26 | A1: 2279.0000 | A5: 7446.0000 | Ae1: 3179.0000 | Ae5: 7825.0000
21-10-20 11:18:26 | Epoch 1. Acc: 14.5159. Ema-Acc: 20.2484. best_acc: 14.5159 in epoch1
21-10-20 11:18:57 | Pm: 0.0200 | Ax: 1.00000000 | um: 0.1870 | Au: 0.3845 | Aum: 0.6483
21-10-20 11:19:26 | Pm: 0.0201 | Ax: 1.0000000000 | um: 0.1915 | Au: 0.3838 | Aum: 0.6476
21-10-20 11:19:56 | Pm: 0.0205 | Ax: 1.0000000000 | um: 0.1963 | Au: 0.3854 | Aum: 0.6393
21-10-20 11:20:25 | Pm: 0.0210 | Ax: 1.0000000000 | um: 0.2013 | Au: 0.3882 | Aum: 0.6418
21-10-20 11:20:55 | Pm: 0.0214 | Ax: 1.0000000000 | um: 0.2054 | Au: 0.3922 | Aum: 0.6464
21-10-20 11:21:24 | Pm: 0.0217 | Ax: 1.0000000000 | um: 0.2109 | Au: 0.3953 | Aum: 0.6505
21-10-20 11:21:54 | Pm: 0.0222 | Ax: 0.9999 | um: 0.2144 | Au: 0.3960 | Aum: 0.6483
21-10-20 11:22:23 | Pm: 0.0225 | Ax: 0.9999084473 | um: 0.2162 | Au: 0.3980 | Aum: 0.6484
21-10-20 11:22:53 | Pm: 0.0227 | Ax: 0.9999186198 | um: 0.2191 | Au: 0.3989 | Aum: 0.6470
21-10-20 11:23:23 | Pm: 0.0231 | Ax: 0.9999267578 | um: 0.2236 | Au: 0.4000 | Aum: 0.6430
21-10-20 11:23:52 | Pm: 0.0234 | Ax: 0.9999334162 | um: 0.2272 | Au: 0.4026 | Aum: 0.6446
21-10-20 11:24:22 | Pm: 0.0237 | Ax: 0.9999389648 | um: 0.2312 | Au: 0.4047 | Aum: 0.6437
21-10-20 11:24:51 | Pm: 0.0241 | Ax: 0.9999436599 | um: 0.2360 | Au: 0.4055 | Aum: 0.6390
21-10-20 11:25:20 | Pm: 0.0244 | Ax: 0.9999476842 | um: 0.2398 | Au: 0.4083 | Aum: 0.6392
21-10-20 11:25:50 | Pm: 0.0247 | Ax: 0.9999511719 | um: 0.2440 | Au: 0.4104 | Aum: 0.6385
21-10-20 11:26:20 | Pm: 0.0252 | Ax: 0.9999542236 | um: 0.2489 | Au: 0.4131 | Aum: 0.6380
21-10-20 11:26:22 | A1: 2688.0000 | A5: 7543.0000 | Ae1: 3909.0000 | Ae5: 8524.0000
21-10-20 11:26:22 | Epoch 2. Acc: 17.1210. Ema-Acc: 24.8981. best_acc: 17.1210 in epoch2
21-10-20 11:26:54 | Pm: 0.0305 | Ax: 1.00000000 | um: 0.3104 | Au: 0.4481 | Aum: 0.6462
21-10-20 11:27:24 | Pm: 0.0313 | Ax: 1.0000000000 | um: 0.3190 | Au: 0.4683 | Aum: 0.6783
21-10-20 11:27:53 | Pm: 0.0321 | Ax: 1.0000000000 | um: 0.3286 | Au: 0.4810 | Aum: 0.6945
21-10-20 11:28:23 | Pm: 0.0327 | Ax: 1.0000000000 | um: 0.3321 | Au: 0.4841 | Aum: 0.6938
21-10-20 11:28:52 | Pm: 0.0333 | Ax: 1.0000000000 | um: 0.3371 | Au: 0.4907 | Aum: 0.7011
21-10-20 11:29:22 | Pm: 0.0341 | Ax: 1.0000000000 | um: 0.3445 | Au: 0.4966 | Aum: 0.7066
21-10-20 11:29:51 | Pm: 0.0345 | Ax: 1.0000000000 | um: 0.3476 | Au: 0.5014 | Aum: 0.7127
21-10-20 11:30:21 | Pm: 0.0349 | Ax: 1.0000000000 | um: 0.3513 | Au: 0.5082 | Aum: 0.7218
21-10-20 11:30:50 | Pm: 0.0355 | Ax: 1.0000000000 | um: 0.3574 | Au: 0.5136 | Aum: 0.7280
21-10-20 11:31:21 | Pm: 0.0360 | Ax: 1.0000000000 | um: 0.3627 | Au: 0.5196 | Aum: 0.7343
21-10-20 11:31:51 | Pm: 0.0367 | Ax: 1.0000000000 | um: 0.3689 | Au: 0.5248 | Aum: 0.7400
21-10-20 11:32:21 | Pm: 0.0373 | Ax: 1.0000000000 | um: 0.3744 | Au: 0.5294 | Aum: 0.7445
21-10-20 11:32:51 | Pm: 0.0378 | Ax: 1.0000000000 | um: 0.3792 | Au: 0.5342 | Aum: 0.7489
21-10-20 11:33:20 | Pm: 0.0381 | Ax: 1.0000000000 | um: 0.3833 | Au: 0.5379 | Aum: 0.7533
21-10-20 11:33:50 | Pm: 0.0386 | Ax: 1.0000000000 | um: 0.3879 | Au: 0.5413 | Aum: 0.7568
21-10-20 11:34:19 | Pm: 0.0391 | Ax: 1.0000000000 | um: 0.3926 | Au: 0.5445 | Aum: 0.7589
21-10-20 11:34:22 | A1: 4937.0000 | A5: 8893.0000 | Ae1: 4946.0000 | Ae5: 9008.0000
21-10-20 11:34:22 | Epoch 3. Acc: 31.4459. Ema-Acc: 31.5032. best_acc: 31.4459 in epoch3
21-10-20 11:34:53 | Pm: 0.0474 | Ax: 1.00000000 | um: 0.4693 | Au: 0.5987 | Aum: 0.8052
21-10-20 11:35:22 | Pm: 0.0478 | Ax: 1.0000000000 | um: 0.4714 | Au: 0.6070 | Aum: 0.8146
21-10-20 11:35:52 | Pm: 0.0476 | Ax: 1.0000000000 | um: 0.4731 | Au: 0.6110 | Aum: 0.8198
21-10-20 11:36:22 | Pm: 0.0480 | Ax: 1.0000000000 | um: 0.4753 | Au: 0.6158 | Aum: 0.8250
21-10-20 11:36:51 | Pm: 0.0484 | Ax: 1.0000000000 | um: 0.4779 | Au: 0.6167 | Aum: 0.8243
21-10-20 11:37:21 | Pm: 0.0489 | Ax: 1.0000000000 | um: 0.4827 | Au: 0.6192 | Aum: 0.8242
21-10-20 11:37:52 | Pm: 0.0489 | Ax: 0.999965 | um: 0.4835 | Au: 0.6195 | Aum: 0.8250
21-10-20 11:38:21 | Pm: 0.0492 | Ax: 0.9999694824 | um: 0.4852 | Au: 0.6212 | Aum: 0.8272
21-10-20 11:38:51 | Pm: 0.0495 | Ax: 0.9999728733 | um: 0.4884 | Au: 0.6227 | Aum: 0.8280
21-10-20 11:39:20 | Pm: 0.0498 | Ax: 0.9999755859 | um: 0.4910 | Au: 0.6242 | Aum: 0.8288
21-10-20 11:39:49 | Pm: 0.0500 | Ax: 0.9999778054 | um: 0.4927 | Au: 0.6256 | Aum: 0.8303
21-10-20 11:40:19 | Pm: 0.0502 | Ax: 0.9999796549 | um: 0.4949 | Au: 0.6277 | Aum: 0.8318
21-10-20 11:40:48 | Pm: 0.0505 | Ax: 0.9999812200 | um: 0.4976 | Au: 0.6291 | Aum: 0.8321
21-10-20 11:41:18 | Pm: 0.0507 | Ax: 0.9999825614 | um: 0.4998 | Au: 0.6308 | Aum: 0.8333
21-10-20 11:41:47 | Pm: 0.0509 | Ax: 0.9999837240 | um: 0.5018 | Au: 0.6335 | Aum: 0.8357
21-10-20 11:42:16 | Pm: 0.0511 | Ax: 0.9999847412 | um: 0.5034 | Au: 0.6360 | Aum: 0.8384
21-10-20 11:42:19 | A1: 5455.0000 | A5: 9321.0000 | Ae1: 6069.0000 | Ae5: 9292.0000
21-10-20 11:42:19 | Epoch 4. Acc: 34.7452. Ema-Acc: 38.6561. best_acc: 34.7452 in epoch4
21-10-20 11:42:49 | Pm: 0.0544 | Ax: 1.00000000 | um: 0.5389 | Au: 0.6859 | Aum: 0.8798
21-10-20 11:43:19 | Pm: 0.0542 | Ax: 1.0000000000 | um: 0.5393 | Au: 0.6830 | Aum: 0.8798
21-10-20 11:43:49 | Pm: 0.0540 | Ax: 1.0000000000 | um: 0.5392 | Au: 0.6836 | Aum: 0.8795
21-10-20 11:44:18 | Pm: 0.0541 | Ax: 1.0000000000 | um: 0.5396 | Au: 0.6854 | Aum: 0.8798
21-10-20 11:44:48 | Pm: 0.0543 | Ax: 1.0000000000 | um: 0.5399 | Au: 0.6874 | Aum: 0.8815
21-10-20 11:45:17 | Pm: 0.0543 | Ax: 1.0000000000 | um: 0.5397 | Au: 0.6881 | Aum: 0.8827
21-10-20 11:45:47 | Pm: 0.0545 | Ax: 1.0000000000 | um: 0.5420 | Au: 0.6905 | Aum: 0.8848
21-10-20 11:46:16 | Pm: 0.0548 | Ax: 1.0000000000 | um: 0.5437 | Au: 0.6913 | Aum: 0.8846
21-10-20 11:46:46 | Pm: 0.0549 | Ax: 1.0000000000 | um: 0.5442 | Au: 0.6913 | Aum: 0.8854
21-10-20 11:47:15 | Pm: 0.0550 | Ax: 1.0000000000 | um: 0.5444 | Au: 0.6918 | Aum: 0.8852
21-10-20 11:47:45 | Pm: 0.0551 | Ax: 1.0000000000 | um: 0.5460 | Au: 0.6930 | Aum: 0.8857
21-10-20 11:48:15 | Pm: 0.0552 | Ax: 1.0000000000 | um: 0.5470 | Au: 0.6944 | Aum: 0.8865
21-10-20 11:48:44 | Pm: 0.0554 | Ax: 1.0000000000 | um: 0.5484 | Au: 0.6958 | Aum: 0.8874
21-10-20 11:49:14 | Pm: 0.0556 | Ax: 1.0000000000 | um: 0.5503 | Au: 0.6976 | Aum: 0.8884
21-10-20 11:49:43 | Pm: 0.0557 | Ax: 1.0000000000 | um: 0.5519 | Au: 0.6989 | Aum: 0.8889
21-10-20 11:50:13 | Pm: 0.0559 | Ax: 1.0000000000 | um: 0.5533 | Au: 0.7001 | Aum: 0.8894
21-10-20 11:50:15 | A1: 6788.0000 | A5: 9483.0000 | Ae1: 6843.0000 | Ae5: 9475.0000
21-10-20 11:50:15 | Epoch 5. Acc: 43.2357. Ema-Acc: 43.5860. best_acc: 43.2357 in epoch5
21-10-20 11:50:46 | Pm: 0.0589 | Ax: 1.00000000 | um: 0.5846 | Au: 0.7227 | Aum: 0.9000
21-10-20 11:51:15 | Pm: 0.0590 | Ax: 1.0000000000 | um: 0.5842 | Au: 0.7203 | Aum: 0.9005
21-10-20 11:51:45 | Pm: 0.0590 | Ax: 1.0000000000 | um: 0.5842 | Au: 0.7251 | Aum: 0.9019
21-10-20 11:52:14 | Pm: 0.0590 | Ax: 1.0000000000 | um: 0.5848 | Au: 0.7262 | Aum: 0.9022
21-10-20 11:52:44 | Pm: 0.0589 | Ax: 1.0000000000 | um: 0.5833 | Au: 0.7276 | Aum: 0.9044
21-10-20 11:53:13 | Pm: 0.0592 | Ax: 1.0000000000 | um: 0.5856 | Au: 0.7298 | Aum: 0.9062
21-10-20 11:53:43 | Pm: 0.0592 | Ax: 1.0000000000 | um: 0.5862 | Au: 0.7323 | Aum: 0.9078
21-10-20 11:54:12 | Pm: 0.0592 | Ax: 1.0000000000 | um: 0.5860 | Au: 0.7340 | Aum: 0.9097
21-10-20 11:54:42 | Pm: 0.0593 | Ax: 1.0000000000 | um: 0.5874 | Au: 0.7353 | Aum: 0.9105
21-10-20 11:55:12 | Pm: 0.0594 | Ax: 1.0000000000 | um: 0.5883 | Au: 0.7366 | Aum: 0.9113
21-10-20 11:55:43 | Pm: 0.0595 | Ax: 1.0000000000 | um: 0.5891 | Au: 0.7380 | Aum: 0.9123
21-10-20 11:56:13 | Pm: 0.0596 | Ax: 1.0000000000 | um: 0.5903 | Au: 0.7389 | Aum: 0.9128
21-10-20 11:56:42 | Pm: 0.0598 | Ax: 1.0000000000 | um: 0.5919 | Au: 0.7402 | Aum: 0.9132
21-10-20 11:57:12 | Pm: 0.0599 | Ax: 1.0000000000 | um: 0.5930 | Au: 0.7407 | Aum: 0.9134
21-10-20 11:57:41 | Pm: 0.0599 | Ax: 1.0000000000 | um: 0.5939 | Au: 0.7414 | Aum: 0.9139
21-10-20 11:58:11 | Pm: 0.0600 | Ax: 1.0000000000 | um: 0.5946 | Au: 0.7422 | Aum: 0.9143
21-10-20 11:58:13 | A1: 7130.0000 | A5: 9673.0000 | Ae1: 7323.0000 | Ae5: 9591.0000
21-10-20 11:58:13 | Epoch 6. Acc: 45.4140. Ema-Acc: 46.6433. best_acc: 45.4140 in epoch6
21-10-20 11:58:44 | Pm: 0.0612 | Ax: 1.00000000 | um: 0.6112 | Au: 0.7549 | Aum: 0.9180
21-10-20 11:59:13 | Pm: 0.0618 | Ax: 1.0000000000 | um: 0.6160 | Au: 0.7576 | Aum: 0.9176
21-10-20 11:59:43 | Pm: 0.0619 | Ax: 1.0000000000 | um: 0.6174 | Au: 0.7595 | Aum: 0.9181
21-10-20 12:00:13 | Pm: 0.0618 | Ax: 1.0000000000 | um: 0.6169 | Au: 0.7602 | Aum: 0.9198
21-10-20 12:00:42 | Pm: 0.0618 | Ax: 1.0000000000 | um: 0.6170 | Au: 0.7616 | Aum: 0.9214
21-10-20 12:01:12 | Pm: 0.0619 | Ax: 1.0000000000 | um: 0.6180 | Au: 0.7619 | Aum: 0.9215
21-10-20 12:01:41 | Pm: 0.0621 | Ax: 1.0000000000 | um: 0.6193 | Au: 0.7628 | Aum: 0.9214
21-10-20 12:02:11 | Pm: 0.0623 | Ax: 1.0000000000 | um: 0.6197 | Au: 0.7635 | Aum: 0.9220
21-10-20 12:02:40 | Pm: 0.0623 | Ax: 1.0000000000 | um: 0.6203 | Au: 0.7639 | Aum: 0.9223
21-10-20 12:03:10 | Pm: 0.0625 | Ax: 1.0000000000 | um: 0.6207 | Au: 0.7644 | Aum: 0.9229
21-10-20 12:03:40 | Pm: 0.0626 | Ax: 1.0000000000 | um: 0.6217 | Au: 0.7653 | Aum: 0.9232
21-10-20 12:04:09 | Pm: 0.0626 | Ax: 0.999980 | um: 0.6220 | Au: 0.7659 | Aum: 0.9240
21-10-20 12:04:39 | Pm: 0.0627 | Ax: 0.9999812200 | um: 0.6224 | Au: 0.7666 | Aum: 0.9244
21-10-20 12:05:08 | Pm: 0.0628 | Ax: 0.9999825614 | um: 0.6227 | Au: 0.7673 | Aum: 0.9250
21-10-20 12:05:38 | Pm: 0.0629 | Ax: 0.9999837240 | um: 0.6234 | Au: 0.7680 | Aum: 0.9254
21-10-20 12:06:07 | Pm: 0.0630 | Ax: 0.9999847412 | um: 0.6243 | Au: 0.7689 | Aum: 0.9261
21-10-20 12:06:10 | A1: 7467.0000 | A5: 9730.0000 | Ae1: 7640.0000 | Ae5: 9670.0000
21-10-20 12:06:10 | Epoch 7. Acc: 47.5605. Ema-Acc: 48.6624. best_acc: 47.5605 in epoch7
21-10-20 12:06:41 | Pm: 0.0642 | Ax: 1.00000000 | um: 0.6359 | Au: 0.7800 | Aum: 0.9340
21-10-20 12:07:10 | Pm: 0.0649 | Ax: 1.0000000000 | um: 0.6403 | Au: 0.7808 | Aum: 0.9318
21-10-20 12:07:40 | Pm: 0.0648 | Ax: 1.0000000000 | um: 0.6394 | Au: 0.7803 | Aum: 0.9320
21-10-20 12:08:09 | Pm: 0.0651 | Ax: 1.0000000000 | um: 0.6422 | Au: 0.7811 | Aum: 0.9319
21-10-20 12:08:39 | Pm: 0.0652 | Ax: 1.0000000000 | um: 0.6434 | Au: 0.7823 | Aum: 0.9320
21-10-20 12:09:08 | Pm: 0.0654 | Ax: 1.0000000000 | um: 0.6445 | Au: 0.7841 | Aum: 0.9334
21-10-20 12:09:38 | Pm: 0.0655 | Ax: 1.0000000000 | um: 0.6458 | Au: 0.7842 | Aum: 0.9325
21-10-20 12:10:08 | Pm: 0.0656 | Ax: 1.0000000000 | um: 0.6463 | Au: 0.7850 | Aum: 0.9327
21-10-20 12:10:37 | Pm: 0.0656 | Ax: 1.0000000000 | um: 0.6467 | Au: 0.7851 | Aum: 0.9327
21-10-20 12:11:07 | Pm: 0.0657 | Ax: 1.0000000000 | um: 0.6477 | Au: 0.7851 | Aum: 0.9324
21-10-20 12:11:37 | Pm: 0.0658 | Ax: 1.0000000000 | um: 0.6482 | Au: 0.7854 | Aum: 0.9323
21-10-20 12:12:06 | Pm: 0.0658 | Ax: 1.0000000000 | um: 0.6490 | Au: 0.7859 | Aum: 0.9323
21-10-20 12:12:36 | Pm: 0.0660 | Ax: 1.0000000000 | um: 0.6501 | Au: 0.7863 | Aum: 0.9323
21-10-20 12:13:06 | Pm: 0.0660 | Ax: 1.0000000000 | um: 0.6507 | Au: 0.7868 | Aum: 0.9324
21-10-20 12:13:35 | Pm: 0.0661 | Ax: 1.0000000000 | um: 0.6515 | Au: 0.7872 | Aum: 0.9324
21-10-20 12:14:05 | Pm: 0.0662 | Ax: 1.0000000000 | um: 0.6523 | Au: 0.7876 | Aum: 0.9323
21-10-20 12:14:07 | A1: 7273.0000 | A5: 9461.0000 | Ae1: 7883.0000 | Ae5: 9729.0000
21-10-20 12:14:07 | Epoch 8. Acc: 46.3248. Ema-Acc: 50.2102. best_acc: 47.5605 in epoch7
21-10-20 12:14:38 | Pm: 0.0670 | Ax: 1.00000000 | um: 0.6606 | Au: 0.7952 | Aum: 0.9354
21-10-20 12:15:08 | Pm: 0.0673 | Ax: 1.0000000000 | um: 0.6617 | Au: 0.7956 | Aum: 0.9356
21-10-20 12:15:37 | Pm: 0.0673 | Ax: 1.0000000000 | um: 0.6633 | Au: 0.7959 | Aum: 0.9350
21-10-20 12:16:07 | Pm: 0.0672 | Ax: 1.0000000000 | um: 0.6633 | Au: 0.7967 | Aum: 0.9352
21-10-20 12:16:36 | Pm: 0.0673 | Ax: 1.0000000000 | um: 0.6644 | Au: 0.7973 | Aum: 0.9345
21-10-20 12:17:06 | Pm: 0.0673 | Ax: 1.0000000000 | um: 0.6659 | Au: 0.7984 | Aum: 0.9347
21-10-20 12:17:36 | Pm: 0.0675 | Ax: 1.0000000000 | um: 0.6674 | Au: 0.7997 | Aum: 0.9354
21-10-20 12:18:05 | Pm: 0.0677 | Ax: 1.0000000000 | um: 0.6690 | Au: 0.8006 | Aum: 0.9351
21-10-20 12:18:35 | Pm: 0.0678 | Ax: 1.0000000000 | um: 0.6696 | Au: 0.8010 | Aum: 0.9353
21-10-20 12:19:04 | Pm: 0.0679 | Ax: 1.0000000000 | um: 0.6703 | Au: 0.8013 | Aum: 0.9354
21-10-20 12:19:35 | Pm: 0.0679 | Ax: 1.0000000000 | um: 0.6708 | Au: 0.8019 | Aum: 0.9357
21-10-20 12:20:06 | Pm: 0.0680 | Ax: 1.0000000000 | um: 0.6713 | Au: 0.8023 | Aum: 0.9361
21-10-20 12:20:37 | Pm: 0.0680 | Ax: 1.0000000000 | um: 0.6715 | Au: 0.8023 | Aum: 0.9361
21-10-20 12:21:08 | Pm: 0.0681 | Ax: 1.0000000000 | um: 0.6720 | Au: 0.8028 | Aum: 0.9361
21-10-20 12:21:39 | Pm: 0.0682 | Ax: 1.0000000000 | um: 0.6726 | Au: 0.8033 | Aum: 0.9362
21-10-20 12:22:09 | Pm: 0.0682 | Ax: 1.0000000000 | um: 0.6727 | Au: 0.8039 | Aum: 0.9364
21-10-20 12:22:12 | A1: 7863.0000 | A5: 9827.0000 | Ae1: 8088.0000 | Ae5: 9774.0000
21-10-20 12:22:12 | Epoch 9. Acc: 50.0828. Ema-Acc: 51.5159. best_acc: 50.0828 in epoch9
21-10-20 12:22:43 | Pm: 0.0686 | Ax: 1.00000000 | um: 0.6809 | Au: 0.8176 | Aum: 0.9413
21-10-20 12:23:12 | Pm: 0.0687 | Ax: 1.0000000000 | um: 0.6802 | Au: 0.8133 | Aum: 0.9396
21-10-20 12:23:42 | Pm: 0.0689 | Ax: 1.0000000000 | um: 0.6809 | Au: 0.8137 | Aum: 0.9400
21-10-20 12:24:11 | Pm: 0.0690 | Ax: 1.0000000000 | um: 0.6818 | Au: 0.8135 | Aum: 0.9399
21-10-20 12:24:41 | Pm: 0.0691 | Ax: 1.0000000000 | um: 0.6824 | Au: 0.8129 | Aum: 0.9399
21-10-20 12:25:11 | Pm: 0.0692 | Ax: 1.0000000000 | um: 0.6836 | Au: 0.8127 | Aum: 0.9398
21-10-20 12:25:40 | Pm: 0.0693 | Ax: 1.0000000000 | um: 0.6844 | Au: 0.8136 | Aum: 0.9403
21-10-20 12:26:10 | Pm: 0.0695 | Ax: 1.0000000000 | um: 0.6853 | Au: 0.8144 | Aum: 0.9407
21-10-20 12:26:40 | Pm: 0.0695 | Ax: 1.0000000000 | um: 0.6850 | Au: 0.8144 | Aum: 0.9407
21-10-20 12:27:10 | Pm: 0.0696 | Ax: 1.0000000000 | um: 0.6862 | Au: 0.8150 | Aum: 0.9408
21-10-20 12:27:40 | Pm: 0.0697 | Ax: 1.0000000000 | um: 0.6869 | Au: 0.8153 | Aum: 0.9406
21-10-20 12:28:11 | Pm: 0.0697 | Ax: 1.0000000000 | um: 0.6870 | Au: 0.8156 | Aum: 0.9407
21-10-20 12:28:40 | Pm: 0.0698 | Ax: 1.0000000000 | um: 0.6874 | Au: 0.8157 | Aum: 0.9405
21-10-20 12:29:10 | Pm: 0.0698 | Ax: 1.0000000000 | um: 0.6877 | Au: 0.8155 | Aum: 0.9404
21-10-20 12:29:40 | Pm: 0.0699 | Ax: 1.0000000000 | um: 0.6884 | Au: 0.8158 | Aum: 0.9403
21-10-20 12:30:09 | Pm: 0.0699 | Ax: 1.0000000000 | um: 0.6884 | Au: 0.8159 | Aum: 0.9405
21-10-20 12:30:11 | A1: 8000.0000 | A5: 9846.0000 | Ae1: 8251.0000 | Ae5: 9804.0000
21-10-20 12:30:11 | Epoch 10. Acc: 50.9554. Ema-Acc: 52.5541. best_acc: 50.9554 in epoch10
21-10-20 12:30:42 | Pm: 0.0705 | Ax: 1.00000000 | um: 0.6956 | Au: 0.8172 | Aum: 0.9401
21-10-20 12:31:12 | Pm: 0.0706 | Ax: 1.0000000000 | um: 0.6938 | Au: 0.8172 | Aum: 0.9402
21-10-20 12:31:41 | Pm: 0.0710 | Ax: 1.0000000000 | um: 0.6965 | Au: 0.8197 | Aum: 0.9412
21-10-20 12:32:11 | Pm: 0.0711 | Ax: 1.0000000000 | um: 0.6977 | Au: 0.8205 | Aum: 0.9416
21-10-20 12:32:41 | Pm: 0.0710 | Ax: 1.0000000000 | um: 0.6965 | Au: 0.8202 | Aum: 0.9417
21-10-20 12:33:10 | Pm: 0.0710 | Ax: 1.0000000000 | um: 0.6975 | Au: 0.8207 | Aum: 0.9417
21-10-20 12:33:40 | Pm: 0.0710 | Ax: 1.0000000000 | um: 0.6985 | Au: 0.8212 | Aum: 0.9418
21-10-20 12:34:09 | Pm: 0.0711 | Ax: 1.0000000000 | um: 0.6994 | Au: 0.8215 | Aum: 0.9419
21-10-20 12:34:39 | Pm: 0.0711 | Ax: 1.0000000000 | um: 0.6991 | Au: 0.8211 | Aum: 0.9414
21-10-20 12:35:09 | Pm: 0.0711 | Ax: 1.0000000000 | um: 0.6990 | Au: 0.8212 | Aum: 0.9416
21-10-20 12:35:38 | Pm: 0.0712 | Ax: 1.0000000000 | um: 0.6998 | Au: 0.8216 | Aum: 0.9417
21-10-20 12:36:08 | Pm: 0.0713 | Ax: 1.0000000000 | um: 0.7001 | Au: 0.8220 | Aum: 0.9418
21-10-20 12:36:37 | Pm: 0.0713 | Ax: 1.0000000000 | um: 0.7006 | Au: 0.8221 | Aum: 0.9416
21-10-20 12:37:08 | Pm: 0.0713 | Ax: 1.0000000000 | um: 0.7008 | Au: 0.8224 | Aum: 0.9418
21-10-20 12:37:37 | Pm: 0.0714 | Ax: 1.0000000000 | um: 0.7015 | Au: 0.8229 | Aum: 0.9419
21-10-20 12:38:07 | Pm: 0.0714 | Ax: 1.0000000000 | um: 0.7013 | Au: 0.8232 | Aum: 0.9421
21-10-20 12:38:09 | A1: 7983.0000 | A5: 9699.0000 | Ae1: 8323.0000 | Ae5: 9822.0000
21-10-20 12:38:09 | Epoch 11. Acc: 50.8471. Ema-Acc: 53.0127. best_acc: 50.9554 in epoch10
21-10-20 12:38:40 | Pm: 0.0724 | Ax: 1.00000000 | um: 0.7092 | Au: 0.8291 | Aum: 0.9429
21-10-20 12:39:10 | Pm: 0.0717 | Ax: 1.0000000000 | um: 0.7058 | Au: 0.8288 | Aum: 0.9440
21-10-20 12:39:39 | Pm: 0.0718 | Ax: 1.0000000000 | um: 0.7059 | Au: 0.8287 | Aum: 0.9434
21-10-20 12:40:09 | Pm: 0.0718 | Ax: 1.0000000000 | um: 0.7060 | Au: 0.8275 | Aum: 0.9426
21-10-20 12:40:38 | Pm: 0.0718 | Ax: 1.0000000000 | um: 0.7063 | Au: 0.8285 | Aum: 0.9427
21-10-20 12:41:08 | Pm: 0.0717 | Ax: 1.0000000000 | um: 0.7059 | Au: 0.8293 | Aum: 0.9432
21-10-20 12:41:38 | Pm: 0.0716 | Ax: 1.0000000000 | um: 0.7053 | Au: 0.8293 | Aum: 0.9434
21-10-20 12:42:07 | Pm: 0.0717 | Ax: 1.0000000000 | um: 0.7062 | Au: 0.8298 | Aum: 0.9434
21-10-20 12:42:37 | Pm: 0.0718 | Ax: 1.0000000000 | um: 0.7066 | Au: 0.8297 | Aum: 0.9433
21-10-20 12:43:06 | Pm: 0.0719 | Ax: 1.0000000000 | um: 0.7073 | Au: 0.8300 | Aum: 0.9433
21-10-20 12:43:37 | Pm: 0.0720 | Ax: 1.0000000000 | um: 0.7081 | Au: 0.8300 | Aum: 0.9430
21-10-20 12:44:08 | Pm: 0.0721 | Ax: 1.0000000000 | um: 0.7083 | Au: 0.8305 | Aum: 0.9433
21-10-20 12:44:38 | Pm: 0.0721 | Ax: 1.0000000000 | um: 0.7088 | Au: 0.8307 | Aum: 0.9434
21-10-20 12:45:07 | Pm: 0.0721 | Ax: 1.0000000000 | um: 0.7090 | Au: 0.8310 | Aum: 0.9435
21-10-20 12:45:37 | Pm: 0.0722 | Ax: 1.0000000000 | um: 0.7099 | Au: 0.8317 | Aum: 0.9438
21-10-20 12:46:08 | Pm: 0.0723 | Ax: 1.0000000000 | um: 0.7104 | Au: 0.8319 | Aum: 0.9438
21-10-20 12:46:10 | A1: 7797.0000 | A5: 9631.0000 | Ae1: 8409.0000 | Ae5: 9835.0000
21-10-20 12:46:10 | Epoch 12. Acc: 49.6624. Ema-Acc: 53.5605. best_acc: 50.9554 in epoch10
21-10-20 12:46:41 | Pm: 0.0732 | Ax: 1.00000000 | um: 0.7178 | Au: 0.8355 | Aum: 0.9455
21-10-20 12:47:11 | Pm: 0.0736 | Ax: 1.0000000000 | um: 0.7214 | Au: 0.8384 | Aum: 0.9467
21-10-20 12:47:41 | Pm: 0.0735 | Ax: 1.0000000000 | um: 0.7219 | Au: 0.8383 | Aum: 0.9458
21-10-20 12:48:10 | Pm: 0.0735 | Ax: 1.0000000000 | um: 0.7221 | Au: 0.8379 | Aum: 0.9450
21-10-20 12:48:40 | Pm: 0.0734 | Ax: 1.0000000000 | um: 0.7215 | Au: 0.8382 | Aum: 0.9452
21-10-20 12:49:09 | Pm: 0.0734 | Ax: 1.0000000000 | um: 0.7215 | Au: 0.8388 | Aum: 0.9450
21-10-20 12:49:39 | Pm: 0.0734 | Ax: 1.0000000000 | um: 0.7212 | Au: 0.8387 | Aum: 0.9451
21-10-20 12:50:09 | Pm: 0.0735 | Ax: 1.0000000000 | um: 0.7216 | Au: 0.8385 | Aum: 0.9453
21-10-20 12:50:38 | Pm: 0.0736 | Ax: 1.0000000000 | um: 0.7223 | Au: 0.8391 | Aum: 0.9453
21-10-20 12:51:08 | Pm: 0.0736 | Ax: 1.0000000000 | um: 0.7227 | Au: 0.8389 | Aum: 0.9452
21-10-20 12:51:37 | Pm: 0.0737 | Ax: 1.0000000000 | um: 0.7233 | Au: 0.8392 | Aum: 0.9453
21-10-20 12:52:07 | Pm: 0.0737 | Ax: 1.0000000000 | um: 0.7234 | Au: 0.8395 | Aum: 0.9455
21-10-20 12:52:36 | Pm: 0.0738 | Ax: 1.0000000000 | um: 0.7236 | Au: 0.8398 | Aum: 0.9455
21-10-20 12:53:06 | Pm: 0.0737 | Ax: 1.0000000000 | um: 0.7235 | Au: 0.8399 | Aum: 0.9456
21-10-20 12:53:36 | Pm: 0.0737 | Ax: 1.0000000000 | um: 0.7238 | Au: 0.8403 | Aum: 0.9458
21-10-20 12:54:05 | Pm: 0.0737 | Ax: 1.0000000000 | um: 0.7239 | Au: 0.8405 | Aum: 0.9456
21-10-20 12:54:07 | A1: 7938.0000 | A5: 9752.0000 | Ae1: 8472.0000 | Ae5: 9863.0000
21-10-20 12:54:07 | Epoch 13. Acc: 50.5605. Ema-Acc: 53.9618. best_acc: 50.9554 in epoch10
21-10-20 12:54:38 | Pm: 0.0744 | Ax: 1.00000000 | um: 0.7302 | Au: 0.8432 | Aum: 0.9461
21-10-20 12:55:08 | Pm: 0.0743 | Ax: 1.0000000000 | um: 0.7309 | Au: 0.8423 | Aum: 0.9459
21-10-20 12:55:38 | Pm: 0.0743 | Ax: 1.0000000000 | um: 0.7306 | Au: 0.8420 | Aum: 0.9458
21-10-20 12:56:07 | Pm: 0.0745 | Ax: 1.0000000000 | um: 0.7307 | Au: 0.8437 | Aum: 0.9469
21-10-20 12:56:37 | Pm: 0.0745 | Ax: 1.0000000000 | um: 0.7298 | Au: 0.8436 | Aum: 0.9472
21-10-20 12:57:06 | Pm: 0.0744 | Ax: 1.0000000000 | um: 0.7301 | Au: 0.8438 | Aum: 0.9469
21-10-20 12:57:36 | Pm: 0.0743 | Ax: 1.0000000000 | um: 0.7297 | Au: 0.8437 | Aum: 0.9472
21-10-20 12:58:06 | Pm: 0.0743 | Ax: 1.0000000000 | um: 0.7293 | Au: 0.8440 | Aum: 0.9472
21-10-20 12:58:35 | Pm: 0.0743 | Ax: 1.0000000000 | um: 0.7293 | Au: 0.8445 | Aum: 0.9474
21-10-20 12:59:05 | Pm: 0.0743 | Ax: 1.0000000000 | um: 0.7299 | Au: 0.8447 | Aum: 0.9473
21-10-20 12:59:34 | Pm: 0.0744 | Ax: 1.0000000000 | um: 0.7307 | Au: 0.8450 | Aum: 0.9473
21-10-20 13:00:04 | Pm: 0.0744 | Ax: 1.0000000000 | um: 0.7305 | Au: 0.8449 | Aum: 0.9474
21-10-20 13:00:33 | Pm: 0.0744 | Ax: 1.0000000000 | um: 0.7309 | Au: 0.8449 | Aum: 0.9472
21-10-20 13:01:03 | Pm: 0.0745 | Ax: 1.0000000000 | um: 0.7313 | Au: 0.8452 | Aum: 0.9473
21-10-20 13:01:33 | Pm: 0.0746 | Ax: 1.0000000000 | um: 0.7318 | Au: 0.8454 | Aum: 0.9474
21-10-20 13:02:02 | Pm: 0.0746 | Ax: 1.0000000000 | um: 0.7325 | Au: 0.8456 | Aum: 0.9472
21-10-20 13:02:05 | A1: 7896.0000 | A5: 9774.0000 | Ae1: 8533.0000 | Ae5: 9874.0000
21-10-20 13:02:05 | Epoch 14. Acc: 50.2930. Ema-Acc: 54.3503. best_acc: 50.9554 in epoch10
21-10-20 13:02:36 | Pm: 0.0755 | Ax: 1.00000000 | um: 0.7400 | Au: 0.8514 | Aum: 0.9501
21-10-20 13:03:05 | Pm: 0.0753 | Ax: 1.0000000000 | um: 0.7382 | Au: 0.8488 | Aum: 0.9480
21-10-20 13:03:35 | Pm: 0.0750 | Ax: 1.0000000000 | um: 0.7356 | Au: 0.8474 | Aum: 0.9475
21-10-20 13:04:05 | Pm: 0.0751 | Ax: 1.0000000000 | um: 0.7367 | Au: 0.8489 | Aum: 0.9484
21-10-20 13:04:34 | Pm: 0.0751 | Ax: 1.0000000000 | um: 0.7366 | Au: 0.8493 | Aum: 0.9486
21-10-20 13:05:04 | Pm: 0.0751 | Ax: 1.0000000000 | um: 0.7380 | Au: 0.8499 | Aum: 0.9485
21-10-20 13:05:34 | Pm: 0.0752 | Ax: 1.0000000000 | um: 0.7382 | Au: 0.8506 | Aum: 0.9487
21-10-20 13:06:03 | Pm: 0.0752 | Ax: 1.0000000000 | um: 0.7383 | Au: 0.8504 | Aum: 0.9486
21-10-20 13:06:33 | Pm: 0.0753 | Ax: 1.0000000000 | um: 0.7382 | Au: 0.8502 | Aum: 0.9486
21-10-20 13:07:02 | Pm: 0.0753 | Ax: 1.0000000000 | um: 0.7382 | Au: 0.8505 | Aum: 0.9486
21-10-20 13:07:32 | Pm: 0.0754 | Ax: 1.0000000000 | um: 0.7389 | Au: 0.8509 | Aum: 0.9488
21-10-20 13:08:02 | Pm: 0.0754 | Ax: 1.0000000000 | um: 0.7394 | Au: 0.8510 | Aum: 0.9487
21-10-20 13:08:31 | Pm: 0.0754 | Ax: 1.0000000000 | um: 0.7397 | Au: 0.8511 | Aum: 0.9487
21-10-20 13:09:01 | Pm: 0.0755 | Ax: 1.0000000000 | um: 0.7403 | Au: 0.8512 | Aum: 0.9486
21-10-20 13:09:30 | Pm: 0.0755 | Ax: 1.0000000000 | um: 0.7405 | Au: 0.8515 | Aum: 0.9488
21-10-20 13:10:00 | Pm: 0.0757 | Ax: 1.0000000000 | um: 0.7410 | Au: 0.8516 | Aum: 0.9488
21-10-20 13:10:02 | A1: 8161.0000 | A5: 9788.0000 | Ae1: 8595.0000 | Ae5: 9886.0000
21-10-20 13:10:02 | Epoch 15. Acc: 51.9809. Ema-Acc: 54.7452. best_acc: 51.9809 in epoch15
21-10-20 13:10:33 | Pm: 0.0763 | Ax: 1.00000000 | um: 0.7456 | Au: 0.8572 | Aum: 0.9514
21-10-20 13:11:03 | Pm: 0.0761 | Ax: 1.0000000000 | um: 0.7443 | Au: 0.8544 | Aum: 0.9517
21-10-20 13:11:32 | Pm: 0.0759 | Ax: 1.0000000000 | um: 0.7435 | Au: 0.8542 | Aum: 0.9506
21-10-20 13:12:02 | Pm: 0.0761 | Ax: 1.0000000000 | um: 0.7444 | Au: 0.8540 | Aum: 0.9502
21-10-20 13:12:31 | Pm: 0.0761 | Ax: 1.0000000000 | um: 0.7445 | Au: 0.8543 | Aum: 0.9503
21-10-20 13:13:02 | Pm: 0.0761 | Ax: 1.0000000000 | um: 0.7448 | Au: 0.8542 | Aum: 0.9499
21-10-20 13:13:32 | Pm: 0.0761 | Ax: 1.0000000000 | um: 0.7443 | Au: 0.8544 | Aum: 0.9498
21-10-20 13:14:01 | Pm: 0.0762 | Ax: 1.0000000000 | um: 0.7450 | Au: 0.8542 | Aum: 0.9497
21-10-20 13:14:31 | Pm: 0.0763 | Ax: 1.0000000000 | um: 0.7456 | Au: 0.8544 | Aum: 0.9495
21-10-20 13:15:01 | Pm: 0.0763 | Ax: 1.0000000000 | um: 0.7456 | Au: 0.8545 | Aum: 0.9495
21-10-20 13:15:30 | Pm: 0.0763 | Ax: 1.0000000000 | um: 0.7458 | Au: 0.8546 | Aum: 0.9496
21-10-20 13:16:00 | Pm: 0.0764 | Ax: 1.0000000000 | um: 0.7462 | Au: 0.8548 | Aum: 0.9497
21-10-20 13:16:29 | Pm: 0.0764 | Ax: 1.0000000000 | um: 0.7468 | Au: 0.8550 | Aum: 0.9498
21-10-20 13:16:59 | Pm: 0.0764 | Ax: 1.0000000000 | um: 0.7468 | Au: 0.8550 | Aum: 0.9497
21-10-20 13:17:30 | Pm: 0.0765 | Ax: 1.0000000000 | um: 0.7477 | Au: 0.8553 | Aum: 0.9498
21-10-20 13:18:01 | Pm: 0.0765 | Ax: 1.0000000000 | um: 0.7480 | Au: 0.8555 | Aum: 0.9498
21-10-20 13:18:03 | A1: 8361.0000 | A5: 9827.0000 | Ae1: 8656.0000 | Ae5: 9895.0000
21-10-20 13:18:03 | Epoch 16. Acc: 53.2548. Ema-Acc: 55.1338. best_acc: 53.2548 in epoch16
21-10-20 13:18:35 | Pm: 0.0777 | Ax: 1.00000000 | um: 0.7567 | Au: 0.8557 | Aum: 0.9472
21-10-20 13:19:05 | Pm: 0.0774 | Ax: 1.0000000000 | um: 0.7551 | Au: 0.8562 | Aum: 0.9476
21-10-20 13:19:35 | Pm: 0.0774 | Ax: 1.0000000000 | um: 0.7556 | Au: 0.8583 | Aum: 0.9485
21-10-20 13:20:04 | Pm: 0.0773 | Ax: 1.0000000000 | um: 0.7562 | Au: 0.8580 | Aum: 0.9488
21-10-20 13:20:34 | Pm: 0.0772 | Ax: 1.0000000000 | um: 0.7554 | Au: 0.8581 | Aum: 0.9491
21-10-20 13:21:04 | Pm: 0.0773 | Ax: 1.0000000000 | um: 0.7562 | Au: 0.8585 | Aum: 0.9491
21-10-20 13:21:33 | Pm: 0.0772 | Ax: 1.0000000000 | um: 0.7555 | Au: 0.8587 | Aum: 0.9498
21-10-20 13:22:03 | Pm: 0.0772 | Ax: 1.0000000000 | um: 0.7554 | Au: 0.8585 | Aum: 0.9500
21-10-20 13:22:32 | Pm: 0.0772 | Ax: 1.0000000000 | um: 0.7557 | Au: 0.8588 | Aum: 0.9503
21-10-20 13:23:02 | Pm: 0.0772 | Ax: 1.0000000000 | um: 0.7557 | Au: 0.8590 | Aum: 0.9503
21-10-20 13:23:32 | Pm: 0.0773 | Ax: 1.0000000000 | um: 0.7560 | Au: 0.8594 | Aum: 0.9504
21-10-20 13:24:01 | Pm: 0.0773 | Ax: 1.0000000000 | um: 0.7560 | Au: 0.8596 | Aum: 0.9506
21-10-20 13:24:31 | Pm: 0.0773 | Ax: 1.0000000000 | um: 0.7559 | Au: 0.8596 | Aum: 0.9506
21-10-20 13:25:00 | Pm: 0.0773 | Ax: 1.0000000000 | um: 0.7559 | Au: 0.8597 | Aum: 0.9506
