21-10-22 13:10:02 | {'alpha': 0.9, 'batchsize': 64, 'checkpoint': '', 'contrast_th': 0.8, 'dataset': 'CIFAR10', 'device': 0, 'ema_m': 0.999, 'eval_ema': True, 'exp_dir': 'CoMatch', 'lam_c': 1, 'lam_u': 1.0, 'low_dim': 64, 'lr': 0.03, 'momentum': 0.9, 'mu': 7, 'n_classes': 10, 'n_epoches': 512, 'n_imgs_per_epoch': 65536, 'n_labeled': 40, 'queue_batch': 5, 'root': '/home/yanghaozhe/.cache/lumo', 'seed': 1, 'temperature': 0.2, 'thr': 0.95, 'weight_decay': 0.0005, 'wresnet_k': 2, 'wresnet_n': 28}
21-10-22 13:10:02 | ***** Running training *****
21-10-22 13:10:02 |   Task = CIFAR10@40
21-10-22 13:10:06 | Total params: 1.49M
21-10-22 13:10:06 | -----------start training--------------
21-10-22 13:10:40 | Lx: 1.1735 | Lu: 0.0000000000 | Lcs: 5.0558 | Pm: 0.0023 | Ax: 0.6792 | um: 0.0000000000 | Au: 0.2262
21-10-22 13:11:13 | Lx: 0.6290 | Lu: 0.0010 | Lcs: 4.8241 | Pm: 0.0032 | Ax: 0.8384 | um: 0.0012 | Au: 0.2400 | Aum: 0.5245
21-10-22 13:11:45 | Lx: 0.4269 | Lu: 0.0028 | Lcs: 4.6802 | Pm: 0.0041 | Ax: 0.8923 | um: 0.0025 | Au: 0.2502 | Aum: 0.5255
21-10-22 13:12:18 | Lx: 0.3245 | Lu: 0.0035 | Lcs: 4.5848 | Pm: 0.0046 | Ax: 0.9191 | um: 0.0035 | Au: 0.2560 | Aum: 0.5341
21-10-22 13:12:51 | Lx: 0.2620 | Lu: 0.0050 | Lcs: 4.5097 | Pm: 0.0051 | Ax: 0.9353 | um: 0.0047 | Au: 0.2612 | Aum: 0.5812
21-10-22 13:13:23 | Lx: 0.2201 | Lu: 0.0065 | Lcs: 4.4528 | Pm: 0.0055 | Ax: 0.9460 | um: 0.0062 | Au: 0.2667 | Aum: 0.6010
21-10-22 13:13:56 | Lx: 0.1899 | Lu: 0.0074 | Lcs: 4.4046 | Pm: 0.0057 | Ax: 0.9538 | um: 0.0074 | Au: 0.2700 | Aum: 0.6246
21-10-22 13:14:29 | Lx: 0.1672 | Lu: 0.0082 | Lcs: 4.3640 | Pm: 0.0059 | Ax: 0.9595 | um: 0.0086 | Au: 0.2735 | Aum: 0.6464
21-10-22 13:15:01 | Lx: 0.1494 | Lu: 0.0090 | Lcs: 4.3284 | Pm: 0.0061 | Ax: 0.9640 | um: 0.0095 | Au: 0.2770 | Aum: 0.6609
21-10-22 13:15:34 | Lx: 0.1352 | Lu: 0.0098 | Lcs: 4.2965 | Pm: 0.0063 | Ax: 0.9676 | um: 0.0108 | Au: 0.2803 | Aum: 0.6736
21-10-22 13:16:06 | Lx: 0.1235 | Lu: 0.0102 | Lcs: 4.2687 | Pm: 0.0064 | Ax: 0.9706 | um: 0.0119 | Au: 0.2833 | Aum: 0.6866
21-10-22 13:16:39 | Lx: 0.1137 | Lu: 0.0105 | Lcs: 4.2440 | Pm: 0.0066 | Ax: 0.9730 | um: 0.0128 | Au: 0.2865 | Aum: 0.6947
21-10-22 13:17:12 | Lx: 0.1054 | Lu: 0.0108 | Lcs: 4.2195 | Pm: 0.0067 | Ax: 0.9751 | um: 0.0136 | Au: 0.2892 | Aum: 0.7053
21-10-22 13:17:44 | Lx: 0.0983 | Lu: 0.0109 | Lcs: 4.1961 | Pm: 0.0067 | Ax: 0.9769 | um: 0.0142 | Au: 0.2919 | Aum: 0.7146
21-10-22 13:18:17 | Lx: 0.0922 | Lu: 0.0110 | Lcs: 4.1777 | Pm: 0.0068 | Ax: 0.9784 | um: 0.0148 | Au: 0.2944 | Aum: 0.7226
21-10-22 13:18:50 | Lx: 0.0867 | Lu: 0.0112 | Lcs: 4.1573 | Pm: 0.0069 | Ax: 0.9797 | um: 0.0155 | Au: 0.2969 | Aum: 0.7287
21-10-22 13:18:52 | A1: 2537.0000 | A5: 7635.0000 | Ae1: 2714.0000 | Ae5: 7701.0000
21-10-22 13:18:52 | Epoch 0. Acc: 16.1592. Ema-Acc: 17.2866. best_acc: 16.1592 in epoch0
21-10-22 13:19:26 | Lx: 0.0043 | Lu: 0.0138 | Lcs: 3.8305 | Pm: 0.0080 | Ax: 1.00000000 | um: 0.0256 | Au: 0.3384 | Aum: 0.7932
21-10-22 13:19:59 | Lx: 0.0042 | Lu: 0.0142 | Lcs: 3.8287 | Pm: 0.0081 | Ax: 1.0000000000 | um: 0.0263 | Au: 0.3424 | Aum: 0.8046
21-10-22 13:20:31 | Lx: 0.0041 | Lu: 0.0142 | Lcs: 3.8144 | Pm: 0.0081 | Ax: 1.0000000000 | um: 0.0263 | Au: 0.3432 | Aum: 0.8048
21-10-22 13:21:04 | Lx: 0.0039 | Lu: 0.0145 | Lcs: 3.8126 | Pm: 0.0081 | Ax: 1.0000000000 | um: 0.0273 | Au: 0.3450 | Aum: 0.8135
21-10-22 13:21:36 | Lx: 0.0039 | Lu: 0.0144 | Lcs: 3.8063 | Pm: 0.0081 | Ax: 1.0000000000 | um: 0.0270 | Au: 0.3471 | Aum: 0.8161
21-10-22 13:22:09 | Lx: 0.0038 | Lu: 0.0143 | Lcs: 3.7988 | Pm: 0.0081 | Ax: 1.0000000000 | um: 0.0274 | Au: 0.3494 | Aum: 0.8178
21-10-22 13:22:41 | Lx: 0.0037 | Lu: 0.0148 | Lcs: 3.7924 | Pm: 0.0082 | Ax: 1.0000000000 | um: 0.0286 | Au: 0.3516 | Aum: 0.8179
21-10-22 13:23:14 | Lx: 0.0036 | Lu: 0.0151 | Lcs: 3.7840 | Pm: 0.0082 | Ax: 1.0000000000 | um: 0.0293 | Au: 0.3542 | Aum: 0.8205
21-10-22 13:23:46 | Lx: 0.0036 | Lu: 0.0151 | Lcs: 3.7767 | Pm: 0.0082 | Ax: 1.0000000000 | um: 0.0297 | Au: 0.3561 | Aum: 0.8214
21-10-22 13:24:19 | Lx: 0.0035 | Lu: 0.0153 | Lcs: 3.7687 | Pm: 0.0082 | Ax: 1.0000000000 | um: 0.0305 | Au: 0.3576 | Aum: 0.8246
21-10-22 13:24:51 | Lx: 0.0035 | Lu: 0.0158 | Lcs: 3.7637 | Pm: 0.0083 | Ax: 1.0000000000 | um: 0.0315 | Au: 0.3590 | Aum: 0.8256
21-10-22 13:25:24 | Lx: 0.0034 | Lu: 0.0161 | Lcs: 3.7580 | Pm: 0.0084 | Ax: 1.0000000000 | um: 0.0323 | Au: 0.3611 | Aum: 0.8268
21-10-22 13:25:56 | Lx: 0.0034 | Lu: 0.0164 | Lcs: 3.7511 | Pm: 0.0084 | Ax: 1.0000000000 | um: 0.0330 | Au: 0.3630 | Aum: 0.8280
21-10-22 13:26:29 | Lx: 0.0033 | Lu: 0.0168 | Lcs: 3.7459 | Pm: 0.0085 | Ax: 1.0000000000 | um: 0.0339 | Au: 0.3648 | Aum: 0.8301
21-10-22 13:27:01 | Lx: 0.0032 | Lu: 0.0173 | Lcs: 3.7405 | Pm: 0.0085 | Ax: 1.0000000000 | um: 0.0351 | Au: 0.3670 | Aum: 0.8318
21-10-22 13:27:34 | Lx: 0.0032 | Lu: 0.0177 | Lcs: 3.7345 | Pm: 0.0086 | Ax: 1.0000000000 | um: 0.0361 | Au: 0.3691 | Aum: 0.8349
21-10-22 13:27:36 | A1: 2875.0000 | A5: 7329.0000 | Ae1: 3376.0000 | Ae5: 8306.0000
21-10-22 13:27:36 | Epoch 1. Acc: 18.3121. Ema-Acc: 21.5032. best_acc: 18.3121 in epoch1
21-10-22 13:28:10 | Lx: 0.0024 | Lu: 0.0273 | Lcs: 3.6462 | Pm: 0.0101 | Ax: 1.00000000 | um: 0.0569 | Au: 0.4021 | Aum: 0.8809
21-10-22 13:28:42 | Lx: 0.0023 | Lu: 0.0267 | Lcs: 3.6381 | Pm: 0.0100 | Ax: 1.0000000000 | um: 0.0567 | Au: 0.4049 | Aum: 0.8789
21-10-22 13:29:15 | Lx: 0.0023 | Lu: 0.0267 | Lcs: 3.6321 | Pm: 0.0100 | Ax: 1.0000000000 | um: 0.0580 | Au: 0.4076 | Aum: 0.8820
21-10-22 13:29:47 | Lx: 0.0023 | Lu: 0.0269 | Lcs: 3.6320 | Pm: 0.0099 | Ax: 1.0000000000 | um: 0.0580 | Au: 0.4095 | Aum: 0.8804
21-10-22 13:30:20 | Lx: 0.0023 | Lu: 0.0271 | Lcs: 3.6265 | Pm: 0.0099 | Ax: 1.0000000000 | um: 0.0589 | Au: 0.4115 | Aum: 0.8781
21-10-22 13:30:52 | Lx: 0.0023 | Lu: 0.0268 | Lcs: 3.6198 | Pm: 0.0099 | Ax: 1.0000000000 | um: 0.0590 | Au: 0.4134 | Aum: 0.8797
21-10-22 13:31:25 | Lx: 0.0022 | Lu: 0.0271 | Lcs: 3.6145 | Pm: 0.0100 | Ax: 1.0000000000 | um: 0.0600 | Au: 0.4152 | Aum: 0.8802
21-10-22 13:31:57 | Lx: 0.0022 | Lu: 0.0275 | Lcs: 3.6097 | Pm: 0.0100 | Ax: 1.0000000000 | um: 0.0611 | Au: 0.4168 | Aum: 0.8827
21-10-22 13:32:30 | Lx: 0.0022 | Lu: 0.0279 | Lcs: 3.6061 | Pm: 0.0101 | Ax: 1.0000000000 | um: 0.0618 | Au: 0.4188 | Aum: 0.8838
21-10-22 13:33:02 | Lx: 0.0022 | Lu: 0.0282 | Lcs: 3.6016 | Pm: 0.0101 | Ax: 1.0000000000 | um: 0.0629 | Au: 0.4203 | Aum: 0.8852
21-10-22 13:33:35 | Lx: 0.0021 | Lu: 0.0284 | Lcs: 3.5984 | Pm: 0.0101 | Ax: 1.0000000000 | um: 0.0633 | Au: 0.4219 | Aum: 0.8867
21-10-22 13:34:07 | Lx: 0.0021 | Lu: 0.0289 | Lcs: 3.5953 | Pm: 0.0102 | Ax: 1.0000000000 | um: 0.0646 | Au: 0.4239 | Aum: 0.8864
21-10-22 13:34:40 | Lx: 0.0021 | Lu: 0.0293 | Lcs: 3.5914 | Pm: 0.0102 | Ax: 1.0000000000 | um: 0.0655 | Au: 0.4257 | Aum: 0.8876
21-10-22 13:35:12 | Lx: 0.0021 | Lu: 0.0298 | Lcs: 3.5891 | Pm: 0.0103 | Ax: 1.0000000000 | um: 0.0666 | Au: 0.4277 | Aum: 0.8885
21-10-22 13:35:45 | Lx: 0.0021 | Lu: 0.0304 | Lcs: 3.5873 | Pm: 0.0104 | Ax: 1.0000000000 | um: 0.0678 | Au: 0.4296 | Aum: 0.8898
21-10-22 13:36:17 | Lx: 0.0021 | Lu: 0.0309 | Lcs: 3.5834 | Pm: 0.0105 | Ax: 1.0000000000 | um: 0.0690 | Au: 0.4317 | Aum: 0.8904
21-10-22 13:36:19 | A1: 3322.0000 | A5: 7310.0000 | Ae1: 3929.0000 | Ae5: 8460.0000
21-10-22 13:36:19 | Epoch 2. Acc: 21.1592. Ema-Acc: 25.0255. best_acc: 21.1592 in epoch2
21-10-22 13:36:53 | Lx: 0.0018 | Lu: 0.0403 | Lcs: 3.5285 | Pm: 0.0123 | Ax: 1.00000000 | um: 0.0934 | Au: 0.4623 | Aum: 0.9050
21-10-22 13:37:26 | Lx: 0.0018 | Lu: 0.0407 | Lcs: 3.5226 | Pm: 0.0123 | Ax: 1.0000000000 | um: 0.0946 | Au: 0.4636 | Aum: 0.9063
21-10-22 13:37:58 | Lx: 0.0018 | Lu: 0.0417 | Lcs: 3.5231 | Pm: 0.0123 | Ax: 1.0000000000 | um: 0.0951 | Au: 0.4682 | Aum: 0.9090
21-10-22 13:38:31 | Lx: 0.0018 | Lu: 0.0422 | Lcs: 3.5246 | Pm: 0.0124 | Ax: 1.0000000000 | um: 0.0964 | Au: 0.4681 | Aum: 0.9069
21-10-22 13:39:03 | Lx: 0.0018 | Lu: 0.0427 | Lcs: 3.5260 | Pm: 0.0125 | Ax: 1.0000000000 | um: 0.0979 | Au: 0.4705 | Aum: 0.9054
21-10-22 13:39:36 | Lx: 0.0018 | Lu: 0.0431 | Lcs: 3.5253 | Pm: 0.0126 | Ax: 1.0000000000 | um: 0.0991 | Au: 0.4721 | Aum: 0.9030
21-10-22 13:40:08 | Lx: 0.0018 | Lu: 0.0441 | Lcs: 3.5266 | Pm: 0.0128 | Ax: 1.0000000000 | um: 0.1011 | Au: 0.4737 | Aum: 0.9022
21-10-22 13:40:41 | Lx: 0.0018 | Lu: 0.0447 | Lcs: 3.5263 | Pm: 0.0130 | Ax: 1.0000000000 | um: 0.1033 | Au: 0.4755 | Aum: 0.9031
21-10-22 13:41:14 | Lx: 0.0018 | Lu: 0.0452 | Lcs: 3.5250 | Pm: 0.0132 | Ax: 1.0000000000 | um: 0.1047 | Au: 0.4775 | Aum: 0.9031
21-10-22 13:41:46 | Lx: 0.0017 | Lu: 0.0454 | Lcs: 3.5212 | Pm: 0.0132 | Ax: 1.0000000000 | um: 0.1057 | Au: 0.4783 | Aum: 0.9031
21-10-22 13:42:19 | Lx: 0.0017 | Lu: 0.0457 | Lcs: 3.5209 | Pm: 0.0133 | Ax: 1.0000000000 | um: 0.1066 | Au: 0.4795 | Aum: 0.9032
21-10-22 13:42:51 | Lx: 0.0017 | Lu: 0.0464 | Lcs: 3.5209 | Pm: 0.0135 | Ax: 1.0000000000 | um: 0.1083 | Au: 0.4808 | Aum: 0.9038
21-10-22 13:43:24 | Lx: 0.0017 | Lu: 0.0469 | Lcs: 3.5192 | Pm: 0.0136 | Ax: 1.0000000000 | um: 0.1099 | Au: 0.4825 | Aum: 0.9045
21-10-22 13:43:56 | Lx: 0.0017 | Lu: 0.0472 | Lcs: 3.5169 | Pm: 0.0137 | Ax: 1.0000000000 | um: 0.1109 | Au: 0.4835 | Aum: 0.9048
21-10-22 13:44:29 | Lx: 0.0017 | Lu: 0.0477 | Lcs: 3.5154 | Pm: 0.0138 | Ax: 1.0000000000 | um: 0.1123 | Au: 0.4844 | Aum: 0.9050
21-10-22 13:45:01 | Lx: 0.0017 | Lu: 0.0481 | Lcs: 3.5138 | Pm: 0.0140 | Ax: 1.0000000000 | um: 0.1138 | Au: 0.4860 | Aum: 0.9051
21-10-22 13:45:04 | A1: 3767.0000 | A5: 8255.0000 | Ae1: 4554.0000 | Ae5: 8646.0000
21-10-22 13:45:04 | Epoch 3. Acc: 23.9936. Ema-Acc: 29.0064. best_acc: 23.9936 in epoch3
21-10-22 13:45:37 | Lx: 0.0015 | Lu: 0.0551 | Lcs: 3.4865 | Pm: 0.0159 | Ax: 1.00000000 | um: 0.1360 | Au: 0.5150 | Aum: 0.9250
21-10-22 13:46:10 | Lx: 0.0017 | Lu: 0.0569 | Lcs: 3.4942 | Pm: 0.0166 | Ax: 1.0000000000 | um: 0.1411 | Au: 0.5128 | Aum: 0.9208
21-10-22 13:46:42 | Lx: 0.0016 | Lu: 0.0568 | Lcs: 3.4915 | Pm: 0.0166 | Ax: 1.0000000000 | um: 0.1418 | Au: 0.5187 | Aum: 0.9223
21-10-22 13:47:15 | Lx: 0.0016 | Lu: 0.0575 | Lcs: 3.4924 | Pm: 0.0168 | Ax: 1.0000000000 | um: 0.1433 | Au: 0.5199 | Aum: 0.9232
21-10-22 13:47:48 | Lx: 0.0016 | Lu: 0.0580 | Lcs: 3.4897 | Pm: 0.0170 | Ax: 1.0000000000 | um: 0.1449 | Au: 0.5214 | Aum: 0.9247
21-10-22 13:48:20 | Lx: 0.0016 | Lu: 0.0590 | Lcs: 3.4892 | Pm: 0.0173 | Ax: 1.0000000000 | um: 0.1477 | Au: 0.5225 | Aum: 0.9263
21-10-22 13:48:53 | Lx: 0.0015 | Lu: 0.0597 | Lcs: 3.4893 | Pm: 0.0175 | Ax: 1.0000000000 | um: 0.1497 | Au: 0.5243 | Aum: 0.9279
21-10-22 13:49:25 | Lx: 0.0015 | Lu: 0.0603 | Lcs: 3.4886 | Pm: 0.0177 | Ax: 1.0000000000 | um: 0.1514 | Au: 0.5265 | Aum: 0.9290
21-10-22 13:49:58 | Lx: 0.0015 | Lu: 0.0606 | Lcs: 3.4870 | Pm: 0.0178 | Ax: 1.0000000000 | um: 0.1525 | Au: 0.5275 | Aum: 0.9293
21-10-22 13:50:30 | Lx: 0.0015 | Lu: 0.0610 | Lcs: 3.4868 | Pm: 0.0180 | Ax: 1.0000000000 | um: 0.1538 | Au: 0.5286 | Aum: 0.9295
21-10-22 13:51:03 | Lx: 0.0015 | Lu: 0.0616 | Lcs: 3.4881 | Pm: 0.0181 | Ax: 1.0000000000 | um: 0.1551 | Au: 0.5305 | Aum: 0.9303
21-10-22 13:51:35 | Lx: 0.0015 | Lu: 0.0621 | Lcs: 3.4875 | Pm: 0.0183 | Ax: 1.0000000000 | um: 0.1564 | Au: 0.5318 | Aum: 0.9314
21-10-22 13:52:08 | Lx: 0.0015 | Lu: 0.0623 | Lcs: 3.4865 | Pm: 0.0184 | Ax: 1.0000000000 | um: 0.1579 | Au: 0.5331 | Aum: 0.9313
21-10-22 13:52:41 | Lx: 0.0015 | Lu: 0.0631 | Lcs: 3.4875 | Pm: 0.0186 | Ax: 1.0000000000 | um: 0.1595 | Au: 0.5349 | Aum: 0.9325
21-10-22 13:53:13 | Lx: 0.0015 | Lu: 0.0640 | Lcs: 3.4881 | Pm: 0.0188 | Ax: 1.0000000000 | um: 0.1613 | Au: 0.5365 | Aum: 0.9328
21-10-22 13:53:46 | Lx: 0.0015 | Lu: 0.0647 | Lcs: 3.4875 | Pm: 0.0190 | Ax: 1.0000000000 | um: 0.1634 | Au: 0.5383 | Aum: 0.9333
21-10-22 13:53:48 | A1: 5015.0000 | A5: 8981.0000 | Ae1: 5190.0000 | Ae5: 8838.0000
21-10-22 13:53:48 | Epoch 4. Acc: 31.9427. Ema-Acc: 33.0573. best_acc: 31.9427 in epoch4
21-10-22 13:54:22 | Lx: 0.0014 | Lu: 0.0780 | Lcs: 3.4876 | Pm: 0.0231 | Ax: 1.00000000 | um: 0.2009 | Au: 0.5670 | Aum: 0.9435
21-10-22 13:54:55 | Lx: 0.0013 | Lu: 0.0772 | Lcs: 3.4863 | Pm: 0.0229 | Ax: 1.0000000000 | um: 0.2004 | Au: 0.5682 | Aum: 0.9432
21-10-22 13:55:27 | Lx: 0.0013 | Lu: 0.0768 | Lcs: 3.4867 | Pm: 0.0230 | Ax: 1.0000000000 | um: 0.2010 | Au: 0.5653 | Aum: 0.9424
21-10-22 13:56:00 | Lx: 0.0013 | Lu: 0.0769 | Lcs: 3.4867 | Pm: 0.0231 | Ax: 1.0000000000 | um: 0.2011 | Au: 0.5664 | Aum: 0.9433
21-10-22 13:56:32 | Lx: 0.0014 | Lu: 0.0776 | Lcs: 3.4872 | Pm: 0.0234 | Ax: 1.0000000000 | um: 0.2030 | Au: 0.5676 | Aum: 0.9431
21-10-22 13:57:05 | Lx: 0.0013 | Lu: 0.0779 | Lcs: 3.4857 | Pm: 0.0235 | Ax: 1.0000000000 | um: 0.2044 | Au: 0.5700 | Aum: 0.9437
21-10-22 13:57:37 | Lx: 0.0013 | Lu: 0.0781 | Lcs: 3.4848 | Pm: 0.0236 | Ax: 1.0000000000 | um: 0.2055 | Au: 0.5717 | Aum: 0.9452
21-10-22 13:58:10 | Lx: 0.0013 | Lu: 0.0782 | Lcs: 3.4858 | Pm: 0.0237 | Ax: 1.0000000000 | um: 0.2059 | Au: 0.5728 | Aum: 0.9462
21-10-22 13:58:42 | Lx: 0.0013 | Lu: 0.0787 | Lcs: 3.4844 | Pm: 0.0238 | Ax: 1.0000000000 | um: 0.2073 | Au: 0.5745 | Aum: 0.9464
21-10-22 13:59:15 | Lx: 0.0013 | Lu: 0.0789 | Lcs: 3.4841 | Pm: 0.0239 | Ax: 1.0000000000 | um: 0.2080 | Au: 0.5754 | Aum: 0.9463
21-10-22 13:59:48 | Lx: 0.0013 | Lu: 0.0797 | Lcs: 3.4857 | Pm: 0.0241 | Ax: 1.0000000000 | um: 0.2094 | Au: 0.5765 | Aum: 0.9465
21-10-22 14:00:20 | Lx: 0.0013 | Lu: 0.0803 | Lcs: 3.4875 | Pm: 0.0242 | Ax: 1.0000000000 | um: 0.2105 | Au: 0.5776 | Aum: 0.9468
21-10-22 14:00:53 | Lx: 0.0013 | Lu: 0.0807 | Lcs: 3.4878 | Pm: 0.0243 | Ax: 1.0000000000 | um: 0.2118 | Au: 0.5786 | Aum: 0.9462
21-10-22 14:01:26 | Lx: 0.0013 | Lu: 0.0812 | Lcs: 3.4866 | Pm: 0.0244 | Ax: 1.0000000000 | um: 0.2130 | Au: 0.5798 | Aum: 0.9464
21-10-22 14:01:59 | Lx: 0.0013 | Lu: 0.0818 | Lcs: 3.4868 | Pm: 0.0246 | Ax: 1.0000000000 | um: 0.2145 | Au: 0.5807 | Aum: 0.9463
21-10-22 14:02:31 | Lx: 0.0013 | Lu: 0.0822 | Lcs: 3.4860 | Pm: 0.0247 | Ax: 1.0000000000 | um: 0.2157 | Au: 0.5817 | Aum: 0.9461
21-10-22 14:02:34 | A1: 5170.0000 | A5: 8858.0000 | Ae1: 5711.0000 | Ae5: 8999.0000
21-10-22 14:02:34 | Epoch 5. Acc: 32.9299. Ema-Acc: 36.3758. best_acc: 32.9299 in epoch5
21-10-22 14:03:07 | Lx: 0.0011 | Lu: 0.0907 | Lcs: 3.4787 | Pm: 0.0268 | Ax: 1.00000000 | um: 0.2399 | Au: 0.6061 | Aum: 0.9542
21-10-22 14:03:40 | Lx: 0.0012 | Lu: 0.0895 | Lcs: 3.4755 | Pm: 0.0265 | Ax: 1.0000000000 | um: 0.2376 | Au: 0.6100 | Aum: 0.9532
21-10-22 14:04:13 | Lx: 0.0012 | Lu: 0.0894 | Lcs: 3.4769 | Pm: 0.0265 | Ax: 1.0000000000 | um: 0.2364 | Au: 0.6105 | Aum: 0.9496
21-10-22 14:04:45 | Lx: 0.0012 | Lu: 0.0910 | Lcs: 3.4801 | Pm: 0.0269 | Ax: 1.0000000000 | um: 0.2390 | Au: 0.6110 | Aum: 0.9479
21-10-22 14:05:18 | Lx: 0.0012 | Lu: 0.0917 | Lcs: 3.4819 | Pm: 0.0269 | Ax: 1.0000000000 | um: 0.2394 | Au: 0.6128 | Aum: 0.9478
21-10-22 14:05:51 | Lx: 0.0012 | Lu: 0.0921 | Lcs: 3.4834 | Pm: 0.0271 | Ax: 1.0000000000 | um: 0.2409 | Au: 0.6134 | Aum: 0.9472
21-10-22 14:06:23 | Lx: 0.001237 | Lu: 0.0923 | Lcs: 3.4866 | Pm: 0.0272 | Ax: 1.0000000000 | um: 0.2407 | Au: 0.6145 | Aum: 0.9465
21-10-22 14:06:56 | Lx: 0.0012 | Lu: 0.0928 | Lcs: 3.4889 | Pm: 0.0272 | Ax: 1.0000000000 | um: 0.2414 | Au: 0.6158 | Aum: 0.9460
21-10-22 14:07:29 | Lx: 0.0012 | Lu: 0.0932 | Lcs: 3.4887 | Pm: 0.0273 | Ax: 1.0000000000 | um: 0.2419 | Au: 0.6169 | Aum: 0.9458
21-10-22 14:08:01 | Lx: 0.0012 | Lu: 0.0932 | Lcs: 3.4885 | Pm: 0.0274 | Ax: 1.0000000000 | um: 0.2423 | Au: 0.6181 | Aum: 0.9454
21-10-22 14:08:34 | Lx: 0.0012 | Lu: 0.0939 | Lcs: 3.4899 | Pm: 0.0275 | Ax: 1.0000000000 | um: 0.2436 | Au: 0.6191 | Aum: 0.9442
21-10-22 14:09:06 | Lx: 0.0012 | Lu: 0.0943 | Lcs: 3.4914 | Pm: 0.0276 | Ax: 1.0000000000 | um: 0.2446 | Au: 0.6204 | Aum: 0.9434
21-10-22 14:09:39 | Lx: 0.0012 | Lu: 0.0949 | Lcs: 3.4925 | Pm: 0.0278 | Ax: 1.0000000000 | um: 0.2459 | Au: 0.6216 | Aum: 0.9425
21-10-22 14:10:12 | Lx: 0.0012 | Lu: 0.0954 | Lcs: 3.4940 | Pm: 0.0279 | Ax: 1.0000000000 | um: 0.2467 | Au: 0.6226 | Aum: 0.9419
21-10-22 14:10:44 | Lx: 0.0012 | Lu: 0.0961 | Lcs: 3.4947 | Pm: 0.0280 | Ax: 1.0000000000 | um: 0.2479 | Au: 0.6237 | Aum: 0.9413
21-10-22 14:11:17 | Lx: 0.0012 | Lu: 0.0967 | Lcs: 3.4951 | Pm: 0.0282 | Ax: 1.0000000000 | um: 0.2495 | Au: 0.6250 | Aum: 0.9404
21-10-22 14:11:19 | A1: 6031.0000 | A5: 9198.0000 | Ae1: 6172.0000 | Ae5: 9218.0000
21-10-22 14:11:19 | Epoch 6. Acc: 38.4140. Ema-Acc: 39.3121. best_acc: 38.4140 in epoch6
21-10-22 14:11:53 | Lx: 0.0012 | Lu: 0.1001 | Lcs: 3.4800 | Pm: 0.0293 | Ax: 1.00000000 | um: 0.2577 | Au: 0.6424 | Aum: 0.9355
21-10-22 14:12:26 | Lx: 0.0012 | Lu: 0.1039 | Lcs: 3.4860 | Pm: 0.0299 | Ax: 1.0000000000 | um: 0.2654 | Au: 0.6414 | Aum: 0.9312
21-10-22 14:12:58 | Lx: 0.0012 | Lu: 0.1049 | Lcs: 3.4906 | Pm: 0.0301 | Ax: 1.0000000000 | um: 0.2672 | Au: 0.6423 | Aum: 0.9274
21-10-22 14:13:31 | Lx: 0.0011 | Lu: 0.1035 | Lcs: 3.4910 | Pm: 0.0298 | Ax: 1.0000000000 | um: 0.2648 | Au: 0.6411 | Aum: 0.9271
21-10-22 14:14:03 | Lx: 0.0011 | Lu: 0.1041 | Lcs: 3.4945 | Pm: 0.0299 | Ax: 1.0000000000 | um: 0.2657 | Au: 0.6424 | Aum: 0.9270
21-10-22 14:14:36 | Lx: 0.0011 | Lu: 0.1045 | Lcs: 3.4940 | Pm: 0.0300 | Ax: 1.0000000000 | um: 0.2665 | Au: 0.6430 | Aum: 0.9263
21-10-22 14:15:09 | Lx: 0.0011 | Lu: 0.1048 | Lcs: 3.4934 | Pm: 0.0301 | Ax: 1.0000000000 | um: 0.2670 | Au: 0.6424 | Aum: 0.9252
21-10-22 14:15:42 | Lx: 0.0011 | Lu: 0.1054 | Lcs: 3.4942 | Pm: 0.0301 | Ax: 1.0000000000 | um: 0.2676 | Au: 0.6430 | Aum: 0.9234
21-10-22 14:16:15 | Lx: 0.0011 | Lu: 0.1064 | Lcs: 3.4956 | Pm: 0.0302 | Ax: 1.0000000000 | um: 0.2696 | Au: 0.6438 | Aum: 0.9224
21-10-22 14:16:47 | Lx: 0.0011 | Lu: 0.1062 | Lcs: 3.4942 | Pm: 0.0303 | Ax: 1.0000000000 | um: 0.2696 | Au: 0.6448 | Aum: 0.9226
21-10-22 14:17:20 | Lx: 0.0011 | Lu: 0.1064 | Lcs: 3.4939 | Pm: 0.0302 | Ax: 1.0000000000 | um: 0.2695 | Au: 0.6450 | Aum: 0.9221
21-10-22 14:17:53 | Lx: 0.0011 | Lu: 0.1064 | Lcs: 3.4943 | Pm: 0.0303 | Ax: 1.0000000000 | um: 0.2696 | Au: 0.6461 | Aum: 0.9230
21-10-22 14:18:25 | Lx: 0.0011 | Lu: 0.1064 | Lcs: 3.4927 | Pm: 0.0303 | Ax: 1.0000000000 | um: 0.2697 | Au: 0.6469 | Aum: 0.9240
21-10-22 14:18:58 | Lx: 0.0011 | Lu: 0.1065 | Lcs: 3.4934 | Pm: 0.0304 | Ax: 1.0000000000 | um: 0.2700 | Au: 0.6478 | Aum: 0.9242
21-10-22 14:19:31 | Lx: 0.0011 | Lu: 0.1069 | Lcs: 3.4943 | Pm: 0.0304 | Ax: 1.0000000000 | um: 0.2705 | Au: 0.6484 | Aum: 0.9238
21-10-22 14:20:03 | Lx: 0.0011 | Lu: 0.1070 | Lcs: 3.4940 | Pm: 0.0305 | Ax: 1.0000000000 | um: 0.2708 | Au: 0.6490 | Aum: 0.9239
21-10-22 14:20:05 | A1: 6267.0000 | A5: 9497.0000 | Ae1: 6473.0000 | Ae5: 9372.0000
21-10-22 14:20:05 | Epoch 7. Acc: 39.9172. Ema-Acc: 41.2293. best_acc: 39.9172 in epoch7
21-10-22 14:20:39 | Lx: 0.0011 | Lu: 0.1009 | Lcs: 3.4674 | Pm: 0.0304 | Ax: 1.00000000 | um: 0.2679 | Au: 0.6543 | Aum: 0.9342
21-10-22 14:21:12 | Lx: 0.0011 | Lu: 0.1019 | Lcs: 3.4669 | Pm: 0.0304 | Ax: 1.0000000000 | um: 0.2663 | Au: 0.6581 | Aum: 0.9328
21-10-22 14:21:45 | Lx: 0.0011 | Lu: 0.1019 | Lcs: 3.4690 | Pm: 0.0306 | Ax: 1.0000000000 | um: 0.2660 | Au: 0.6598 | Aum: 0.9337
21-10-22 14:22:17 | Lx: 0.0011 | Lu: 0.1032 | Lcs: 3.4737 | Pm: 0.0308 | Ax: 1.0000000000 | um: 0.2676 | Au: 0.6596 | Aum: 0.9322
21-10-22 14:22:50 | Lx: 0.0011 | Lu: 0.1035 | Lcs: 3.4752 | Pm: 0.0308 | Ax: 1.0000000000 | um: 0.2679 | Au: 0.6599 | Aum: 0.9296
21-10-22 14:23:23 | Lx: 0.0011 | Lu: 0.1042 | Lcs: 3.4754 | Pm: 0.0310 | Ax: 1.0000000000 | um: 0.2705 | Au: 0.6592 | Aum: 0.9268
21-10-22 14:23:56 | Lx: 0.0011 | Lu: 0.1047 | Lcs: 3.4791 | Pm: 0.0311 | Ax: 1.0000000000 | um: 0.2714 | Au: 0.6595 | Aum: 0.9246
21-10-22 14:24:29 | Lx: 0.0011 | Lu: 0.1058 | Lcs: 3.4811 | Pm: 0.0311 | Ax: 1.0000000000 | um: 0.2728 | Au: 0.6598 | Aum: 0.9232
21-10-22 14:25:01 | Lx: 0.0011 | Lu: 0.1067 | Lcs: 3.4825 | Pm: 0.0313 | Ax: 1.0000000000 | um: 0.2740 | Au: 0.6602 | Aum: 0.9217
21-10-22 14:25:34 | Lx: 0.0011 | Lu: 0.1066 | Lcs: 3.4810 | Pm: 0.0313 | Ax: 1.0000000000 | um: 0.2741 | Au: 0.6608 | Aum: 0.9211
21-10-22 14:26:06 | Lx: 0.0011 | Lu: 0.1076 | Lcs: 3.4824 | Pm: 0.0315 | Ax: 1.0000000000 | um: 0.2758 | Au: 0.6602 | Aum: 0.9194
21-10-22 14:26:39 | Lx: 0.0011 | Lu: 0.1078 | Lcs: 3.4833 | Pm: 0.0315 | Ax: 1.0000000000 | um: 0.2764 | Au: 0.6608 | Aum: 0.9194
21-10-22 14:27:11 | Lx: 0.0011 | Lu: 0.1081 | Lcs: 3.4842 | Pm: 0.0317 | Ax: 1.0000000000 | um: 0.2774 | Au: 0.6615 | Aum: 0.9188
21-10-22 14:27:44 | Lx: 0.0010 | Lu: 0.1086 | Lcs: 3.4844 | Pm: 0.0317 | Ax: 1.0000000000 | um: 0.2782 | Au: 0.6623 | Aum: 0.9188
21-10-22 14:28:17 | Lx: 0.0010 | Lu: 0.1089 | Lcs: 3.4847 | Pm: 0.0318 | Ax: 1.0000000000 | um: 0.2791 | Au: 0.6629 | Aum: 0.9179
21-10-22 14:28:49 | Lx: 0.0010 | Lu: 0.1093 | Lcs: 3.4855 | Pm: 0.0319 | Ax: 1.0000000000 | um: 0.2801 | Au: 0.6632 | Aum: 0.9173
21-10-22 14:28:51 | A1: 6386.0000 | A5: 9492.0000 | Ae1: 6657.0000 | Ae5: 9464.0000
21-10-22 14:28:52 | Epoch 8. Acc: 40.6752. Ema-Acc: 42.4013. best_acc: 40.6752 in epoch8
21-10-22 14:29:25 | Lx: 0.0010 | Lu: 0.1160 | Lcs: 3.4777 | Pm: 0.0329 | Ax: 1.00000000 | um: 0.2902 | Au: 0.6768 | Aum: 0.9129
21-10-22 14:29:58 | Lx: 0.0010 | Lu: 0.1126 | Lcs: 3.4774 | Pm: 0.0329 | Ax: 1.0000000000 | um: 0.2878 | Au: 0.6747 | Aum: 0.9154
21-10-22 14:30:31 | Lx: 0.0010 | Lu: 0.1106 | Lcs: 3.4744 | Pm: 0.0325 | Ax: 1.0000000000 | um: 0.2827 | Au: 0.6761 | Aum: 0.9183
21-10-22 14:31:03 | Lx: 0.0010 | Lu: 0.1101 | Lcs: 3.4739 | Pm: 0.0324 | Ax: 1.0000000000 | um: 0.2821 | Au: 0.6773 | Aum: 0.9200
21-10-22 14:31:36 | Lx: 0.0010 | Lu: 0.1106 | Lcs: 3.4782 | Pm: 0.0326 | Ax: 1.0000000000 | um: 0.2821 | Au: 0.6784 | Aum: 0.9210
21-10-22 14:32:09 | Lx: 0.0010 | Lu: 0.1106 | Lcs: 3.4768 | Pm: 0.0326 | Ax: 1.0000000000 | um: 0.2819 | Au: 0.6794 | Aum: 0.9236
21-10-22 14:32:41 | Lx: 0.0010 | Lu: 0.1110 | Lcs: 3.4776 | Pm: 0.0326 | Ax: 1.0000000000 | um: 0.2832 | Au: 0.6818 | Aum: 0.9256
21-10-22 14:33:14 | Lx: 0.0010 | Lu: 0.1120 | Lcs: 3.4775 | Pm: 0.0327 | Ax: 1.0000000000 | um: 0.2847 | Au: 0.6829 | Aum: 0.9260
21-10-22 14:33:47 | Lx: 0.0010 | Lu: 0.1121 | Lcs: 3.4772 | Pm: 0.0328 | Ax: 1.0000000000 | um: 0.2857 | Au: 0.6834 | Aum: 0.9263
21-10-22 14:34:19 | Lx: 0.0010 | Lu: 0.1118 | Lcs: 3.4756 | Pm: 0.0328 | Ax: 1.0000000000 | um: 0.2856 | Au: 0.6848 | Aum: 0.9281
21-10-22 14:34:52 | Lx: 0.0010 | Lu: 0.1124 | Lcs: 3.4755 | Pm: 0.0328 | Ax: 1.0000000000 | um: 0.2867 | Au: 0.6869 | Aum: 0.9298
21-10-22 14:35:25 | Lx: 0.0010 | Lu: 0.1125 | Lcs: 3.4763 | Pm: 0.0328 | Ax: 1.0000000000 | um: 0.2865 | Au: 0.6888 | Aum: 0.9312
21-10-22 14:35:57 | Lx: 0.0010 | Lu: 0.1124 | Lcs: 3.4760 | Pm: 0.0329 | Ax: 1.0000000000 | um: 0.2869 | Au: 0.6898 | Aum: 0.9319
21-10-22 14:36:30 | Lx: 0.0010 | Lu: 0.1125 | Lcs: 3.4768 | Pm: 0.0329 | Ax: 1.0000000000 | um: 0.2874 | Au: 0.6908 | Aum: 0.9329
21-10-22 14:37:02 | Lx: 0.0010 | Lu: 0.1129 | Lcs: 3.4770 | Pm: 0.0330 | Ax: 1.0000000000 | um: 0.2880 | Au: 0.6918 | Aum: 0.9333
21-10-22 14:37:35 | Lx: 0.0010 | Lu: 0.1128 | Lcs: 3.4767 | Pm: 0.0330 | Ax: 1.0000000000 | um: 0.2881 | Au: 0.6925 | Aum: 0.9333
21-10-22 14:37:38 | A1: 6744.0000 | A5: 9545.0000 | Ae1: 6906.0000 | Ae5: 9547.0000
21-10-22 14:37:38 | Epoch 9. Acc: 42.9554. Ema-Acc: 43.9873. best_acc: 42.9554 in epoch9
21-10-22 14:38:11 | Lx: 0.0011 | Lu: 0.1096 | Lcs: 3.4642 | Pm: 0.0331 | Ax: 1.00000000 | um: 0.2869 | Au: 0.7049 | Aum: 0.9425
21-10-22 14:38:44 | Lx: 0.001032 | Lu: 0.1133 | Lcs: 3.4733 | Pm: 0.0340 | Ax: 1.0000000000 | um: 0.2951 | Au: 0.7105 | Aum: 0.9444
21-10-22 14:39:17 | Lx: 0.0010 | Lu: 0.1145 | Lcs: 3.4716 | Pm: 0.0340 | Ax: 1.0000000000 | um: 0.2966 | Au: 0.7117 | Aum: 0.9462
21-10-22 14:39:49 | Lx: 0.0010 | Lu: 0.1140 | Lcs: 3.4734 | Pm: 0.0339 | Ax: 1.0000000000 | um: 0.2954 | Au: 0.7106 | Aum: 0.9443
21-10-22 14:40:22 | Lx: 0.0010 | Lu: 0.1137 | Lcs: 3.4717 | Pm: 0.0337 | Ax: 1.0000000000 | um: 0.2942 | Au: 0.7105 | Aum: 0.9441
21-10-22 14:40:55 | Lx: 0.0010 | Lu: 0.1139 | Lcs: 3.4710 | Pm: 0.0338 | Ax: 1.0000000000 | um: 0.2955 | Au: 0.7109 | Aum: 0.9438
21-10-22 14:41:28 | Lx: 0.0010 | Lu: 0.1140 | Lcs: 3.4707 | Pm: 0.0339 | Ax: 1.0000000000 | um: 0.2963 | Au: 0.7117 | Aum: 0.9444
21-10-22 14:42:00 | Lx: 0.0010 | Lu: 0.1146 | Lcs: 3.4720 | Pm: 0.0340 | Ax: 1.0000000000 | um: 0.2971 | Au: 0.7118 | Aum: 0.9441
21-10-22 14:42:33 | Lx: 0.0010 | Lu: 0.1151 | Lcs: 3.4730 | Pm: 0.0341 | Ax: 1.0000000000 | um: 0.2982 | Au: 0.7127 | Aum: 0.9443
21-10-22 14:43:06 | Lx: 0.0010 | Lu: 0.1151 | Lcs: 3.4721 | Pm: 0.0342 | Ax: 1.0000000000 | um: 0.2983 | Au: 0.7137 | Aum: 0.9454
21-10-22 14:43:38 | Lx: 0.0010 | Lu: 0.1151 | Lcs: 3.4734 | Pm: 0.0342 | Ax: 1.0000000000 | um: 0.2980 | Au: 0.7140 | Aum: 0.9453
21-10-22 14:44:11 | Lx: 0.0010 | Lu: 0.1157 | Lcs: 3.4745 | Pm: 0.0343 | Ax: 1.0000000000 | um: 0.2985 | Au: 0.7142 | Aum: 0.9449
21-10-22 14:44:44 | Lx: 0.0010 | Lu: 0.1160 | Lcs: 3.4759 | Pm: 0.0343 | Ax: 1.0000000000 | um: 0.2993 | Au: 0.7150 | Aum: 0.9451
21-10-22 14:45:16 | Lx: 0.0010 | Lu: 0.1159 | Lcs: 3.4761 | Pm: 0.0343 | Ax: 1.0000000000 | um: 0.2991 | Au: 0.7156 | Aum: 0.9450
21-10-22 14:45:49 | Lx: 0.0010 | Lu: 0.1162 | Lcs: 3.4765 | Pm: 0.0344 | Ax: 1.0000000000 | um: 0.2995 | Au: 0.7164 | Aum: 0.9453
21-10-22 14:46:22 | Lx: 0.0010 | Lu: 0.1161 | Lcs: 3.4759 | Pm: 0.0344 | Ax: 1.0000000000 | um: 0.2990 | Au: 0.7167 | Aum: 0.9454
21-10-22 14:46:24 | A1: 7117.0000 | A5: 9617.0000 | Ae1: 7164.0000 | Ae5: 9609.0000
21-10-22 14:46:24 | Epoch 10. Acc: 45.3312. Ema-Acc: 45.6306. best_acc: 45.3312 in epoch10
21-10-22 14:46:58 | Lx: 0.0009 | Lu: 0.1132 | Lcs: 3.4614 | Pm: 0.0342 | Ax: 1.00000000 | um: 0.2966 | Au: 0.7239 | Aum: 0.9379
21-10-22 14:47:31 | Lx: 0.0009 | Lu: 0.1121 | Lcs: 3.4580 | Pm: 0.0342 | Ax: 1.0000000000 | um: 0.2937 | Au: 0.7214 | Aum: 0.9375
21-10-22 14:48:03 | Lx: 0.0009 | Lu: 0.1120 | Lcs: 3.4590 | Pm: 0.0340 | Ax: 1.0000000000 | um: 0.2911 | Au: 0.7206 | Aum: 0.9406
21-10-22 14:48:36 | Lx: 0.0009 | Lu: 0.1125 | Lcs: 3.4645 | Pm: 0.0340 | Ax: 1.0000000000 | um: 0.2908 | Au: 0.7225 | Aum: 0.9429
21-10-22 14:49:09 | Lx: 0.0009 | Lu: 0.1128 | Lcs: 3.4671 | Pm: 0.0341 | Ax: 1.0000000000 | um: 0.2913 | Au: 0.7239 | Aum: 0.9440
21-10-22 14:49:41 | Lx: 0.0009 | Lu: 0.1139 | Lcs: 3.4700 | Pm: 0.0344 | Ax: 1.0000000000 | um: 0.2943 | Au: 0.7252 | Aum: 0.9458
21-10-22 14:50:14 | Lx: 0.0009 | Lu: 0.1147 | Lcs: 3.4701 | Pm: 0.0346 | Ax: 1.0000000000 | um: 0.2958 | Au: 0.7250 | Aum: 0.9456
21-10-22 14:50:47 | Lx: 0.0009 | Lu: 0.1150 | Lcs: 3.4702 | Pm: 0.0347 | Ax: 1.0000000000 | um: 0.2970 | Au: 0.7254 | Aum: 0.9466
21-10-22 14:51:19 | Lx: 0.0009 | Lu: 0.1157 | Lcs: 3.4711 | Pm: 0.0349 | Ax: 1.0000000000 | um: 0.2993 | Au: 0.7263 | Aum: 0.9474
21-10-22 14:51:52 | Lx: 0.0009 | Lu: 0.1158 | Lcs: 3.4701 | Pm: 0.0350 | Ax: 1.0000000000 | um: 0.2998 | Au: 0.7271 | Aum: 0.9477
21-10-22 14:52:25 | Lx: 0.0009 | Lu: 0.1166 | Lcs: 3.4713 | Pm: 0.0351 | Ax: 1.0000000000 | um: 0.3013 | Au: 0.7276 | Aum: 0.9478
21-10-22 14:52:57 | Lx: 0.0009 | Lu: 0.1171 | Lcs: 3.4724 | Pm: 0.0351 | Ax: 1.0000000000 | um: 0.3015 | Au: 0.7288 | Aum: 0.9480
21-10-22 14:53:30 | Lx: 0.0009 | Lu: 0.1169 | Lcs: 3.4727 | Pm: 0.0351 | Ax: 1.0000000000 | um: 0.3016 | Au: 0.7297 | Aum: 0.9488
21-10-22 14:54:03 | Lx: 0.0009 | Lu: 0.1171 | Lcs: 3.4729 | Pm: 0.0352 | Ax: 1.0000000000 | um: 0.3020 | Au: 0.7305 | Aum: 0.9493
21-10-22 14:54:35 | Lx: 0.0009 | Lu: 0.1170 | Lcs: 3.4731 | Pm: 0.0352 | Ax: 1.0000000000 | um: 0.3017 | Au: 0.7313 | Aum: 0.9498
21-10-22 14:55:08 | Lx: 0.0009 | Lu: 0.1172 | Lcs: 3.4727 | Pm: 0.0352 | Ax: 1.0000000000 | um: 0.3022 | Au: 0.7316 | Aum: 0.9497
21-10-22 14:55:10 | A1: 7020.0000 | A5: 9645.0000 | Ae1: 7350.0000 | Ae5: 9640.0000
21-10-22 14:55:10 | Epoch 11. Acc: 44.7134. Ema-Acc: 46.8153. best_acc: 45.3312 in epoch10
21-10-22 14:55:44 | Lx: 0.0009 | Lu: 0.1187 | Lcs: 3.4638 | Pm: 0.0356 | Ax: 1.00000000 | um: 0.3093 | Au: 0.7368 | Aum: 0.9555
21-10-22 14:56:17 | Lx: 0.000871 | Lu: 0.1205 | Lcs: 3.4662 | Pm: 0.0364 | Ax: 1.0000000000 | um: 0.3148 | Au: 0.7363 | Aum: 0.9514
21-10-22 14:56:49 | Lx: 0.0009 | Lu: 0.1193 | Lcs: 3.4621 | Pm: 0.0362 | Ax: 1.0000000000 | um: 0.3110 | Au: 0.7378 | Aum: 0.9518
21-10-22 14:57:22 | Lx: 0.0009 | Lu: 0.1193 | Lcs: 3.4627 | Pm: 0.0361 | Ax: 1.0000000000 | um: 0.3108 | Au: 0.7388 | Aum: 0.9527
21-10-22 14:57:55 | Lx: 0.0009 | Lu: 0.1189 | Lcs: 3.4624 | Pm: 0.0358 | Ax: 1.0000000000 | um: 0.3079 | Au: 0.7376 | Aum: 0.9511
21-10-22 14:58:27 | Lx: 0.0009 | Lu: 0.1192 | Lcs: 3.4621 | Pm: 0.0358 | Ax: 1.0000000000 | um: 0.3079 | Au: 0.7372 | Aum: 0.9502
21-10-22 14:59:00 | Lx: 0.0009 | Lu: 0.1197 | Lcs: 3.4651 | Pm: 0.0359 | Ax: 1.0000000000 | um: 0.3080 | Au: 0.7386 | Aum: 0.9511
21-10-22 14:59:33 | Lx: 0.0009 | Lu: 0.1200 | Lcs: 3.4666 | Pm: 0.0360 | Ax: 1.0000000000 | um: 0.3080 | Au: 0.7388 | Aum: 0.9504
21-10-22 15:00:06 | Lx: 0.0009 | Lu: 0.1201 | Lcs: 3.4672 | Pm: 0.0360 | Ax: 1.0000000000 | um: 0.3082 | Au: 0.7389 | Aum: 0.9507
21-10-22 15:00:38 | Lx: 0.0009 | Lu: 0.1195 | Lcs: 3.4642 | Pm: 0.0359 | Ax: 1.0000000000 | um: 0.3071 | Au: 0.7393 | Aum: 0.9506
21-10-22 15:01:11 | Lx: 0.0009 | Lu: 0.1198 | Lcs: 3.4654 | Pm: 0.0360 | Ax: 1.0000000000 | um: 0.3083 | Au: 0.7397 | Aum: 0.9506
21-10-22 15:01:44 | Lx: 0.0009 | Lu: 0.1203 | Lcs: 3.4677 | Pm: 0.0360 | Ax: 1.0000000000 | um: 0.3084 | Au: 0.7401 | Aum: 0.9506
21-10-22 15:02:16 | Lx: 0.0009 | Lu: 0.1203 | Lcs: 3.4680 | Pm: 0.0360 | Ax: 1.0000000000 | um: 0.3094 | Au: 0.7405 | Aum: 0.9507
21-10-22 15:02:49 | Lx: 0.0009 | Lu: 0.1206 | Lcs: 3.4695 | Pm: 0.0361 | Ax: 1.0000000000 | um: 0.3098 | Au: 0.7409 | Aum: 0.9507
21-10-22 15:03:22 | Lx: 0.0009 | Lu: 0.1206 | Lcs: 3.4699 | Pm: 0.0361 | Ax: 1.0000000000 | um: 0.3099 | Au: 0.7412 | Aum: 0.9508
21-10-22 15:03:54 | Lx: 0.0009 | Lu: 0.1204 | Lcs: 3.4700 | Pm: 0.0361 | Ax: 1.0000000000 | um: 0.3097 | Au: 0.7414 | Aum: 0.9503
21-10-22 15:03:56 | A1: 7215.0000 | A5: 9495.0000 | Ae1: 7455.0000 | Ae5: 9663.0000
21-10-22 15:03:56 | Epoch 12. Acc: 45.9554. Ema-Acc: 47.4841. best_acc: 45.9554 in epoch12
21-10-22 15:04:31 | Lx: 0.000889 | Lu: 0.1187 | Lcs: 3.4590 | Pm: 0.0369 | Ax: 1.00000000 | um: 0.3090 | Au: 0.7451 | Aum: 0.9513
21-10-22 15:05:03 | Lx: 0.0009 | Lu: 0.1186 | Lcs: 3.4620 | Pm: 0.0363 | Ax: 1.0000000000 | um: 0.3060 | Au: 0.7454 | Aum: 0.9508
21-10-22 15:05:36 | Lx: 0.0009 | Lu: 0.1185 | Lcs: 3.4582 | Pm: 0.0360 | Ax: 1.0000000000 | um: 0.3059 | Au: 0.7457 | Aum: 0.9498
21-10-22 15:06:09 | Lx: 0.000852 | Lu: 0.1199 | Lcs: 3.4608 | Pm: 0.0361 | Ax: 1.0000000000 | um: 0.3075 | Au: 0.7468 | Aum: 0.9506
21-10-22 15:06:41 | Lx: 0.0009 | Lu: 0.1189 | Lcs: 3.4617 | Pm: 0.0360 | Ax: 1.0000000000 | um: 0.3055 | Au: 0.7471 | Aum: 0.9525
21-10-22 15:07:14 | Lx: 0.0009 | Lu: 0.1190 | Lcs: 3.4618 | Pm: 0.0361 | Ax: 1.0000000000 | um: 0.3060 | Au: 0.7475 | Aum: 0.9532
21-10-22 15:07:47 | Lx: 0.0009 | Lu: 0.1186 | Lcs: 3.4593 | Pm: 0.0360 | Ax: 1.0000000000 | um: 0.3048 | Au: 0.7476 | Aum: 0.9532
21-10-22 15:08:19 | Lx: 0.0008 | Lu: 0.1183 | Lcs: 3.4584 | Pm: 0.0359 | Ax: 1.0000000000 | um: 0.3040 | Au: 0.7479 | Aum: 0.9530
21-10-22 15:08:52 | Lx: 0.0008 | Lu: 0.1176 | Lcs: 3.4573 | Pm: 0.0358 | Ax: 1.0000000000 | um: 0.3026 | Au: 0.7479 | Aum: 0.9530
21-10-22 15:09:25 | Lx: 0.0008 | Lu: 0.1176 | Lcs: 3.4553 | Pm: 0.0358 | Ax: 1.0000000000 | um: 0.3031 | Au: 0.7481 | Aum: 0.9523
21-10-22 15:09:57 | Lx: 0.000843 | Lu: 0.1180 | Lcs: 3.4568 | Pm: 0.0360 | Ax: 1.0000000000 | um: 0.3042 | Au: 0.7481 | Aum: 0.9523
21-10-22 15:10:30 | Lx: 0.0008 | Lu: 0.1182 | Lcs: 3.4576 | Pm: 0.0360 | Ax: 1.0000000000 | um: 0.3041 | Au: 0.7476 | Aum: 0.9519
21-10-22 15:11:03 | Lx: 0.0008 | Lu: 0.1178 | Lcs: 3.4564 | Pm: 0.0359 | Ax: 1.0000000000 | um: 0.3036 | Au: 0.7476 | Aum: 0.9522
21-10-22 15:11:35 | Lx: 0.0008 | Lu: 0.1174 | Lcs: 3.4573 | Pm: 0.0358 | Ax: 1.0000000000 | um: 0.3024 | Au: 0.7476 | Aum: 0.9518
21-10-22 15:12:08 | Lx: 0.0008 | Lu: 0.1172 | Lcs: 3.4576 | Pm: 0.0358 | Ax: 1.0000000000 | um: 0.3019 | Au: 0.7478 | Aum: 0.9518
21-10-22 15:12:41 | Lx: 0.0008 | Lu: 0.1171 | Lcs: 3.4568 | Pm: 0.0358 | Ax: 1.0000000000 | um: 0.3017 | Au: 0.7482 | Aum: 0.9521
21-10-22 15:12:43 | A1: 7340.0000 | A5: 9697.0000 | Ae1: 7529.0000 | Ae5: 9690.0000
21-10-22 15:12:43 | Epoch 13. Acc: 46.7516. Ema-Acc: 47.9554. best_acc: 46.7516 in epoch13
21-10-22 15:13:17 | Lx: 0.0009 | Lu: 0.1070 | Lcs: 3.4173 | Pm: 0.0340 | Ax: 1.00000000 | um: 0.2858 | Au: 0.7530 | Aum: 0.9591
21-10-22 15:13:50 | Lx: 0.0009 | Lu: 0.1094 | Lcs: 3.4310 | Pm: 0.0345 | Ax: 1.0000000000 | um: 0.2898 | Au: 0.7540 | Aum: 0.9555
21-10-22 15:14:22 | Lx: 0.0008 | Lu: 0.1097 | Lcs: 3.4315 | Pm: 0.0344 | Ax: 1.0000000000 | um: 0.2883 | Au: 0.7542 | Aum: 0.9552
21-10-22 15:14:55 | Lx: 0.0009 | Lu: 0.1107 | Lcs: 3.4371 | Pm: 0.0347 | Ax: 1.0000000000 | um: 0.2902 | Au: 0.7545 | Aum: 0.9545
21-10-22 15:15:28 | Lx: 0.0009 | Lu: 0.1119 | Lcs: 3.4381 | Pm: 0.0348 | Ax: 1.0000000000 | um: 0.2919 | Au: 0.7545 | Aum: 0.9550
21-10-22 15:16:01 | Lx: 0.0009 | Lu: 0.1142 | Lcs: 3.4411 | Pm: 0.0352 | Ax: 1.0000000000 | um: 0.2971 | Au: 0.7549 | Aum: 0.9551
21-10-22 15:16:33 | Lx: 0.0009 | Lu: 0.1151 | Lcs: 3.4434 | Pm: 0.0354 | Ax: 1.0000000000 | um: 0.2985 | Au: 0.7553 | Aum: 0.9551
21-10-22 15:17:06 | Lx: 0.0009 | Lu: 0.1154 | Lcs: 3.4446 | Pm: 0.0355 | Ax: 1.0000000000 | um: 0.2995 | Au: 0.7553 | Aum: 0.9551
21-10-22 15:17:39 | Lx: 0.0009 | Lu: 0.1152 | Lcs: 3.4436 | Pm: 0.0354 | Ax: 1.0000000000 | um: 0.2992 | Au: 0.7549 | Aum: 0.9550
21-10-22 15:18:12 | Lx: 0.000853 | Lu: 0.1148 | Lcs: 3.4423 | Pm: 0.0354 | Ax: 1.0000000000 | um: 0.2986 | Au: 0.7549 | Aum: 0.9546
21-10-22 15:18:45 | Lx: 0.0008 | Lu: 0.1151 | Lcs: 3.4436 | Pm: 0.0355 | Ax: 1.0000000000 | um: 0.2994 | Au: 0.7560 | Aum: 0.9550
21-10-22 15:19:17 | Lx: 0.0008 | Lu: 0.1155 | Lcs: 3.4451 | Pm: 0.0355 | Ax: 1.0000000000 | um: 0.2999 | Au: 0.7568 | Aum: 0.9553
21-10-22 15:19:50 | Lx: 0.000845 | Lu: 0.1158 | Lcs: 3.4462 | Pm: 0.0356 | Ax: 1.0000000000 | um: 0.3002 | Au: 0.7572 | Aum: 0.9551
21-10-22 15:20:23 | Lx: 0.0008 | Lu: 0.1158 | Lcs: 3.4462 | Pm: 0.0356 | Ax: 1.0000000000 | um: 0.3000 | Au: 0.7576 | Aum: 0.9554
21-10-22 15:20:55 | Lx: 0.0008 | Lu: 0.1159 | Lcs: 3.4462 | Pm: 0.0356 | Ax: 1.0000000000 | um: 0.2996 | Au: 0.7582 | Aum: 0.9554
21-10-22 15:21:28 | Lx: 0.0008 | Lu: 0.1158 | Lcs: 3.4455 | Pm: 0.0356 | Ax: 1.0000000000 | um: 0.2995 | Au: 0.7585 | Aum: 0.9555
21-10-22 15:21:30 | A1: 7112.0000 | A5: 9637.0000 | Ae1: 7636.0000 | Ae5: 9715.0000
21-10-22 15:21:30 | Epoch 14. Acc: 45.2994. Ema-Acc: 48.6369. best_acc: 46.7516 in epoch13
21-10-22 15:22:04 | Lx: 0.0008 | Lu: 0.1201 | Lcs: 3.4489 | Pm: 0.0369 | Ax: 1.00000000 | um: 0.3133 | Au: 0.7599 | Aum: 0.9547
21-10-22 15:22:37 | Lx: 0.000745 | Lu: 0.1175 | Lcs: 3.4406 | Pm: 0.0362 | Ax: 1.0000000000 | um: 0.3061 | Au: 0.7592 | Aum: 0.9574
21-10-22 15:23:10 | Lx: 0.0008 | Lu: 0.1148 | Lcs: 3.4345 | Pm: 0.0356 | Ax: 1.0000000000 | um: 0.3001 | Au: 0.7600 | Aum: 0.9558
21-10-22 15:23:42 | Lx: 0.0008 | Lu: 0.1147 | Lcs: 3.4360 | Pm: 0.0357 | Ax: 1.0000000000 | um: 0.2992 | Au: 0.7613 | Aum: 0.9567
