21-10-20 15:48:45 | {'alpha': 0.9, 'batchsize': 64, 'checkpoint': '', 'contrast_th': 0.8, 'dataset': 'CIFAR10', 'device': 0, 'ema_m': 0.999, 'eval_ema': True, 'exp_dir': 'CoMatch', 'lam_c': 1, 'lam_u': 1.0, 'low_dim': 64, 'lr': 0.03, 'momentum': 0.9, 'mu': 7, 'n_classes': 10, 'n_epoches': 512, 'n_imgs_per_epoch': 65536, 'n_labeled': 40, 'queue_batch': 5, 'root': '/home/yanghaozhe/.cache/lumo', 'seed': 10, 'temperature': 0.2, 'thr': 0.95, 'weight_decay': 0.0005, 'wresnet_k': 2, 'wresnet_n': 28}
21-10-20 15:48:45 | ***** Running training *****
21-10-20 15:48:45 |   Task = CIFAR10@40
21-10-20 15:48:49 | Total params: 1.49M
21-10-20 15:48:49 | -----------start training--------------
21-10-20 15:49:22 | Pm: 0.0028 | Ax: 0.7002 | um: 0.0020 | Au: 0.2014 | Aum: 0.5290
21-10-20 15:49:54 | Pm: 0.0052 | Ax: 0.8458 | um: 0.0139 | Au: 0.2147 | Aum: 0.4863
21-10-20 15:50:26 | Pm: 0.0073 | Ax: 0.8972 | um: 0.0232 | Au: 0.2221 | Aum: 0.4682
21-10-20 15:50:58 | Pm: 0.0084 | Ax: 0.9229 | um: 0.0273 | Au: 0.2277 | Aum: 0.4664
21-10-20 15:51:30 | Pm: 0.0090 | Ax: 0.9383 | um: 0.0292 | Au: 0.2313 | Aum: 0.4694
21-10-20 15:52:02 | Pm: 0.0094 | Ax: 0.9486 | um: 0.0301 | Au: 0.2338 | Aum: 0.4742
21-10-20 15:52:34 | Pm: 0.0095 | Ax: 0.9560 | um: 0.0298 | Au: 0.2362 | Aum: 0.4849
21-10-20 15:53:06 | Pm: 0.0097 | Ax: 0.9613 | um: 0.0293 | Au: 0.2388 | Aum: 0.4955
21-10-20 15:53:38 | Pm: 0.0097 | Ax: 0.9656 | um: 0.0287 | Au: 0.2406 | Aum: 0.4967
21-10-20 15:54:10 | Pm: 0.0097 | Ax: 0.9689 | um: 0.0281 | Au: 0.2429 | Aum: 0.5008
21-10-20 15:54:42 | Pm: 0.0098 | Ax: 0.9718 | um: 0.0282 | Au: 0.2449 | Aum: 0.5045
21-10-20 15:55:14 | Pm: 0.0098 | Ax: 0.9741 | um: 0.0278 | Au: 0.2474 | Aum: 0.5128
21-10-20 15:55:46 | Pm: 0.0097 | Ax: 0.9761 | um: 0.0269 | Au: 0.2498 | Aum: 0.5260
21-10-20 15:56:18 | Pm: 0.0097 | Ax: 0.9778 | um: 0.0262 | Au: 0.2518 | Aum: 0.5359
21-10-20 15:56:50 | Pm: 0.0096 | Ax: 0.9793 | um: 0.0255 | Au: 0.2538 | Aum: 0.5472
21-10-20 15:57:22 | Pm: 0.0096 | Ax: 0.9806 | um: 0.0251 | Au: 0.2560 | Aum: 0.5569
21-10-20 15:57:24 | A1: 2393.0000 | A5: 6877.0000 | Ae1: 2152.0000 | Ae5: 6651.0000
21-10-20 15:57:24 | Epoch 0. Acc: 15.2420. Ema-Acc: 13.7070. best_acc: 15.2420 in epoch0
21-10-20 15:57:58 | Pm: 0.0080 | Ax: 1.00000000 | um: 0.0179 | Au: 0.2895 | Aum: 0.7227
21-10-20 15:58:30 | Pm: 0.0080 | Ax: 1.0000000000 | um: 0.0178 | Au: 0.2923 | Aum: 0.7514
21-10-20 15:59:02 | Pm: 0.0079 | Ax: 1.0000000000 | um: 0.0175 | Au: 0.2952 | Aum: 0.7413
21-10-20 15:59:34 | Pm: 0.0080 | Ax: 1.0000000000 | um: 0.0184 | Au: 0.2972 | Aum: 0.7530
21-10-20 16:00:06 | Pm: 0.0079 | Ax: 1.0000000000 | um: 0.0188 | Au: 0.3001 | Aum: 0.7559
21-10-20 16:00:38 | Pm: 0.0080 | Ax: 1.0000000000 | um: 0.0197 | Au: 0.3029 | Aum: 0.7607
21-10-20 16:01:10 | Pm: 0.0080 | Ax: 1.0000000000 | um: 0.0206 | Au: 0.3051 | Aum: 0.7609
21-10-20 16:01:43 | Pm: 0.0080 | Ax: 1.0000000000 | um: 0.0213 | Au: 0.3065 | Aum: 0.7605
21-10-20 16:02:15 | Pm: 0.0080 | Ax: 1.0000000000 | um: 0.0215 | Au: 0.3086 | Aum: 0.7625
21-10-20 16:02:47 | Pm: 0.0079 | Ax: 1.0000000000 | um: 0.0219 | Au: 0.3108 | Aum: 0.7648
21-10-20 16:03:19 | Pm: 0.0079 | Ax: 1.0000000000 | um: 0.0221 | Au: 0.3127 | Aum: 0.7681
21-10-20 16:03:51 | Pm: 0.0080 | Ax: 1.0000000000 | um: 0.0230 | Au: 0.3144 | Aum: 0.7690
21-10-20 16:04:23 | Pm: 0.0080 | Ax: 1.0000000000 | um: 0.0235 | Au: 0.3161 | Aum: 0.7712
21-10-20 16:04:55 | Pm: 0.0080 | Ax: 1.0000000000 | um: 0.0242 | Au: 0.3180 | Aum: 0.7712
21-10-20 16:05:28 | Pm: 0.0080 | Ax: 1.0000000000 | um: 0.0247 | Au: 0.3197 | Aum: 0.7710
21-10-20 16:06:00 | Pm: 0.0080 | Ax: 1.0000000000 | um: 0.0255 | Au: 0.3215 | Aum: 0.7723
21-10-20 16:06:02 | A1: 1809.0000 | A5: 6567.0000 | Ae1: 2798.0000 | Ae5: 7678.0000
21-10-20 16:06:02 | Epoch 1. Acc: 11.5223. Ema-Acc: 17.8217. best_acc: 15.2420 in epoch0
21-10-20 16:06:35 | Pm: 0.0082 | Ax: 1.00000000 | um: 0.0342 | Au: 0.3456 | Aum: 0.7679
21-10-20 16:07:08 | Pm: 0.0081 | Ax: 1.0000000000 | um: 0.0358 | Au: 0.3477 | Aum: 0.7806
21-10-20 16:07:40 | Pm: 0.0081 | Ax: 1.0000000000 | um: 0.0368 | Au: 0.3489 | Aum: 0.7874
21-10-20 16:08:12 | Pm: 0.0082 | Ax: 1.0000000000 | um: 0.0385 | Au: 0.3497 | Aum: 0.7856
21-10-20 16:08:44 | Pm: 0.0083 | Ax: 1.0000000000 | um: 0.0396 | Au: 0.3517 | Aum: 0.7796
21-10-20 16:09:16 | Pm: 0.0084 | Ax: 1.0000000000 | um: 0.0411 | Au: 0.3527 | Aum: 0.7778
21-10-20 16:09:48 | Pm: 0.0085 | Ax: 1.0000000000 | um: 0.0425 | Au: 0.3543 | Aum: 0.7760
21-10-20 16:10:21 | Pm: 0.0085 | Ax: 1.0000000000 | um: 0.0433 | Au: 0.3562 | Aum: 0.7810
21-10-20 16:10:53 | Pm: 0.0086 | Ax: 1.0000000000 | um: 0.0448 | Au: 0.3578 | Aum: 0.7818
21-10-20 16:11:25 | Pm: 0.0087 | Ax: 1.0000000000 | um: 0.0459 | Au: 0.3588 | Aum: 0.7808
21-10-20 16:11:57 | Pm: 0.0088 | Ax: 1.0000000000 | um: 0.0475 | Au: 0.3602 | Aum: 0.7798
21-10-20 16:12:29 | Pm: 0.0090 | Ax: 1.0000000000 | um: 0.0491 | Au: 0.3614 | Aum: 0.7794
21-10-20 16:13:01 | Pm: 0.0090 | Ax: 1.0000000000 | um: 0.0503 | Au: 0.3630 | Aum: 0.7797
21-10-20 16:13:34 | Pm: 0.0091 | Ax: 1.0000000000 | um: 0.0512 | Au: 0.3648 | Aum: 0.7818
21-10-20 16:14:06 | Pm: 0.0092 | Ax: 1.0000000000 | um: 0.0524 | Au: 0.3660 | Aum: 0.7781
21-10-20 16:14:38 | Pm: 0.0092 | Ax: 1.0000000000 | um: 0.0538 | Au: 0.3675 | Aum: 0.7780
21-10-20 16:14:40 | A1: 1598.0000 | A5: 6777.0000 | Ae1: 3330.0000 | Ae5: 8184.0000
21-10-20 16:14:40 | Epoch 2. Acc: 10.1783. Ema-Acc: 21.2102. best_acc: 15.2420 in epoch0
21-10-20 16:15:14 | Pm: 0.0107 | Ax: 1.00000000 | um: 0.0787 | Au: 0.3894 | Aum: 0.7499
21-10-20 16:15:46 | Pm: 0.0107 | Ax: 1.0000000000 | um: 0.0797 | Au: 0.3955 | Aum: 0.7413
21-10-20 16:16:19 | Pm: 0.0109 | Ax: 1.0000000000 | um: 0.0817 | Au: 0.3974 | Aum: 0.7396
21-10-20 16:16:51 | Pm: 0.0110 | Ax: 1.0000000000 | um: 0.0834 | Au: 0.3975 | Aum: 0.7409
21-10-20 16:17:24 | Pm: 0.0110 | Ax: 1.0000000000 | um: 0.0838 | Au: 0.3977 | Aum: 0.7487
21-10-20 16:17:56 | Pm: 0.0112 | Ax: 1.0000000000 | um: 0.0862 | Au: 0.4015 | Aum: 0.7514
21-10-20 16:18:28 | Pm: 0.0113 | Ax: 1.0000000000 | um: 0.0885 | Au: 0.4037 | Aum: 0.7540
21-10-20 16:19:00 | Pm: 0.0114 | Ax: 1.0000000000 | um: 0.0905 | Au: 0.4066 | Aum: 0.7583
21-10-20 16:19:33 | Pm: 0.0116 | Ax: 1.0000000000 | um: 0.0924 | Au: 0.4085 | Aum: 0.7595
21-10-20 16:20:05 | Pm: 0.0117 | Ax: 1.0000000000 | um: 0.0947 | Au: 0.4112 | Aum: 0.7616
21-10-20 16:20:37 | Pm: 0.0119 | Ax: 1.0000000000 | um: 0.0968 | Au: 0.4135 | Aum: 0.7627
21-10-20 16:21:10 | Pm: 0.0120 | Ax: 1.0000000000 | um: 0.0988 | Au: 0.4159 | Aum: 0.7641
21-10-20 16:21:42 | Pm: 0.0122 | Ax: 1.0000000000 | um: 0.1013 | Au: 0.4187 | Aum: 0.7666
21-10-20 16:22:14 | Pm: 0.0124 | Ax: 1.0000000000 | um: 0.1035 | Au: 0.4213 | Aum: 0.7690
21-10-20 16:22:47 | Pm: 0.0126 | Ax: 1.0000000000 | um: 0.1056 | Au: 0.4241 | Aum: 0.7717
21-10-20 16:23:19 | Pm: 0.0128 | Ax: 1.0000000000 | um: 0.1080 | Au: 0.4273 | Aum: 0.7752
21-10-20 16:23:21 | A1: 3169.0000 | A5: 8046.0000 | Ae1: 3967.0000 | Ae5: 8550.0000
21-10-20 16:23:21 | Epoch 3. Acc: 20.1847. Ema-Acc: 25.2675. best_acc: 20.1847 in epoch3
21-10-20 16:23:55 | Pm: 0.0161 | Ax: 1.00000000 | um: 0.1504 | Au: 0.4763 | Aum: 0.8054
21-10-20 16:24:27 | Pm: 0.0160 | Ax: 1.0000000000 | um: 0.1491 | Au: 0.4750 | Aum: 0.8168
21-10-20 16:24:59 | Pm: 0.0164 | Ax: 1.0000000000 | um: 0.1533 | Au: 0.4765 | Aum: 0.8182
21-10-20 16:25:31 | Pm: 0.0166 | Ax: 1.0000000000 | um: 0.1551 | Au: 0.4797 | Aum: 0.8179
21-10-20 16:26:03 | Pm: 0.0171 | Ax: 1.0000000000 | um: 0.1598 | Au: 0.4828 | Aum: 0.8249
21-10-20 16:26:35 | Pm: 0.0175 | Ax: 1.0000000000 | um: 0.1621 | Au: 0.4863 | Aum: 0.8279
21-10-20 16:27:08 | Pm: 0.0178 | Ax: 1.0000000000 | um: 0.1650 | Au: 0.4893 | Aum: 0.8291
21-10-20 16:27:40 | Pm: 0.0180 | Ax: 1.0000000000 | um: 0.1674 | Au: 0.4920 | Aum: 0.8337
21-10-20 16:28:12 | Pm: 0.0183 | Ax: 1.0000000000 | um: 0.1696 | Au: 0.4944 | Aum: 0.8355
21-10-20 16:28:44 | Pm: 0.0185 | Ax: 1.0000000000 | um: 0.1715 | Au: 0.4969 | Aum: 0.8377
21-10-20 16:29:16 | Pm: 0.0187 | Ax: 1.0000000000 | um: 0.1727 | Au: 0.4985 | Aum: 0.8380
21-10-20 16:29:48 | Pm: 0.0189 | Ax: 1.0000000000 | um: 0.1744 | Au: 0.5009 | Aum: 0.8404
21-10-20 16:30:21 | Pm: 0.0191 | Ax: 1.0000000000 | um: 0.1763 | Au: 0.5037 | Aum: 0.8431
21-10-20 16:30:53 | Pm: 0.0193 | Ax: 1.0000000000 | um: 0.1780 | Au: 0.5060 | Aum: 0.8456
21-10-20 16:31:25 | Pm: 0.0195 | Ax: 1.0000000000 | um: 0.1801 | Au: 0.5082 | Aum: 0.8477
21-10-20 16:31:57 | Pm: 0.0197 | Ax: 1.0000000000 | um: 0.1816 | Au: 0.5100 | Aum: 0.8494
21-10-20 16:32:00 | A1: 3676.0000 | A5: 8711.0000 | Ae1: 4870.0000 | Ae5: 8764.0000
21-10-20 16:32:00 | Epoch 4. Acc: 23.4140. Ema-Acc: 31.0191. best_acc: 23.4140 in epoch4
21-10-20 16:32:33 | Pm: 0.0230 | Ax: 1.00000000 | um: 0.2133 | Au: 0.5444 | Aum: 0.8798
21-10-20 16:33:05 | Pm: 0.0236 | Ax: 1.0000000000 | um: 0.2169 | Au: 0.5447 | Aum: 0.8750
21-10-20 16:33:37 | Pm: 0.0238 | Ax: 1.0000000000 | um: 0.2185 | Au: 0.5450 | Aum: 0.8774
21-10-20 16:34:10 | Pm: 0.0238 | Ax: 1.0000000000 | um: 0.2185 | Au: 0.5485 | Aum: 0.8785
21-10-20 16:34:42 | Pm: 0.0239 | Ax: 1.0000000000 | um: 0.2192 | Au: 0.5502 | Aum: 0.8786
21-10-20 16:35:14 | Pm: 0.0240 | Ax: 1.0000000000 | um: 0.2208 | Au: 0.5525 | Aum: 0.8817
21-10-20 16:35:46 | Pm: 0.0242 | Ax: 1.0000000000 | um: 0.2216 | Au: 0.5542 | Aum: 0.8845
21-10-20 16:36:18 | Pm: 0.0243 | Ax: 1.0000000000 | um: 0.2227 | Au: 0.5563 | Aum: 0.8869
21-10-20 16:36:51 | Pm: 0.0245 | Ax: 1.0000000000 | um: 0.2243 | Au: 0.5585 | Aum: 0.8892
21-10-20 16:37:23 | Pm: 0.0246 | Ax: 1.0000000000 | um: 0.2252 | Au: 0.5603 | Aum: 0.8900
21-10-20 16:37:55 | Pm: 0.0247 | Ax: 1.0000000000 | um: 0.2261 | Au: 0.5623 | Aum: 0.8915
21-10-20 16:38:27 | Pm: 0.0248 | Ax: 1.0000000000 | um: 0.2271 | Au: 0.5636 | Aum: 0.8929
21-10-20 16:38:59 | Pm: 0.0250 | Ax: 1.0000000000 | um: 0.2285 | Au: 0.5657 | Aum: 0.8944
21-10-20 16:39:31 | Pm: 0.0251 | Ax: 1.0000000000 | um: 0.2290 | Au: 0.5670 | Aum: 0.8963
21-10-20 16:40:03 | Pm: 0.0251 | Ax: 1.0000000000 | um: 0.2299 | Au: 0.5684 | Aum: 0.8980
21-10-20 16:40:36 | Pm: 0.0252 | Ax: 1.0000000000 | um: 0.2303 | Au: 0.5702 | Aum: 0.8998
21-10-20 16:40:38 | A1: 4846.0000 | A5: 8911.0000 | Ae1: 5512.0000 | Ae5: 8905.0000
21-10-20 16:40:38 | Epoch 5. Acc: 30.8662. Ema-Acc: 35.1083. best_acc: 30.8662 in epoch5
21-10-20 16:41:11 | Pm: 0.0272 | Ax: 1.00000000 | um: 0.2459 | Au: 0.5921 | Aum: 0.9248
21-10-20 16:41:43 | Pm: 0.0274 | Ax: 1.0000000000 | um: 0.2470 | Au: 0.5945 | Aum: 0.9255
21-10-20 16:42:16 | Pm: 0.0273 | Ax: 1.0000000000 | um: 0.2452 | Au: 0.6002 | Aum: 0.9278
21-10-20 16:42:48 | Pm: 0.0271 | Ax: 1.0000000000 | um: 0.2435 | Au: 0.6016 | Aum: 0.9281
21-10-20 16:43:20 | Pm: 0.0269 | Ax: 1.0000000000 | um: 0.2409 | Au: 0.6031 | Aum: 0.9295
21-10-20 16:43:52 | Pm: 0.0268 | Ax: 1.0000000000 | um: 0.2399 | Au: 0.6049 | Aum: 0.9322
21-10-20 16:44:24 | Pm: 0.0270 | Ax: 1.0000000000 | um: 0.2406 | Au: 0.6062 | Aum: 0.9324
21-10-20 16:44:57 | Pm: 0.0269 | Ax: 1.0000000000 | um: 0.2404 | Au: 0.6074 | Aum: 0.9331
21-10-20 16:45:29 | Pm: 0.0270 | Ax: 1.0000000000 | um: 0.2401 | Au: 0.6096 | Aum: 0.9329
21-10-20 16:46:02 | Pm: 0.0269 | Ax: 1.0000000000 | um: 0.2393 | Au: 0.6106 | Aum: 0.9323
21-10-20 16:46:34 | Pm: 0.0269 | Ax: 1.0000000000 | um: 0.2385 | Au: 0.6114 | Aum: 0.9319
21-10-20 16:47:07 | Pm: 0.0268 | Ax: 1.0000000000 | um: 0.2382 | Au: 0.6123 | Aum: 0.9315
21-10-20 16:47:39 | Pm: 0.0269 | Ax: 1.0000000000 | um: 0.2382 | Au: 0.6132 | Aum: 0.9313
21-10-20 16:48:12 | Pm: 0.0269 | Ax: 1.0000000000 | um: 0.2385 | Au: 0.6144 | Aum: 0.9317
21-10-20 16:48:44 | Pm: 0.0269 | Ax: 1.0000000000 | um: 0.2383 | Au: 0.6152 | Aum: 0.9323
21-10-20 16:49:17 | Pm: 0.0269 | Ax: 1.0000000000 | um: 0.2381 | Au: 0.6161 | Aum: 0.9327
21-10-20 16:49:19 | A1: 5621.0000 | A5: 8968.0000 | Ae1: 6069.0000 | Ae5: 9017.0000
21-10-20 16:49:19 | Epoch 6. Acc: 35.8025. Ema-Acc: 38.6561. best_acc: 35.8025 in epoch6
21-10-20 16:49:53 | Pm: 0.0265 | Ax: 1.00000000 | um: 0.2298 | Au: 0.6248 | Aum: 0.9330
21-10-20 16:50:25 | Pm: 0.0269 | Ax: 1.0000000000 | um: 0.2334 | Au: 0.6294 | Aum: 0.9309
21-10-20 16:50:57 | Pm: 0.0271 | Ax: 1.0000000000 | um: 0.2360 | Au: 0.6331 | Aum: 0.9298
21-10-20 16:51:29 | Pm: 0.0269 | Ax: 1.0000000000 | um: 0.2348 | Au: 0.6325 | Aum: 0.9276
21-10-20 16:52:02 | Pm: 0.0269 | Ax: 1.0000000000 | um: 0.2346 | Au: 0.6331 | Aum: 0.9275
21-10-20 16:52:34 | Pm: 0.0271 | Ax: 1.0000000000 | um: 0.2362 | Au: 0.6323 | Aum: 0.9288
21-10-20 16:53:06 | Pm: 0.0273 | Ax: 1.0000000000 | um: 0.2379 | Au: 0.6346 | Aum: 0.9308
21-10-20 16:53:38 | Pm: 0.0275 | Ax: 1.0000000000 | um: 0.2388 | Au: 0.6356 | Aum: 0.9316
21-10-20 16:54:11 | Pm: 0.0275 | Ax: 1.0000000000 | um: 0.2393 | Au: 0.6361 | Aum: 0.9322
21-10-20 16:54:43 | Pm: 0.0275 | Ax: 1.0000000000 | um: 0.2395 | Au: 0.6362 | Aum: 0.9326
21-10-20 16:55:15 | Pm: 0.0275 | Ax: 1.0000000000 | um: 0.2396 | Au: 0.6368 | Aum: 0.9330
21-10-20 16:55:47 | Pm: 0.0275 | Ax: 1.0000000000 | um: 0.2392 | Au: 0.6373 | Aum: 0.9335
21-10-20 16:56:19 | Pm: 0.0275 | Ax: 1.0000000000 | um: 0.2386 | Au: 0.6377 | Aum: 0.9339
21-10-20 16:56:51 | Pm: 0.0275 | Ax: 1.0000000000 | um: 0.2384 | Au: 0.6385 | Aum: 0.9343
21-10-20 16:57:24 | Pm: 0.0275 | Ax: 1.0000000000 | um: 0.2384 | Au: 0.6390 | Aum: 0.9346
21-10-20 16:57:56 | Pm: 0.0275 | Ax: 1.0000000000 | um: 0.2381 | Au: 0.6397 | Aum: 0.9349
21-10-20 16:57:58 | A1: 6129.0000 | A5: 9091.0000 | Ae1: 6416.0000 | Ae5: 9091.0000
21-10-20 16:57:58 | Epoch 7. Acc: 39.0382. Ema-Acc: 40.8662. best_acc: 39.0382 in epoch7
21-10-20 16:58:32 | Pm: 0.0263 | Ax: 1.00000000 | um: 0.2248 | Au: 0.6491 | Aum: 0.9426
21-10-20 16:59:04 | Pm: 0.0265 | Ax: 1.0000000000 | um: 0.2246 | Au: 0.6504 | Aum: 0.9419
21-10-20 16:59:36 | Pm: 0.0264 | Ax: 1.0000000000 | um: 0.2256 | Au: 0.6495 | Aum: 0.9419
21-10-20 17:00:08 | Pm: 0.0266 | Ax: 1.0000000000 | um: 0.2274 | Au: 0.6505 | Aum: 0.9417
21-10-20 17:00:40 | Pm: 0.0265 | Ax: 1.0000000000 | um: 0.2272 | Au: 0.6511 | Aum: 0.9432
21-10-20 17:01:12 | Pm: 0.0265 | Ax: 1.0000000000 | um: 0.2271 | Au: 0.6519 | Aum: 0.9432
21-10-20 17:01:45 | Pm: 0.0266 | Ax: 1.0000000000 | um: 0.2283 | Au: 0.6520 | Aum: 0.9428
21-10-20 17:02:17 | Pm: 0.0267 | Ax: 1.0000000000 | um: 0.2287 | Au: 0.6523 | Aum: 0.9424
21-10-20 17:02:49 | Pm: 0.0266 | Ax: 1.0000000000 | um: 0.2279 | Au: 0.6521 | Aum: 0.9428
21-10-20 17:03:21 | Pm: 0.0267 | Ax: 1.0000000000 | um: 0.2281 | Au: 0.6522 | Aum: 0.9427
21-10-20 17:03:54 | Pm: 0.0267 | Ax: 1.0000000000 | um: 0.2282 | Au: 0.6528 | Aum: 0.9431
21-10-20 17:04:26 | Pm: 0.0267 | Ax: 1.0000000000 | um: 0.2280 | Au: 0.6532 | Aum: 0.9433
