21-10-20 10:43:09 | {'alpha': 0.9, 'batchsize': 64, 'checkpoint': '', 'contrast_th': 0.8, 'dataset': 'CIFAR10', 'device': 1, 'ema_m': 0.999, 'eval_ema': True, 'exp_dir': 'CoMatch', 'lam_c': 1, 'lam_u': 1.0, 'low_dim': 64, 'lr': 0.03, 'momentum': 0.9, 'mu': 7, 'n_classes': 10, 'n_epoches': 512, 'n_imgs_per_epoch': 65536, 'n_labeled': 40, 'queue_batch': 5, 'root': '/home/yanghaozhe/.cache/lumo', 'seed': 10, 'temperature': 0.2, 'thr': 0.95, 'weight_decay': 0.0005, 'wresnet_k': 2, 'wresnet_n': 28}
21-10-20 10:43:09 | ***** Running training *****
21-10-20 10:43:09 |   Task = CIFAR10@40
21-10-20 10:43:13 | Total params: 1.49M
21-10-20 10:43:13 | -----------start training--------------
21-10-20 10:43:44 | Pm: 0.0027 | Ax: 0.6960 | um: 0.0016 | Au: 0.1987 | Aum: 0.5500
21-10-20 10:43:44 | CIFAR10-x40-s10, CoMatch | epoch:0, iter: 64. loss_u: 0.001. loss_x: 1.070. loss_c: 5.111. n_correct_u: 0.31/0.72. Mask:0.002. num_pos: 1.2. LR: 0.030. Time: 30.48
21-10-20 10:44:13 | Pm: 0.0056 | Ax: 0.8468 | um: 0.0184 | Au: 0.2130 | Aum: 0.4545
21-10-20 10:44:13 | CIFAR10-x40-s10, CoMatch | epoch:0, iter: 128. loss_u: 0.013. loss_x: 0.578. loss_c: 4.927. n_correct_u: 3.54/8.23. Mask:0.018. num_pos: 2.5. LR: 0.030. Time: 29.26
21-10-20 10:44:42 | Pm: 0.0080 | Ax: 0.8979 | um: 0.0319 | Au: 0.2183 | Aum: 0.4321
21-10-20 10:44:42 | CIFAR10-x40-s10, CoMatch | epoch:0, iter: 192. loss_u: 0.020. loss_x: 0.394. loss_c: 4.833. n_correct_u: 5.90/14.31. Mask:0.032. num_pos: 3.6. LR: 0.030. Time: 29.28
21-10-20 10:45:12 | Pm: 0.0094 | Ax: 0.9234 | um: 0.0395 | Au: 0.2238 | Aum: 0.4249
21-10-20 10:45:12 | CIFAR10-x40-s10, CoMatch | epoch:0, iter: 256. loss_u: 0.022. loss_x: 0.300. loss_c: 4.770. n_correct_u: 7.28/17.71. Mask:0.040. num_pos: 4.2. LR: 0.030. Time: 29.36
21-10-20 10:45:41 | Pm: 0.0103 | Ax: 0.9387 | um: 0.0438 | Au: 0.2275 | Aum: 0.4273
21-10-20 10:45:41 | CIFAR10-x40-s10, CoMatch | epoch:0, iter: 320. loss_u: 0.024. loss_x: 0.243. loss_c: 4.721. n_correct_u: 8.18/19.64. Mask:0.044. num_pos: 4.6. LR: 0.030. Time: 29.40
21-10-20 10:46:11 | Pm: 0.0109 | Ax: 0.9489 | um: 0.0476 | Au: 0.2303 | Aum: 0.4260
21-10-20 10:46:11 | CIFAR10-x40-s10, CoMatch | epoch:0, iter: 384. loss_u: 0.026. loss_x: 0.205. loss_c: 4.682. n_correct_u: 8.93/21.35. Mask:0.048. num_pos: 4.9. LR: 0.030. Time: 29.36
21-10-20 10:46:40 | Pm: 0.0112 | Ax: 0.9562 | um: 0.0491 | Au: 0.2328 | Aum: 0.4282
21-10-20 10:46:40 | CIFAR10-x40-s10, CoMatch | epoch:0, iter: 448. loss_u: 0.026. loss_x: 0.177. loss_c: 4.646. n_correct_u: 9.26/22.01. Mask:0.049. num_pos: 5.0. LR: 0.030. Time: 29.34
21-10-20 10:47:09 | Pm: 0.0116 | Ax: 0.9617 | um: 0.0512 | Au: 0.2357 | Aum: 0.4299
21-10-20 10:47:09 | CIFAR10-x40-s10, CoMatch | epoch:0, iter: 512. loss_u: 0.027. loss_x: 0.156. loss_c: 4.616. n_correct_u: 9.70/22.92. Mask:0.051. num_pos: 5.2. LR: 0.030. Time: 29.50
21-10-20 10:47:39 | Pm: 0.0118 | Ax: 0.9660 | um: 0.0530 | Au: 0.2377 | Aum: 0.4298
21-10-20 10:47:39 | CIFAR10-x40-s10, CoMatch | epoch:0, iter: 576. loss_u: 0.028. loss_x: 0.139. loss_c: 4.591. n_correct_u: 10.05/23.74. Mask:0.053. num_pos: 5.3. LR: 0.030. Time: 29.37
21-10-20 10:48:08 | Pm: 0.0120 | Ax: 0.9694 | um: 0.0541 | Au: 0.2399 | Aum: 0.4303
21-10-20 10:48:08 | CIFAR10-x40-s10, CoMatch | epoch:0, iter: 640. loss_u: 0.028. loss_x: 0.126. loss_c: 4.566. n_correct_u: 10.30/24.26. Mask:0.054. num_pos: 5.4. LR: 0.030. Time: 29.43
21-10-20 10:48:38 | Pm: 0.0121 | Ax: 0.9721 | um: 0.0550 | Au: 0.2418 | Aum: 0.4327
21-10-20 10:48:38 | CIFAR10-x40-s10, CoMatch | epoch:0, iter: 704. loss_u: 0.028. loss_x: 0.115. loss_c: 4.545. n_correct_u: 10.54/24.66. Mask:0.055. num_pos: 5.4. LR: 0.030. Time: 29.53
21-10-20 10:49:07 | Pm: 0.0122 | Ax: 0.9745 | um: 0.0560 | Au: 0.2442 | Aum: 0.4395
21-10-20 10:49:07 | CIFAR10-x40-s10, CoMatch | epoch:0, iter: 768. loss_u: 0.029. loss_x: 0.106. loss_c: 4.525. n_correct_u: 10.91/25.07. Mask:0.056. num_pos: 5.4. LR: 0.030. Time: 29.48
21-10-20 10:49:37 | Pm: 0.0121 | Ax: 0.9763 | um: 0.0567 | Au: 0.2465 | Aum: 0.4462
21-10-20 10:49:37 | CIFAR10-x40-s10, CoMatch | epoch:0, iter: 832. loss_u: 0.030. loss_x: 0.099. loss_c: 4.507. n_correct_u: 11.24/25.39. Mask:0.057. num_pos: 5.4. LR: 0.030. Time: 29.86
21-10-20 10:50:07 | Pm: 0.0122 | Ax: 0.9780 | um: 0.0576 | Au: 0.2489 | Aum: 0.4532
21-10-20 10:50:07 | CIFAR10-x40-s10, CoMatch | epoch:0, iter: 896. loss_u: 0.031. loss_x: 0.093. loss_c: 4.490. n_correct_u: 11.64/25.82. Mask:0.058. num_pos: 5.5. LR: 0.030. Time: 29.46
21-10-20 10:50:36 | Pm: 0.0122 | Ax: 0.9794 | um: 0.0590 | Au: 0.2514 | Aum: 0.4584
21-10-20 10:50:36 | CIFAR10-x40-s10, CoMatch | epoch:0, iter: 960. loss_u: 0.032. loss_x: 0.087. loss_c: 4.475. n_correct_u: 12.09/26.42. Mask:0.059. num_pos: 5.5. LR: 0.030. Time: 29.49
21-10-20 10:51:06 | Pm: 0.0124 | Ax: 0.9807 | um: 0.0610 | Au: 0.2540 | Aum: 0.4642
21-10-20 10:51:06 | CIFAR10-x40-s10, CoMatch | epoch:0, iter: 1024. loss_u: 0.033. loss_x: 0.082. loss_c: 4.462. n_correct_u: 12.72/27.31. Mask:0.061. num_pos: 5.5. LR: 0.030. Time: 29.51
21-10-20 10:51:08 | Epoch 0. Acc: 11.8726. Ema-Acc: 14.2548. best_acc: 11.8726 in epoch0
21-10-20 10:51:39 | Pm: 0.0137 | Ax: 1.00000000 | um: 0.0899 | Au: 0.2976 | Aum: 0.5652
21-10-20 10:51:39 | CIFAR10-x40-s10, CoMatch | epoch:1, iter: 64. loss_u: 0.051. loss_x: 0.005. loss_c: 4.244. n_correct_u: 22.72/40.28. Mask:0.090. num_pos: 6.1. LR: 0.030. Time: 30.74
21-10-20 10:52:08 | Pm: 0.0136 | Ax: 1.0000000000 | um: 0.0921 | Au: 0.3029 | Aum: 0.5667
21-10-20 10:52:08 | CIFAR10-x40-s10, CoMatch | epoch:1, iter: 128. loss_u: 0.051. loss_x: 0.005. loss_c: 4.232. n_correct_u: 23.36/41.27. Mask:0.092. num_pos: 6.1. LR: 0.030. Time: 29.45
21-10-20 10:52:37 | Pm: 0.0132 | Ax: 1.0000000000 | um: 0.0941 | Au: 0.3079 | Aum: 0.5779
21-10-20 10:52:37 | CIFAR10-x40-s10, CoMatch | epoch:1, iter: 192. loss_u: 0.053. loss_x: 0.005. loss_c: 4.210. n_correct_u: 24.33/42.16. Mask:0.094. num_pos: 5.9. LR: 0.030. Time: 29.45
21-10-20 10:53:07 | Pm: 0.0137 | Ax: 1.0000000000 | um: 0.0992 | Au: 0.3100 | Aum: 0.5830
21-10-20 10:53:07 | CIFAR10-x40-s10, CoMatch | epoch:1, iter: 256. loss_u: 0.054. loss_x: 0.005. loss_c: 4.206. n_correct_u: 25.90/44.44. Mask:0.099. num_pos: 6.2. LR: 0.030. Time: 29.48
21-10-20 10:53:36 | Pm: 0.0140 | Ax: 1.0000000000 | um: 0.1049 | Au: 0.3152 | Aum: 0.5862
21-10-20 10:53:36 | CIFAR10-x40-s10, CoMatch | epoch:1, iter: 320. loss_u: 0.056. loss_x: 0.005. loss_c: 4.203. n_correct_u: 27.57/47.01. Mask:0.105. num_pos: 6.3. LR: 0.030. Time: 29.43
21-10-20 10:54:06 | Pm: 0.0144 | Ax: 1.0000000000 | um: 0.1103 | Au: 0.3183 | Aum: 0.5922
21-10-20 10:54:06 | CIFAR10-x40-s10, CoMatch | epoch:1, iter: 384. loss_u: 0.058. loss_x: 0.005. loss_c: 4.199. n_correct_u: 29.32/49.42. Mask:0.110. num_pos: 6.5. LR: 0.030. Time: 29.42
21-10-20 10:54:35 | Pm: 0.0146 | Ax: 1.0000000000 | um: 0.1143 | Au: 0.3224 | Aum: 0.5979
21-10-20 10:54:35 | CIFAR10-x40-s10, CoMatch | epoch:1, iter: 448. loss_u: 0.060. loss_x: 0.005. loss_c: 4.192. n_correct_u: 30.74/51.22. Mask:0.114. num_pos: 6.6. LR: 0.030. Time: 29.44
21-10-20 10:55:05 | Pm: 0.0148 | Ax: 1.0000000000 | um: 0.1184 | Au: 0.3262 | Aum: 0.6018
21-10-20 10:55:05 | CIFAR10-x40-s10, CoMatch | epoch:1, iter: 512. loss_u: 0.061. loss_x: 0.005. loss_c: 4.187. n_correct_u: 32.06/53.03. Mask:0.118. num_pos: 6.6. LR: 0.030. Time: 29.40
21-10-20 10:55:34 | Pm: 0.0151 | Ax: 1.0000000000 | um: 0.1216 | Au: 0.3298 | Aum: 0.6041
21-10-20 10:55:34 | CIFAR10-x40-s10, CoMatch | epoch:1, iter: 576. loss_u: 0.062. loss_x: 0.005. loss_c: 4.183. n_correct_u: 33.06/54.47. Mask:0.122. num_pos: 6.8. LR: 0.030. Time: 29.39
21-10-20 10:56:03 | Pm: 0.0154 | Ax: 1.0000000000 | um: 0.1256 | Au: 0.3330 | Aum: 0.6066
21-10-20 10:56:03 | CIFAR10-x40-s10, CoMatch | epoch:1, iter: 640. loss_u: 0.064. loss_x: 0.004. loss_c: 4.178. n_correct_u: 34.33/56.29. Mask:0.126. num_pos: 6.9. LR: 0.030. Time: 29.43
21-10-20 10:56:33 | Pm: 0.0157 | Ax: 1.0000000000 | um: 0.1302 | Au: 0.3356 | Aum: 0.6067
21-10-20 10:56:33 | CIFAR10-x40-s10, CoMatch | epoch:1, iter: 704. loss_u: 0.066. loss_x: 0.004. loss_c: 4.178. n_correct_u: 35.54/58.32. Mask:0.130. num_pos: 7.0. LR: 0.030. Time: 29.45
21-10-20 10:57:02 | Pm: 0.0160 | Ax: 1.0000000000 | um: 0.1347 | Au: 0.3384 | Aum: 0.6081
21-10-20 10:57:02 | CIFAR10-x40-s10, CoMatch | epoch:1, iter: 768. loss_u: 0.068. loss_x: 0.004. loss_c: 4.177. n_correct_u: 36.86/60.34. Mask:0.135. num_pos: 7.2. LR: 0.030. Time: 29.47
21-10-20 10:57:32 | Pm: 0.0163 | Ax: 0.9997 | um: 0.1386 | Au: 0.3407 | Aum: 0.6091
21-10-20 10:57:32 | CIFAR10-x40-s10, CoMatch | epoch:1, iter: 832. loss_u: 0.069. loss_x: 0.006. loss_c: 4.178. n_correct_u: 38.00/62.09. Mask:0.139. num_pos: 7.3. LR: 0.030. Time: 29.42
21-10-20 10:58:01 | Pm: 0.0164 | Ax: 0.9997209821 | um: 0.1408 | Au: 0.3425 | Aum: 0.6128
21-10-20 10:58:01 | CIFAR10-x40-s10, CoMatch | epoch:1, iter: 896. loss_u: 0.070. loss_x: 0.006. loss_c: 4.179. n_correct_u: 38.87/63.08. Mask:0.141. num_pos: 7.4. LR: 0.030. Time: 29.44
21-10-20 10:58:31 | Pm: 0.0167 | Ax: 0.9997395833 | um: 0.1442 | Au: 0.3455 | Aum: 0.6164
21-10-20 10:58:31 | CIFAR10-x40-s10, CoMatch | epoch:1, iter: 960. loss_u: 0.072. loss_x: 0.006. loss_c: 4.176. n_correct_u: 40.10/64.62. Mask:0.144. num_pos: 7.5. LR: 0.030. Time: 29.44
21-10-20 10:59:00 | Pm: 0.0170 | Ax: 0.9997558594 | um: 0.1483 | Au: 0.3482 | Aum: 0.6187
21-10-20 10:59:00 | CIFAR10-x40-s10, CoMatch | epoch:1, iter: 1024. loss_u: 0.073. loss_x: 0.005. loss_c: 4.173. n_correct_u: 41.41/66.42. Mask:0.148. num_pos: 7.6. LR: 0.030. Time: 29.46
21-10-20 10:59:02 | Epoch 1. Acc: 16.2293. Ema-Acc: 20.1783. best_acc: 16.2293 in epoch1
21-10-20 10:59:33 | Pm: 0.0218 | Ax: 1.00000000 | um: 0.2066 | Au: 0.3997 | Aum: 0.6466
21-10-20 10:59:33 | CIFAR10-x40-s10, CoMatch | epoch:2, iter: 64. loss_u: 0.096. loss_x: 0.003. loss_c: 4.153. n_correct_u: 59.84/92.56. Mask:0.207. num_pos: 9.8. LR: 0.030. Time: 30.72
21-10-20 11:00:03 | Pm: 0.0232 | Ax: 1.0000000000 | um: 0.2198 | Au: 0.3942 | Aum: 0.6339
21-10-20 11:00:03 | CIFAR10-x40-s10, CoMatch | epoch:2, iter: 128. loss_u: 0.098. loss_x: 0.003. loss_c: 4.164. n_correct_u: 62.30/98.46. Mask:0.220. num_pos: 10.4. LR: 0.030. Time: 29.41
21-10-20 11:00:32 | Pm: 0.0237 | Ax: 1.0000000000 | um: 0.2257 | Au: 0.3949 | Aum: 0.6263
21-10-20 11:00:32 | CIFAR10-x40-s10, CoMatch | epoch:2, iter: 192. loss_u: 0.100. loss_x: 0.003. loss_c: 4.163. n_correct_u: 63.19/101.11. Mask:0.226. num_pos: 10.6. LR: 0.030. Time: 29.42
