21-10-20 17:06:27 | {'alpha': 0.9, 'batchsize': 64, 'checkpoint': '', 'contrast_th': 0.8, 'dataset': 'CIFAR10', 'device': 0, 'ema_m': 0.999, 'eval_ema': True, 'exp_dir': 'CoMatch', 'lam_c': 1, 'lam_u': 1.0, 'low_dim': 64, 'lr': 0.03, 'momentum': 0.9, 'mu': 7, 'n_classes': 10, 'n_epoches': 512, 'n_imgs_per_epoch': 65536, 'n_labeled': 40, 'queue_batch': 5, 'root': '/home/yanghaozhe/.cache/lumo', 'seed': 10, 'temperature': 0.2, 'thr': 0.95, 'weight_decay': 0.0005, 'wresnet_k': 2, 'wresnet_n': 28}
21-10-20 17:06:27 | ***** Running training *****
21-10-20 17:06:27 |   Task = CIFAR10@40
21-10-20 17:06:31 | Total params: 1.49M
21-10-20 17:06:31 | -----------start training--------------
21-10-20 17:07:05 | Lx: 1.0555 | Lu: 0.0011 | Lcs: 5.1000 | Pm: 0.0027 | Ax: 0.7014 | um: 0.0018 | Au: 0.2000 | Aum: 0.5785
21-10-20 17:07:37 | Lx: 0.5922 | Lu: 0.0082 | Lcs: 4.8792 | Pm: 0.0050 | Ax: 0.8442 | um: 0.0122 | Au: 0.2139 | Aum: 0.4995
21-10-20 17:08:10 | Lx: 0.4034 | Lu: 0.0130 | Lcs: 4.7457 | Pm: 0.0072 | Ax: 0.8962 | um: 0.0218 | Au: 0.2214 | Aum: 0.4696
21-10-20 17:08:42 | Lx: 0.3072 | Lu: 0.0148 | Lcs: 4.6559 | Pm: 0.0084 | Ax: 0.9221 | um: 0.0267 | Au: 0.2273 | Aum: 0.4658
21-10-20 17:09:15 | Lx: 0.2486 | Lu: 0.0156 | Lcs: 4.5889 | Pm: 0.0092 | Ax: 0.9377 | um: 0.0291 | Au: 0.2310 | Aum: 0.4731
21-10-20 17:09:47 | Lx: 0.2094 | Lu: 0.0160 | Lcs: 4.5323 | Pm: 0.0097 | Ax: 0.9480 | um: 0.0305 | Au: 0.2337 | Aum: 0.4747
21-10-20 17:10:20 | Lx: 0.1809 | Lu: 0.0158 | Lcs: 4.4874 | Pm: 0.0100 | Ax: 0.9555 | um: 0.0307 | Au: 0.2364 | Aum: 0.4807
21-10-20 17:10:52 | Lx: 0.1595 | Lu: 0.0154 | Lcs: 4.4459 | Pm: 0.0102 | Ax: 0.9610 | um: 0.0307 | Au: 0.2389 | Aum: 0.4898
21-10-20 17:11:25 | Lx: 0.1427 | Lu: 0.0151 | Lcs: 4.4099 | Pm: 0.0102 | Ax: 0.9654 | um: 0.0302 | Au: 0.2405 | Aum: 0.4975
21-10-20 17:11:57 | Lx: 0.1292 | Lu: 0.0147 | Lcs: 4.3780 | Pm: 0.0103 | Ax: 0.9688 | um: 0.0297 | Au: 0.2424 | Aum: 0.5072
21-10-20 17:12:30 | Lx: 0.1181 | Lu: 0.0144 | Lcs: 4.3485 | Pm: 0.0103 | Ax: 0.9717 | um: 0.0293 | Au: 0.2438 | Aum: 0.5139
21-10-20 17:13:03 | Lx: 0.1087 | Lu: 0.0141 | Lcs: 4.3213 | Pm: 0.0103 | Ax: 0.9740 | um: 0.0289 | Au: 0.2457 | Aum: 0.5230
21-10-20 17:13:35 | Lx: 0.1008 | Lu: 0.0137 | Lcs: 4.2973 | Pm: 0.0102 | Ax: 0.9760 | um: 0.0283 | Au: 0.2475 | Aum: 0.5317
21-10-20 17:14:08 | Lx: 0.0941 | Lu: 0.0133 | Lcs: 4.2739 | Pm: 0.0102 | Ax: 0.9777 | um: 0.0278 | Au: 0.2489 | Aum: 0.5406
21-10-20 17:14:40 | Lx: 0.0882 | Lu: 0.0131 | Lcs: 4.2528 | Pm: 0.0102 | Ax: 0.9792 | um: 0.0273 | Au: 0.2507 | Aum: 0.5493
21-10-20 17:15:13 | Lx: 0.0829 | Lu: 0.0128 | Lcs: 4.2330 | Pm: 0.0102 | Ax: 0.9805 | um: 0.0269 | Au: 0.2523 | Aum: 0.5558
21-10-20 17:15:15 | A1: 2366.0000 | A5: 6905.0000 | Ae1: 2166.0000 | Ae5: 6804.0000
21-10-20 17:15:15 | Epoch 0. Acc: 15.0701. Ema-Acc: 13.7962. best_acc: 15.0701 in epoch0
21-10-20 17:15:49 | Lx: 0.0045 | Lu: 0.0087 | Lcs: 3.9061 | Pm: 0.0096 | Ax: 1.00000000 | um: 0.0206 | Au: 0.2783 | Aum: 0.6638
21-10-20 17:16:22 | Lx: 0.0044 | Lu: 0.0085 | Lcs: 3.8951 | Pm: 0.0094 | Ax: 1.0000000000 | um: 0.0191 | Au: 0.2798 | Aum: 0.6793
21-10-20 17:16:54 | Lx: 0.0119 | Lu: 0.0083 | Lcs: 3.8986 | Pm: 0.0091 | Ax: 0.99812826 | um: 0.0183 | Au: 0.2796 | Aum: 0.6665
21-10-20 17:17:27 | Lx: 0.0098 | Lu: 0.0081 | Lcs: 3.8822 | Pm: 0.0088 | Ax: 0.9985961914 | um: 0.0178 | Au: 0.2829 | Aum: 0.6818
21-10-20 17:18:00 | Lx: 0.0085 | Lu: 0.0080 | Lcs: 3.8697 | Pm: 0.0087 | Ax: 0.9988769531 | um: 0.0173 | Au: 0.2859 | Aum: 0.6854
21-10-20 17:18:32 | Lx: 0.0077 | Lu: 0.0083 | Lcs: 3.8581 | Pm: 0.0086 | Ax: 0.9990641276 | um: 0.0170 | Au: 0.2883 | Aum: 0.6929
21-10-20 17:19:05 | Lx: 0.0071 | Lu: 0.0084 | Lcs: 3.8449 | Pm: 0.0085 | Ax: 0.9991978237 | um: 0.0169 | Au: 0.2903 | Aum: 0.6941
21-10-20 17:19:37 | Lx: 0.0065 | Lu: 0.0088 | Lcs: 3.8369 | Pm: 0.0085 | Ax: 0.9992980957 | um: 0.0174 | Au: 0.2920 | Aum: 0.6931
21-10-20 17:20:10 | Lx: 0.0061 | Lu: 0.0087 | Lcs: 3.8273 | Pm: 0.0085 | Ax: 0.9993760851 | um: 0.0174 | Au: 0.2943 | Aum: 0.6931
21-10-20 17:20:43 | Lx: 0.0058 | Lu: 0.0092 | Lcs: 3.8188 | Pm: 0.0085 | Ax: 0.9994384766 | um: 0.0179 | Au: 0.2966 | Aum: 0.6995
21-10-20 17:21:15 | Lx: 0.0055 | Lu: 0.0096 | Lcs: 3.8098 | Pm: 0.0084 | Ax: 0.9994895241 | um: 0.0183 | Au: 0.2993 | Aum: 0.7081
21-10-20 17:21:48 | Lx: 0.0053 | Lu: 0.0103 | Lcs: 3.8014 | Pm: 0.0085 | Ax: 0.9995320638 | um: 0.0194 | Au: 0.3018 | Aum: 0.7108
21-10-20 17:22:20 | Lx: 0.0051 | Lu: 0.0108 | Lcs: 3.7943 | Pm: 0.0085 | Ax: 0.9995680589 | um: 0.0202 | Au: 0.3040 | Aum: 0.7157
21-10-20 17:22:53 | Lx: 0.0049 | Lu: 0.0112 | Lcs: 3.7862 | Pm: 0.0085 | Ax: 0.9995989118 | um: 0.0211 | Au: 0.3065 | Aum: 0.7179
21-10-20 17:23:26 | Lx: 0.0048 | Lu: 0.0118 | Lcs: 3.7787 | Pm: 0.0085 | Ax: 0.9996256510 | um: 0.0220 | Au: 0.3089 | Aum: 0.7196
21-10-20 17:23:58 | Lx: 0.0046 | Lu: 0.0122 | Lcs: 3.7706 | Pm: 0.0085 | Ax: 0.9996490479 | um: 0.0229 | Au: 0.3114 | Aum: 0.7245
21-10-20 17:24:01 | A1: 1985.0000 | A5: 6709.0000 | Ae1: 2795.0000 | Ae5: 7704.0000
21-10-20 17:24:01 | Epoch 1. Acc: 12.6433. Ema-Acc: 17.8025. best_acc: 15.0701 in epoch0
21-10-20 17:24:34 | Lx: 0.0024 | Lu: 0.0187 | Lcs: 3.6311 | Pm: 0.0082 | Ax: 1.00000000 | um: 0.0349 | Au: 0.3490 | Aum: 0.7682
21-10-20 17:25:07 | Lx: 0.0023 | Lu: 0.0196 | Lcs: 3.6363 | Pm: 0.0085 | Ax: 1.0000000000 | um: 0.0370 | Au: 0.3511 | Aum: 0.7874
21-10-20 17:25:40 | Lx: 0.0023 | Lu: 0.0194 | Lcs: 3.6265 | Pm: 0.0084 | Ax: 1.0000000000 | um: 0.0372 | Au: 0.3531 | Aum: 0.7830
21-10-20 17:26:12 | Lx: 0.0023 | Lu: 0.0200 | Lcs: 3.6251 | Pm: 0.0085 | Ax: 1.0000000000 | um: 0.0385 | Au: 0.3545 | Aum: 0.7841
21-10-20 17:26:45 | Lx: 0.0023 | Lu: 0.0208 | Lcs: 3.6228 | Pm: 0.0086 | Ax: 1.0000000000 | um: 0.0401 | Au: 0.3562 | Aum: 0.7841
21-10-20 17:27:17 | Lx: 0.0022 | Lu: 0.0218 | Lcs: 3.6210 | Pm: 0.0087 | Ax: 1.0000000000 | um: 0.0424 | Au: 0.3583 | Aum: 0.7855
21-10-20 17:27:50 | Lx: 0.0022 | Lu: 0.0223 | Lcs: 3.6166 | Pm: 0.0088 | Ax: 1.0000000000 | um: 0.0438 | Au: 0.3606 | Aum: 0.7876
21-10-20 17:28:23 | Lx: 0.0022 | Lu: 0.0230 | Lcs: 3.6134 | Pm: 0.0089 | Ax: 1.0000000000 | um: 0.0452 | Au: 0.3634 | Aum: 0.7900
21-10-20 17:28:55 | Lx: 0.0021 | Lu: 0.0232 | Lcs: 3.6089 | Pm: 0.0089 | Ax: 1.0000000000 | um: 0.0461 | Au: 0.3651 | Aum: 0.7904
21-10-20 17:29:28 | Lx: 0.0021 | Lu: 0.0237 | Lcs: 3.6071 | Pm: 0.0089 | Ax: 1.0000000000 | um: 0.0472 | Au: 0.3670 | Aum: 0.7918
21-10-20 17:30:00 | Lx: 0.0021 | Lu: 0.0243 | Lcs: 3.6047 | Pm: 0.0091 | Ax: 1.0000000000 | um: 0.0488 | Au: 0.3685 | Aum: 0.7901
21-10-20 17:30:33 | Lx: 0.0021 | Lu: 0.0253 | Lcs: 3.6020 | Pm: 0.0092 | Ax: 1.0000000000 | um: 0.0507 | Au: 0.3702 | Aum: 0.7902
21-10-20 17:31:06 | Lx: 0.0021 | Lu: 0.0260 | Lcs: 3.5994 | Pm: 0.0093 | Ax: 1.0000000000 | um: 0.0524 | Au: 0.3721 | Aum: 0.7921
21-10-20 17:31:38 | Lx: 0.0021 | Lu: 0.0265 | Lcs: 3.5953 | Pm: 0.0094 | Ax: 1.0000000000 | um: 0.0538 | Au: 0.3742 | Aum: 0.7946
21-10-20 17:32:11 | Lx: 0.0021 | Lu: 0.0272 | Lcs: 3.5917 | Pm: 0.0095 | Ax: 1.0000000000 | um: 0.0552 | Au: 0.3756 | Aum: 0.7943
21-10-20 17:32:43 | Lx: 0.0020 | Lu: 0.0281 | Lcs: 3.5896 | Pm: 0.0096 | Ax: 1.0000000000 | um: 0.0573 | Au: 0.3777 | Aum: 0.7938
21-10-20 17:32:46 | A1: 2183.0000 | A5: 7070.0000 | Ae1: 3368.0000 | Ae5: 8229.0000
21-10-20 17:32:46 | Epoch 2. Acc: 13.9045. Ema-Acc: 21.4522. best_acc: 15.0701 in epoch0
21-10-20 17:33:20 | Lx: 0.0018 | Lu: 0.0443 | Lcs: 3.5698 | Pm: 0.0121 | Ax: 1.00000000 | um: 0.0931 | Au: 0.4170 | Aum: 0.7889
21-10-20 17:33:52 | Lx: 0.0018 | Lu: 0.0455 | Lcs: 3.5662 | Pm: 0.0124 | Ax: 1.0000000000 | um: 0.0947 | Au: 0.4210 | Aum: 0.7974
21-10-20 17:34:25 | Lx: 0.0018 | Lu: 0.0463 | Lcs: 3.5599 | Pm: 0.0126 | Ax: 1.0000000000 | um: 0.0971 | Au: 0.4234 | Aum: 0.7992
21-10-20 17:34:57 | Lx: 0.0017 | Lu: 0.0455 | Lcs: 3.5547 | Pm: 0.0124 | Ax: 1.0000000000 | um: 0.0964 | Au: 0.4251 | Aum: 0.8066
21-10-20 17:35:30 | Lx: 0.0017 | Lu: 0.0454 | Lcs: 3.5517 | Pm: 0.0124 | Ax: 1.0000000000 | um: 0.0969 | Au: 0.4262 | Aum: 0.8081
21-10-20 17:36:02 | Lx: 0.0017 | Lu: 0.0462 | Lcs: 3.5501 | Pm: 0.0127 | Ax: 1.0000000000 | um: 0.0994 | Au: 0.4294 | Aum: 0.8089
21-10-20 17:36:35 | Lx: 0.0017 | Lu: 0.0463 | Lcs: 3.5470 | Pm: 0.0128 | Ax: 1.0000000000 | um: 0.1008 | Au: 0.4312 | Aum: 0.8102
21-10-20 17:37:08 | Lx: 0.0017 | Lu: 0.0467 | Lcs: 3.5445 | Pm: 0.0129 | Ax: 1.0000000000 | um: 0.1021 | Au: 0.4336 | Aum: 0.8124
21-10-20 17:37:40 | Lx: 0.0017 | Lu: 0.0473 | Lcs: 3.5431 | Pm: 0.0131 | Ax: 1.0000000000 | um: 0.1041 | Au: 0.4362 | Aum: 0.8127
21-10-20 17:38:13 | Lx: 0.0017 | Lu: 0.0480 | Lcs: 3.5431 | Pm: 0.0132 | Ax: 1.0000000000 | um: 0.1058 | Au: 0.4384 | Aum: 0.8119
21-10-20 17:38:45 | Lx: 0.0017 | Lu: 0.0492 | Lcs: 3.5429 | Pm: 0.0135 | Ax: 1.0000000000 | um: 0.1089 | Au: 0.4407 | Aum: 0.8111
21-10-20 17:39:18 | Lx: 0.0017 | Lu: 0.0499 | Lcs: 3.5416 | Pm: 0.0137 | Ax: 1.0000000000 | um: 0.1110 | Au: 0.4434 | Aum: 0.8124
21-10-20 17:39:51 | Lx: 0.0017 | Lu: 0.0507 | Lcs: 3.5410 | Pm: 0.0138 | Ax: 1.0000000000 | um: 0.1130 | Au: 0.4460 | Aum: 0.8140
21-10-20 17:40:23 | Lx: 0.0017 | Lu: 0.0510 | Lcs: 3.5391 | Pm: 0.0140 | Ax: 1.0000000000 | um: 0.1145 | Au: 0.4479 | Aum: 0.8153
21-10-20 17:40:56 | Lx: 0.0017 | Lu: 0.0517 | Lcs: 3.5389 | Pm: 0.0141 | Ax: 1.0000000000 | um: 0.1162 | Au: 0.4502 | Aum: 0.8174
21-10-20 17:41:28 | Lx: 0.0016 | Lu: 0.0524 | Lcs: 3.5383 | Pm: 0.0143 | Ax: 1.0000000000 | um: 0.1181 | Au: 0.4531 | Aum: 0.8201
21-10-20 17:41:31 | A1: 3761.0000 | A5: 8184.0000 | Ae1: 4155.0000 | Ae5: 8714.0000
21-10-20 17:41:31 | Epoch 3. Acc: 23.9554. Ema-Acc: 26.4650. best_acc: 23.9554 in epoch3
21-10-20 17:42:04 | Lx: 0.0014 | Lu: 0.0646 | Lcs: 3.5292 | Pm: 0.0169 | Ax: 1.00000000 | um: 0.1480 | Au: 0.5058 | Aum: 0.8670
21-10-20 17:42:37 | Lx: 0.0015 | Lu: 0.0653 | Lcs: 3.5343 | Pm: 0.0174 | Ax: 1.0000000000 | um: 0.1518 | Au: 0.5106 | Aum: 0.8842
21-10-20 17:43:10 | Lx: 0.0014 | Lu: 0.0650 | Lcs: 3.5268 | Pm: 0.0176 | Ax: 1.0000000000 | um: 0.1528 | Au: 0.5134 | Aum: 0.8887
21-10-20 17:43:42 | Lx: 0.0014 | Lu: 0.0659 | Lcs: 3.5259 | Pm: 0.0176 | Ax: 1.0000000000 | um: 0.1543 | Au: 0.5152 | Aum: 0.8911
21-10-20 17:44:15 | Lx: 0.0014 | Lu: 0.0670 | Lcs: 3.5249 | Pm: 0.0179 | Ax: 1.0000000000 | um: 0.1577 | Au: 0.5182 | Aum: 0.8964
21-10-20 17:44:47 | Lx: 0.0014 | Lu: 0.0674 | Lcs: 3.5245 | Pm: 0.0181 | Ax: 1.0000000000 | um: 0.1593 | Au: 0.5212 | Aum: 0.8988
21-10-20 17:45:20 | Lx: 0.0014 | Lu: 0.0681 | Lcs: 3.5250 | Pm: 0.0183 | Ax: 1.0000000000 | um: 0.1617 | Au: 0.5245 | Aum: 0.9009
21-10-20 17:45:53 | Lx: 0.0014 | Lu: 0.0690 | Lcs: 3.5244 | Pm: 0.0186 | Ax: 1.0000000000 | um: 0.1639 | Au: 0.5275 | Aum: 0.9039
21-10-20 17:46:25 | Lx: 0.0014 | Lu: 0.0699 | Lcs: 3.5263 | Pm: 0.0188 | Ax: 1.0000000000 | um: 0.1661 | Au: 0.5307 | Aum: 0.9072
21-10-20 17:46:58 | Lx: 0.0014 | Lu: 0.0711 | Lcs: 3.5279 | Pm: 0.0191 | Ax: 1.0000000000 | um: 0.1690 | Au: 0.5335 | Aum: 0.9096
21-10-20 17:47:30 | Lx: 0.0014 | Lu: 0.0717 | Lcs: 3.5282 | Pm: 0.0193 | Ax: 1.0000000000 | um: 0.1707 | Au: 0.5359 | Aum: 0.9112
21-10-20 17:48:03 | Lx: 0.0014 | Lu: 0.0724 | Lcs: 3.5287 | Pm: 0.0196 | Ax: 1.0000000000 | um: 0.1730 | Au: 0.5391 | Aum: 0.9129
21-10-20 17:48:35 | Lx: 0.0014 | Lu: 0.0735 | Lcs: 3.5294 | Pm: 0.0199 | Ax: 1.0000000000 | um: 0.1755 | Au: 0.5416 | Aum: 0.9140
21-10-20 17:49:08 | Lx: 0.0014 | Lu: 0.0743 | Lcs: 3.5290 | Pm: 0.0201 | Ax: 1.0000000000 | um: 0.1778 | Au: 0.5444 | Aum: 0.9155
21-10-20 17:49:41 | Lx: 0.0013 | Lu: 0.0755 | Lcs: 3.5302 | Pm: 0.0204 | Ax: 1.0000000000 | um: 0.1806 | Au: 0.5473 | Aum: 0.9165
21-10-20 17:50:13 | Lx: 0.0013 | Lu: 0.0763 | Lcs: 3.5304 | Pm: 0.0206 | Ax: 1.0000000000 | um: 0.1827 | Au: 0.5496 | Aum: 0.9174
21-10-20 17:50:16 | A1: 3354.0000 | A5: 8624.0000 | Ae1: 5126.0000 | Ae5: 8919.0000
21-10-20 17:50:16 | Epoch 4. Acc: 21.3631. Ema-Acc: 32.6497. best_acc: 23.9554 in epoch3
21-10-20 17:50:50 | Lx: 0.0013 | Lu: 0.0957 | Lcs: 3.5469 | Pm: 0.0253 | Ax: 1.00000000 | um: 0.2310 | Au: 0.5900 | Aum: 0.9329
21-10-20 17:51:22 | Lx: 0.0013 | Lu: 0.0946 | Lcs: 3.5458 | Pm: 0.0254 | Ax: 1.0000000000 | um: 0.2299 | Au: 0.5917 | Aum: 0.9295
21-10-20 17:51:55 | Lx: 0.0013 | Lu: 0.0943 | Lcs: 3.5405 | Pm: 0.0255 | Ax: 1.0000000000 | um: 0.2304 | Au: 0.5939 | Aum: 0.9294
21-10-20 17:52:28 | Lx: 0.0013 | Lu: 0.0955 | Lcs: 3.5423 | Pm: 0.0257 | Ax: 1.0000000000 | um: 0.2315 | Au: 0.5960 | Aum: 0.9284
21-10-20 17:53:01 | Lx: 0.0013 | Lu: 0.0945 | Lcs: 3.5413 | Pm: 0.0256 | Ax: 1.0000000000 | um: 0.2304 | Au: 0.5977 | Aum: 0.9304
21-10-20 17:53:33 | Lx: 0.0012 | Lu: 0.0959 | Lcs: 3.5412 | Pm: 0.0258 | Ax: 1.0000000000 | um: 0.2334 | Au: 0.5989 | Aum: 0.9310
21-10-20 17:54:06 | Lx: 0.0012 | Lu: 0.0962 | Lcs: 3.5416 | Pm: 0.0260 | Ax: 1.0000000000 | um: 0.2349 | Au: 0.6009 | Aum: 0.9334
21-10-20 17:54:39 | Lx: 0.0012 | Lu: 0.0961 | Lcs: 3.5398 | Pm: 0.0260 | Ax: 1.0000000000 | um: 0.2353 | Au: 0.6010 | Aum: 0.9331
21-10-20 17:55:12 | Lx: 0.0012 | Lu: 0.0959 | Lcs: 3.5377 | Pm: 0.0261 | Ax: 1.0000000000 | um: 0.2361 | Au: 0.6029 | Aum: 0.9349
21-10-20 17:55:46 | Lx: 0.0012 | Lu: 0.0966 | Lcs: 3.5382 | Pm: 0.0264 | Ax: 1.0000000000 | um: 0.2381 | Au: 0.6048 | Aum: 0.9357
21-10-20 17:56:19 | Lx: 0.0012 | Lu: 0.0968 | Lcs: 3.5378 | Pm: 0.0264 | Ax: 1.0000000000 | um: 0.2384 | Au: 0.6065 | Aum: 0.9364
21-10-20 17:56:51 | Lx: 0.0012 | Lu: 0.0969 | Lcs: 3.5374 | Pm: 0.0265 | Ax: 1.0000000000 | um: 0.2393 | Au: 0.6080 | Aum: 0.9371
21-10-20 17:57:24 | Lx: 0.0012 | Lu: 0.0974 | Lcs: 3.5377 | Pm: 0.0267 | Ax: 1.0000000000 | um: 0.2410 | Au: 0.6098 | Aum: 0.9376
21-10-20 17:57:57 | Lx: 0.0012 | Lu: 0.0976 | Lcs: 3.5368 | Pm: 0.0269 | Ax: 1.0000000000 | um: 0.2421 | Au: 0.6116 | Aum: 0.9387
21-10-20 17:58:29 | Lx: 0.0012 | Lu: 0.0979 | Lcs: 3.5366 | Pm: 0.0270 | Ax: 1.0000000000 | um: 0.2430 | Au: 0.6136 | Aum: 0.9392
21-10-20 17:59:02 | Lx: 0.0012 | Lu: 0.0983 | Lcs: 3.5363 | Pm: 0.0271 | Ax: 1.0000000000 | um: 0.2438 | Au: 0.6150 | Aum: 0.9395
21-10-20 17:59:05 | A1: 5590.0000 | A5: 8997.0000 | Ae1: 5959.0000 | Ae5: 9087.0000
21-10-20 17:59:05 | Epoch 5. Acc: 35.6051. Ema-Acc: 37.9554. best_acc: 35.6051 in epoch5
21-10-20 17:59:39 | Lx: 0.0012 | Lu: 0.1051 | Lcs: 3.5291 | Pm: 0.0295 | Ax: 1.00000000 | um: 0.2639 | Au: 0.6345 | Aum: 0.9451
21-10-20 18:00:11 | Lx: 0.001160 | Lu: 0.1050 | Lcs: 3.5264 | Pm: 0.0292 | Ax: 1.0000000000 | um: 0.2604 | Au: 0.6363 | Aum: 0.9470
21-10-20 18:00:44 | Lx: 0.0012 | Lu: 0.1041 | Lcs: 3.5226 | Pm: 0.0289 | Ax: 1.0000000000 | um: 0.2581 | Au: 0.6389 | Aum: 0.9460
21-10-20 18:01:17 | Lx: 0.0012 | Lu: 0.1044 | Lcs: 3.5233 | Pm: 0.0289 | Ax: 1.0000000000 | um: 0.2583 | Au: 0.6382 | Aum: 0.9447
21-10-20 18:01:49 | Lx: 0.0012 | Lu: 0.1037 | Lcs: 3.5236 | Pm: 0.0288 | Ax: 1.0000000000 | um: 0.2558 | Au: 0.6406 | Aum: 0.9452
21-10-20 18:02:22 | Lx: 0.0012 | Lu: 0.1032 | Lcs: 3.5218 | Pm: 0.0288 | Ax: 1.0000000000 | um: 0.2561 | Au: 0.6424 | Aum: 0.9461
21-10-20 18:02:55 | Lx: 0.0012 | Lu: 0.1023 | Lcs: 3.5201 | Pm: 0.0287 | Ax: 1.0000000000 | um: 0.2554 | Au: 0.6434 | Aum: 0.9469
21-10-20 18:03:27 | Lx: 0.0012 | Lu: 0.1022 | Lcs: 3.5183 | Pm: 0.0288 | Ax: 1.0000000000 | um: 0.2561 | Au: 0.6445 | Aum: 0.9472
21-10-20 18:04:00 | Lx: 0.0012 | Lu: 0.1027 | Lcs: 3.5183 | Pm: 0.0289 | Ax: 1.0000000000 | um: 0.2580 | Au: 0.6459 | Aum: 0.9464
21-10-20 18:04:33 | Lx: 0.0012 | Lu: 0.1022 | Lcs: 3.5176 | Pm: 0.0288 | Ax: 1.0000000000 | um: 0.2570 | Au: 0.6462 | Aum: 0.9455
21-10-20 18:05:05 | Lx: 0.0012 | Lu: 0.1027 | Lcs: 3.5181 | Pm: 0.0289 | Ax: 1.0000000000 | um: 0.2584 | Au: 0.6475 | Aum: 0.9455
21-10-20 18:05:38 | Lx: 0.001146 | Lu: 0.1028 | Lcs: 3.5173 | Pm: 0.0289 | Ax: 1.0000000000 | um: 0.2581 | Au: 0.6484 | Aum: 0.9448
21-10-20 18:06:10 | Lx: 0.0012 | Lu: 0.1026 | Lcs: 3.5165 | Pm: 0.0289 | Ax: 1.0000000000 | um: 0.2578 | Au: 0.6488 | Aum: 0.9442
21-10-20 18:06:43 | Lx: 0.0011 | Lu: 0.1025 | Lcs: 3.5150 | Pm: 0.0289 | Ax: 1.0000000000 | um: 0.2579 | Au: 0.6498 | Aum: 0.9445
21-10-20 18:07:16 | Lx: 0.0011 | Lu: 0.1025 | Lcs: 3.5130 | Pm: 0.0289 | Ax: 1.0000000000 | um: 0.2577 | Au: 0.6510 | Aum: 0.9453
21-10-20 18:07:48 | Lx: 0.0011 | Lu: 0.1025 | Lcs: 3.5115 | Pm: 0.0289 | Ax: 1.0000000000 | um: 0.2575 | Au: 0.6518 | Aum: 0.9457
21-10-20 18:07:51 | A1: 5785.0000 | A5: 9288.0000 | Ae1: 6424.0000 | Ae5: 9241.0000
21-10-20 18:07:51 | Epoch 6. Acc: 36.8471. Ema-Acc: 40.9172. best_acc: 36.8471 in epoch6
21-10-20 18:08:24 | Lx: 0.0010 | Lu: 0.1007 | Lcs: 3.4796 | Pm: 0.0284 | Ax: 1.00000000 | um: 0.2573 | Au: 0.6619 | Aum: 0.9501
21-10-20 18:08:57 | Lx: 0.0011 | Lu: 0.1031 | Lcs: 3.4906 | Pm: 0.0291 | Ax: 1.0000000000 | um: 0.2630 | Au: 0.6678 | Aum: 0.9489
21-10-20 18:09:30 | Lx: 0.0011 | Lu: 0.1036 | Lcs: 3.4888 | Pm: 0.0292 | Ax: 1.0000000000 | um: 0.2649 | Au: 0.6690 | Aum: 0.9469
21-10-20 18:10:02 | Lx: 0.0011 | Lu: 0.1046 | Lcs: 3.4940 | Pm: 0.0290 | Ax: 1.0000000000 | um: 0.2635 | Au: 0.6670 | Aum: 0.9446
21-10-20 18:10:35 | Lx: 0.0011 | Lu: 0.1046 | Lcs: 3.4949 | Pm: 0.0291 | Ax: 1.0000000000 | um: 0.2628 | Au: 0.6681 | Aum: 0.9445
21-10-20 18:11:08 | Lx: 0.0011 | Lu: 0.1054 | Lcs: 3.4959 | Pm: 0.0293 | Ax: 1.0000000000 | um: 0.2646 | Au: 0.6697 | Aum: 0.9454
21-10-20 18:11:40 | Lx: 0.0011 | Lu: 0.1055 | Lcs: 3.4952 | Pm: 0.0294 | Ax: 1.0000000000 | um: 0.2660 | Au: 0.6716 | Aum: 0.9465
21-10-20 18:12:13 | Lx: 0.0011 | Lu: 0.1058 | Lcs: 3.4943 | Pm: 0.0296 | Ax: 1.0000000000 | um: 0.2668 | Au: 0.6727 | Aum: 0.9469
21-10-20 18:12:46 | Lx: 0.0011 | Lu: 0.1055 | Lcs: 3.4932 | Pm: 0.0296 | Ax: 1.0000000000 | um: 0.2671 | Au: 0.6733 | Aum: 0.9466
21-10-20 18:13:19 | Lx: 0.0011 | Lu: 0.1058 | Lcs: 3.4918 | Pm: 0.0296 | Ax: 1.0000000000 | um: 0.2675 | Au: 0.6738 | Aum: 0.9468
21-10-20 18:13:51 | Lx: 0.0011 | Lu: 0.1056 | Lcs: 3.4912 | Pm: 0.0297 | Ax: 1.0000000000 | um: 0.2676 | Au: 0.6747 | Aum: 0.9473
21-10-20 18:14:24 | Lx: 0.0011 | Lu: 0.1056 | Lcs: 3.4902 | Pm: 0.0296 | Ax: 1.0000000000 | um: 0.2674 | Au: 0.6756 | Aum: 0.9478
21-10-20 18:14:57 | Lx: 0.0011 | Lu: 0.1058 | Lcs: 3.4895 | Pm: 0.0296 | Ax: 1.0000000000 | um: 0.2675 | Au: 0.6766 | Aum: 0.9485
21-10-20 18:15:30 | Lx: 0.0011 | Lu: 0.1057 | Lcs: 3.4885 | Pm: 0.0297 | Ax: 1.0000000000 | um: 0.2678 | Au: 0.6779 | Aum: 0.9492
21-10-20 18:16:02 | Lx: 0.0011 | Lu: 0.1059 | Lcs: 3.4882 | Pm: 0.0297 | Ax: 1.0000000000 | um: 0.2682 | Au: 0.6788 | Aum: 0.9495
21-10-20 18:16:35 | Lx: 0.0011 | Lu: 0.1061 | Lcs: 3.4879 | Pm: 0.0298 | Ax: 1.0000000000 | um: 0.2687 | Au: 0.6802 | Aum: 0.9506
21-10-20 18:16:37 | A1: 6128.0000 | A5: 9425.0000 | Ae1: 6744.0000 | Ae5: 9381.0000
21-10-20 18:16:37 | Epoch 7. Acc: 39.0318. Ema-Acc: 42.9554. best_acc: 39.0318 in epoch7
21-10-20 18:17:12 | Lx: 0.0009 | Lu: 0.1110 | Lcs: 3.4898 | Pm: 0.0312 | Ax: 1.00000000 | um: 0.2818 | Au: 0.6964 | Aum: 0.9603
21-10-20 18:17:44 | Lx: 0.0010 | Lu: 0.1103 | Lcs: 3.4847 | Pm: 0.0310 | Ax: 1.0000000000 | um: 0.2788 | Au: 0.6955 | Aum: 0.9571
21-10-20 18:18:17 | Lx: 0.0010 | Lu: 0.1097 | Lcs: 3.4805 | Pm: 0.0306 | Ax: 1.0000000000 | um: 0.2763 | Au: 0.6971 | Aum: 0.9575
21-10-20 18:18:50 | Lx: 0.0010 | Lu: 0.1100 | Lcs: 3.4831 | Pm: 0.0308 | Ax: 1.0000000000 | um: 0.2783 | Au: 0.6998 | Aum: 0.9573
21-10-20 18:19:23 | Lx: 0.0010 | Lu: 0.1101 | Lcs: 3.4825 | Pm: 0.0308 | Ax: 1.0000000000 | um: 0.2788 | Au: 0.6997 | Aum: 0.9573
21-10-20 18:19:55 | Lx: 0.0010 | Lu: 0.1103 | Lcs: 3.4814 | Pm: 0.0307 | Ax: 1.0000000000 | um: 0.2784 | Au: 0.7009 | Aum: 0.9578
21-10-20 18:20:28 | Lx: 0.0010 | Lu: 0.1106 | Lcs: 3.4809 | Pm: 0.0308 | Ax: 1.0000000000 | um: 0.2788 | Au: 0.7017 | Aum: 0.9577
21-10-20 18:21:01 | Lx: 0.0010 | Lu: 0.1105 | Lcs: 3.4806 | Pm: 0.0308 | Ax: 1.0000000000 | um: 0.2787 | Au: 0.7031 | Aum: 0.9584
21-10-20 18:21:33 | Lx: 0.0010 | Lu: 0.1106 | Lcs: 3.4802 | Pm: 0.0309 | Ax: 1.0000000000 | um: 0.2792 | Au: 0.7039 | Aum: 0.9589
21-10-20 18:22:06 | Lx: 0.0010 | Lu: 0.1104 | Lcs: 3.4810 | Pm: 0.0308 | Ax: 1.0000000000 | um: 0.2785 | Au: 0.7039 | Aum: 0.9585
21-10-20 18:22:39 | Lx: 0.0010 | Lu: 0.1098 | Lcs: 3.4797 | Pm: 0.0307 | Ax: 1.0000000000 | um: 0.2772 | Au: 0.7047 | Aum: 0.9592
21-10-20 18:23:12 | Lx: 0.0010 | Lu: 0.1094 | Lcs: 3.4785 | Pm: 0.0307 | Ax: 1.0000000000 | um: 0.2770 | Au: 0.7053 | Aum: 0.9596
21-10-20 18:23:44 | Lx: 0.0010 | Lu: 0.1096 | Lcs: 3.4791 | Pm: 0.0308 | Ax: 1.0000000000 | um: 0.2779 | Au: 0.7059 | Aum: 0.9598
21-10-20 18:24:17 | Lx: 0.000999 | Lu: 0.1098 | Lcs: 3.4787 | Pm: 0.0309 | Ax: 1.0000000000 | um: 0.2787 | Au: 0.7065 | Aum: 0.9599
21-10-20 18:24:49 | Lx: 0.000996 | Lu: 0.1097 | Lcs: 3.4778 | Pm: 0.0309 | Ax: 1.0000000000 | um: 0.2784 | Au: 0.7075 | Aum: 0.9601
21-10-20 18:25:22 | Lx: 0.0010 | Lu: 0.1099 | Lcs: 3.4775 | Pm: 0.0309 | Ax: 1.0000000000 | um: 0.2789 | Au: 0.7082 | Aum: 0.9600
21-10-20 18:25:24 | A1: 6681.0000 | A5: 9395.0000 | Ae1: 7041.0000 | Ae5: 9488.0000
21-10-20 18:25:24 | Epoch 8. Acc: 42.5541. Ema-Acc: 44.8471. best_acc: 42.5541 in epoch8
21-10-20 18:25:58 | Lx: 0.0010 | Lu: 0.1086 | Lcs: 3.4676 | Pm: 0.0311 | Ax: 1.00000000 | um: 0.2787 | Au: 0.7224 | Aum: 0.9630
21-10-20 18:26:31 | Lx: 0.0010 | Lu: 0.1108 | Lcs: 3.4737 | Pm: 0.0316 | Ax: 1.0000000000 | um: 0.2841 | Au: 0.7252 | Aum: 0.9625
21-10-20 18:27:04 | Lx: 0.0010 | Lu: 0.1106 | Lcs: 3.4727 | Pm: 0.0317 | Ax: 1.0000000000 | um: 0.2851 | Au: 0.7259 | Aum: 0.9626
21-10-20 18:27:36 | Lx: 0.0010 | Lu: 0.1110 | Lcs: 3.4731 | Pm: 0.0316 | Ax: 1.0000000000 | um: 0.2859 | Au: 0.7247 | Aum: 0.9628
21-10-20 18:28:09 | Lx: 0.0010 | Lu: 0.1116 | Lcs: 3.4742 | Pm: 0.0317 | Ax: 1.0000000000 | um: 0.2876 | Au: 0.7264 | Aum: 0.9628
21-10-20 18:28:42 | Lx: 0.0010 | Lu: 0.1119 | Lcs: 3.4761 | Pm: 0.0317 | Ax: 1.0000000000 | um: 0.2880 | Au: 0.7264 | Aum: 0.9629
21-10-20 18:29:14 | Lx: 0.0010 | Lu: 0.1125 | Lcs: 3.4757 | Pm: 0.0319 | Ax: 1.0000000000 | um: 0.2893 | Au: 0.7271 | Aum: 0.9635
21-10-20 18:29:47 | Lx: 0.0009 | Lu: 0.1129 | Lcs: 3.4757 | Pm: 0.0319 | Ax: 1.0000000000 | um: 0.2902 | Au: 0.7274 | Aum: 0.9635
21-10-20 18:30:20 | Lx: 0.0010 | Lu: 0.1128 | Lcs: 3.4744 | Pm: 0.0320 | Ax: 1.0000000000 | um: 0.2900 | Au: 0.7281 | Aum: 0.9638
21-10-20 18:30:53 | Lx: 0.0009 | Lu: 0.1126 | Lcs: 3.4743 | Pm: 0.0319 | Ax: 1.0000000000 | um: 0.2891 | Au: 0.7289 | Aum: 0.9638
21-10-20 18:31:26 | Lx: 0.0010 | Lu: 0.1129 | Lcs: 3.4783 | Pm: 0.0320 | Ax: 1.0000000000 | um: 0.2894 | Au: 0.7292 | Aum: 0.9640
21-10-20 18:31:58 | Lx: 0.0010 | Lu: 0.1131 | Lcs: 3.4791 | Pm: 0.0320 | Ax: 1.0000000000 | um: 0.2895 | Au: 0.7295 | Aum: 0.9642
21-10-20 18:32:31 | Lx: 0.0010 | Lu: 0.1132 | Lcs: 3.4793 | Pm: 0.0320 | Ax: 1.0000000000 | um: 0.2893 | Au: 0.7295 | Aum: 0.9642
21-10-20 18:33:04 | Lx: 0.0010 | Lu: 0.1132 | Lcs: 3.4785 | Pm: 0.0320 | Ax: 1.0000000000 | um: 0.2893 | Au: 0.7300 | Aum: 0.9641
21-10-20 18:33:37 | Lx: 0.0010 | Lu: 0.1133 | Lcs: 3.4785 | Pm: 0.0320 | Ax: 1.0000000000 | um: 0.2895 | Au: 0.7307 | Aum: 0.9643
21-10-20 18:34:09 | Lx: 0.0010 | Lu: 0.1135 | Lcs: 3.4781 | Pm: 0.0321 | Ax: 1.0000000000 | um: 0.2900 | Au: 0.7310 | Aum: 0.9647
21-10-20 18:34:12 | A1: 6593.0000 | A5: 9534.0000 | Ae1: 7260.0000 | Ae5: 9564.0000
21-10-20 18:34:12 | Epoch 9. Acc: 41.9936. Ema-Acc: 46.2420. best_acc: 42.5541 in epoch8
21-10-20 18:34:45 | Lx: 0.0010 | Lu: 0.1107 | Lcs: 3.4788 | Pm: 0.0321 | Ax: 1.00000000 | um: 0.2865 | Au: 0.7426 | Aum: 0.9652
21-10-20 18:35:18 | Lx: 0.0009 | Lu: 0.1146 | Lcs: 3.4718 | Pm: 0.0321 | Ax: 1.0000000000 | um: 0.2908 | Au: 0.7372 | Aum: 0.9654
21-10-20 18:35:51 | Lx: 0.0010 | Lu: 0.1148 | Lcs: 3.4724 | Pm: 0.0325 | Ax: 1.0000000000 | um: 0.2937 | Au: 0.7383 | Aum: 0.9668
21-10-20 18:36:24 | Lx: 0.0010 | Lu: 0.1151 | Lcs: 3.4697 | Pm: 0.0324 | Ax: 1.0000000000 | um: 0.2942 | Au: 0.7380 | Aum: 0.9663
21-10-20 18:36:56 | Lx: 0.0010 | Lu: 0.1159 | Lcs: 3.4717 | Pm: 0.0326 | Ax: 1.0000000000 | um: 0.2953 | Au: 0.7395 | Aum: 0.9659
21-10-20 18:37:29 | Lx: 0.0010 | Lu: 0.1163 | Lcs: 3.4712 | Pm: 0.0327 | Ax: 1.0000000000 | um: 0.2966 | Au: 0.7396 | Aum: 0.9654
21-10-20 18:38:02 | Lx: 0.0010 | Lu: 0.1160 | Lcs: 3.4690 | Pm: 0.0326 | Ax: 1.0000000000 | um: 0.2958 | Au: 0.7402 | Aum: 0.9660
21-10-20 18:38:34 | Lx: 0.0010 | Lu: 0.1155 | Lcs: 3.4683 | Pm: 0.0325 | Ax: 1.0000000000 | um: 0.2946 | Au: 0.7411 | Aum: 0.9662
21-10-20 18:39:07 | Lx: 0.0009 | Lu: 0.1150 | Lcs: 3.4665 | Pm: 0.0325 | Ax: 1.0000000000 | um: 0.2934 | Au: 0.7409 | Aum: 0.9665
21-10-20 18:39:40 | Lx: 0.0009 | Lu: 0.1150 | Lcs: 3.4659 | Pm: 0.0325 | Ax: 1.0000000000 | um: 0.2933 | Au: 0.7416 | Aum: 0.9665
21-10-20 18:40:12 | Lx: 0.0009 | Lu: 0.1152 | Lcs: 3.4664 | Pm: 0.0325 | Ax: 1.0000000000 | um: 0.2939 | Au: 0.7421 | Aum: 0.9667
21-10-20 18:40:45 | Lx: 0.0009 | Lu: 0.1149 | Lcs: 3.4652 | Pm: 0.0325 | Ax: 1.0000000000 | um: 0.2933 | Au: 0.7426 | Aum: 0.9670
21-10-20 18:41:18 | Lx: 0.0009 | Lu: 0.1152 | Lcs: 3.4652 | Pm: 0.0325 | Ax: 1.0000000000 | um: 0.2939 | Au: 0.7431 | Aum: 0.9671
21-10-20 18:41:51 | Lx: 0.0009 | Lu: 0.1151 | Lcs: 3.4638 | Pm: 0.0325 | Ax: 1.0000000000 | um: 0.2936 | Au: 0.7434 | Aum: 0.9671
21-10-20 18:42:23 | Lx: 0.0009 | Lu: 0.1150 | Lcs: 3.4626 | Pm: 0.0325 | Ax: 1.0000000000 | um: 0.2932 | Au: 0.7438 | Aum: 0.9673
21-10-20 18:42:56 | Lx: 0.0009 | Lu: 0.1153 | Lcs: 3.4631 | Pm: 0.0326 | Ax: 1.0000000000 | um: 0.2938 | Au: 0.7444 | Aum: 0.9675
21-10-20 18:42:58 | A1: 7181.0000 | A5: 9609.0000 | Ae1: 7437.0000 | Ae5: 9632.0000
21-10-20 18:42:58 | Epoch 10. Acc: 45.7389. Ema-Acc: 47.3694. best_acc: 45.7389 in epoch10
21-10-20 18:43:32 | Lx: 0.0009 | Lu: 0.1134 | Lcs: 3.4586 | Pm: 0.0324 | Ax: 1.00000000 | um: 0.2892 | Au: 0.7515 | Aum: 0.9692
21-10-20 18:44:05 | Lx: 0.0008 | Lu: 0.1132 | Lcs: 3.4602 | Pm: 0.0325 | Ax: 1.0000000000 | um: 0.2910 | Au: 0.7487 | Aum: 0.9695
21-10-20 18:44:38 | Lx: 0.0008 | Lu: 0.1125 | Lcs: 3.4547 | Pm: 0.0323 | Ax: 1.0000000000 | um: 0.2887 | Au: 0.7505 | Aum: 0.9705
21-10-20 18:45:10 | Lx: 0.0008 | Lu: 0.1134 | Lcs: 3.4550 | Pm: 0.0323 | Ax: 1.0000000000 | um: 0.2893 | Au: 0.7495 | Aum: 0.9700
